#
# There is insufficient memory for the Java Runtime Environment to continue.
# Native memory allocation (malloc) failed to allocate 787056 bytes for Chunk::new
# Possible reasons:
#   The system is out of physical RAM or swap space
#   The process is running with CompressedOops enabled, and the Java Heap may be blocking the growth of the native heap
# Possible solutions:
#   Reduce memory load on the system
#   Increase physical memory or swap space
#   Check if swap backing store is full
#   Decrease Java heap size (-Xmx/-Xms)
#   Decrease number of Java threads
#   Decrease Java thread stack sizes (-Xss)
#   Set larger code cache with -XX:ReservedCodeCacheSize=
#   JVM is running with Unscaled Compressed Oops mode in which the Java heap is
#     placed in the first 4GB address space. The Java Heap base address is the
#     maximum limit for the native heap growth. Please use -XX:HeapBaseMinAddress
#     to set the Java Heap base and to place the Java Heap above 4GB virtual address.
# This output file may be truncated or incomplete.
#
#  Out of Memory Error (allocation.cpp:389), pid=10156, tid=0x0000000000001b28
#
# JRE version: Java(TM) SE Runtime Environment (8.0_251-b08) (build 1.8.0_251-b08)
# Java VM: Java HotSpot(TM) 64-Bit Server VM (25.251-b08 mixed mode windows-amd64 compressed oops)
# Failed to write core dump. Minidumps are not enabled by default on client versions of Windows
#

---------------  T H R E A D  ---------------

Current thread (0x00000000138cf800):  JavaThread "C2 CompilerThread0" daemon [_thread_in_native, id=6952, stack(0x0000000014f30000,0x0000000015030000)]

Stack: [0x0000000014f30000,0x0000000015030000]
[error occurred during error reporting (printing stack bounds), id 0xc0000005]

Native frames: (J=compiled Java code, j=interpreted, Vv=VM code, C=native code)


Current CompileTask:
C2:2856379 10013       4       com.sun.tools.javac.jvm.ClassReader::includeClassFile (294 bytes)


---------------  P R O C E S S  ---------------

Java Threads: ( => current thread )
  0x000000001bd0e800 JavaThread "Cache worker for Java compile cache (D:\codegym\C0921G1-LeMinhTai-module-4\ss5_thao_tac_voi_CSDL_va_ORM\bai_tap\ung_dung_nghe_nhac\.gradle\6.1\javaCompile)" [_thread_blocked, id=8676, stack(0x0000000020910000,0x0000000020a10000)]
  0x000000001bd0e000 JavaThread "Build operations Thread 4" [_thread_blocked, id=8552, stack(0x0000000020810000,0x0000000020910000)]
  0x000000001bd11000 JavaThread "Build operations Thread 3" [_thread_blocked, id=10256, stack(0x0000000020710000,0x0000000020810000)]
  0x000000001bd12800 JavaThread "Build operations Thread 2" [_thread_blocked, id=1112, stack(0x0000000020610000,0x0000000020710000)]
  0x000000001bd0d000 JavaThread "Build operations" [_thread_blocked, id=872, stack(0x000000001fd10000,0x000000001fe10000)]
  0x000000001bd10000 JavaThread "Cache worker for execution history cache (D:\codegym\C0921G1-LeMinhTai-module-4\ss5_thao_tac_voi_CSDL_va_ORM\bai_tap\ung_dung_nghe_nhac\.gradle\6.1\executionHistory)" [_thread_blocked, id=6888, stack(0x000000001fb10000,0x000000001fc10000)]
  0x000000001bd0f800 JavaThread "Execution worker for ':' Thread 3" [_thread_blocked, id=1372, stack(0x000000001f810000,0x000000001f910000)]
  0x000000001bd13800 JavaThread "Execution worker for ':' Thread 2" [_thread_blocked, id=2668, stack(0x000000001c9f0000,0x000000001caf0000)]
  0x000000001bd05800 JavaThread "Execution worker for ':'" [_thread_blocked, id=8668, stack(0x000000001b020000,0x000000001b120000)]
  0x000000001bd0c800 JavaThread "Cache worker for file content cache (D:\codegym\C0921G1-LeMinhTai-module-4\ss5_thao_tac_voi_CSDL_va_ORM\bai_tap\ung_dung_nghe_nhac\.gradle\6.1\fileContent)" [_thread_blocked, id=6896, stack(0x000000001ad20000,0x000000001ae20000)]
  0x000000001bd0b800 JavaThread "Cache worker for Build Output Cleanup Cache (D:\codegym\C0921G1-LeMinhTai-module-4\ss5_thao_tac_voi_CSDL_va_ORM\bai_tap\ung_dung_nghe_nhac\.gradle\buildOutputCleanup)" [_thread_blocked, id=8580, stack(0x000000001aa20000,0x000000001ab20000)]
  0x000000001bd0b000 JavaThread "Cache worker for cache directory md-rule (C:\Users\Admin\.gradle\caches\6.1\md-rule)" [_thread_blocked, id=5876, stack(0x000000001a920000,0x000000001aa20000)]
  0x000000001bd08800 JavaThread "Cache worker for cache directory md-supplier (C:\Users\Admin\.gradle\caches\6.1\md-supplier)" [_thread_blocked, id=9648, stack(0x0000000019150000,0x0000000019250000)]
  0x000000001bd08000 JavaThread "Cache worker for file hash cache (D:\codegym\C0921G1-LeMinhTai-module-4\ss5_thao_tac_voi_CSDL_va_ORM\bai_tap\ung_dung_nghe_nhac\.gradle\6.1\fileHashes)" [_thread_blocked, id=9000, stack(0x0000000019050000,0x0000000019150000)]
  0x000000001bd04000 JavaThread "Cache worker for checksums cache (D:\codegym\C0921G1-LeMinhTai-module-4\ss5_thao_tac_voi_CSDL_va_ORM\bai_tap\ung_dung_nghe_nhac\.gradle\checksums)" [_thread_blocked, id=6500, stack(0x0000000018f50000,0x0000000019050000)]
  0x000000001bd0a000 JavaThread "Thread-319" [_thread_blocked, id=1216, stack(0x0000000018e50000,0x0000000018f50000)]
  0x000000001bd05000 JavaThread "Stdin handler" [_thread_blocked, id=6636, stack(0x0000000018d50000,0x0000000018e50000)]
  0x000000001bd09800 JavaThread "Asynchronous log dispatcher for DefaultDaemonConnection: socket connection from /127.0.0.1:60757 to /127.0.0.1:61835" [_thread_blocked, id=5528, stack(0x0000000018a50000,0x0000000018b50000)]
  0x0000000016a36800 JavaThread "Daemon worker Thread 8" [_thread_in_Java, id=1740, stack(0x0000000018950000,0x0000000018a50000)]
  0x0000000016a35000 JavaThread "Cancel handler" [_thread_blocked, id=10436, stack(0x0000000002110000,0x0000000002210000)]
  0x0000000016a3a000 JavaThread "Handler for socket connection from /127.0.0.1:60757 to /127.0.0.1:61835" [_thread_in_native, id=1084, stack(0x00000000007a0000,0x00000000008a0000)]
  0x0000000016a39800 JavaThread "Daemon Thread 8" [_thread_blocked, id=844, stack(0x00000000006a0000,0x00000000007a0000)]
  0x0000000016a34000 JavaThread "Cache worker for Java compile cache (C:\Users\Admin\.gradle\caches\6.1\javaCompile)" [_thread_blocked, id=6380, stack(0x000000001fc10000,0x000000001fd10000)]
  0x000000001bd07000 JavaThread "Cache worker for file content cache (C:\Users\Admin\.gradle\caches\6.1\fileContent)" [_thread_blocked, id=6200, stack(0x000000001f310000,0x000000001f410000)]
  0x000000001bd06800 JavaThread "Memory manager" [_thread_blocked, id=636, stack(0x000000001df60000,0x000000001e060000)]
  0x0000000016a37000 JavaThread "Cache worker for execution history cache (C:\Users\Admin\.gradle\caches\6.1\executionHistory)" [_thread_blocked, id=9872, stack(0x000000001b120000,0x000000001b220000)]
  0x0000000016a38000 JavaThread "Cache worker for file hash cache (C:\Users\Admin\.gradle\caches\6.1\fileHashes)" [_thread_blocked, id=3200, stack(0x0000000019650000,0x0000000019750000)]
  0x0000000016a38800 JavaThread "File lock request listener" [_thread_in_native, id=992, stack(0x0000000019550000,0x0000000019650000)]
  0x0000000016a3b000 JavaThread "Cache worker for journal cache (C:\Users\Admin\.gradle\caches\journal-1)" [_thread_blocked, id=8408, stack(0x0000000019450000,0x0000000019550000)]
  0x00000000168b9800 JavaThread "Daemon periodic checks" [_thread_blocked, id=424, stack(0x0000000018850000,0x0000000018950000)]
  0x0000000017268000 JavaThread "Incoming local TCP Connector on port 60757" [_thread_in_native, id=11076, stack(0x0000000018610000,0x0000000018710000)]
  0x00000000155df000 JavaThread "Daemon health stats" [_thread_blocked, id=7536, stack(0x0000000017fd0000,0x00000000180d0000)]
  0x0000000015260800 JavaThread "Service Thread" daemon [_thread_blocked, id=9084, stack(0x0000000015630000,0x0000000015730000)]
  0x00000000138e4000 JavaThread "C1 CompilerThread2" daemon [_thread_in_vm, id=1260, stack(0x0000000015130000,0x0000000015230000)]
  0x00000000138d5800 JavaThread "C2 CompilerThread1" daemon [_thread_blocked, id=2844, stack(0x0000000015030000,0x0000000015130000)]
=>0x00000000138cf800 JavaThread "C2 CompilerThread0" daemon [_thread_in_native, id=6952, stack(0x0000000014f30000,0x0000000015030000)]
  0x00000000138cc800 JavaThread "Attach Listener" daemon [_thread_blocked, id=7908, stack(0x0000000014e30000,0x0000000014f30000)]
  0x00000000138c9800 JavaThread "Signal Dispatcher" daemon [_thread_blocked, id=9128, stack(0x0000000014d30000,0x0000000014e30000)]
  0x00000000024aa800 JavaThread "Finalizer" daemon [_thread_blocked, id=2608, stack(0x0000000014b30000,0x0000000014c30000)]
  0x00000000138ba000 JavaThread "Reference Handler" daemon [_thread_blocked, id=2888, stack(0x0000000014a30000,0x0000000014b30000)]
  0x000000000094d800 JavaThread "main" [_thread_blocked, id=9744, stack(0x00000000022b0000,0x00000000023b0000)]

Other Threads:
  0x0000000013898000 VMThread [stack: 0x0000000014930000,0x0000000014a30000] [id=2836]
  0x0000000015279000 WatcherThread [stack: 0x0000000015730000,0x0000000015830000] [id=5952]

VM state:not at safepoint (normal execution)

VM Mutex/Monitor currently owned by a thread: None

heap address: 0x00000000e0000000, size: 512 MB, Compressed Oops mode: 32-bit
Narrow klass base: 0x0000000000000000, Narrow klass shift: 3
Compressed class space size: 1073741824 Address: 0x0000000100000000

Heap:
 PSYoungGen      total 138752K, used 81309K [0x00000000f5580000, 0x00000000ff700000, 0x0000000100000000)
  eden space 120320K, 59% used [0x00000000f5580000,0x00000000f9ad3d28,0x00000000fcb00000)
  from space 18432K, 55% used [0x00000000fe500000,0x00000000fef13a00,0x00000000ff700000)
  to   space 22528K, 0% used [0x00000000fcb00000,0x00000000fcb00000,0x00000000fe100000)
 ParOldGen       total 175104K, used 54296K [0x00000000e0000000, 0x00000000eab00000, 0x00000000f5580000)
  object space 175104K, 31% used [0x00000000e0000000,0x00000000e3506270,0x00000000eab00000)
 Metaspace       used 52300K, capacity 55728K, committed 55936K, reserved 1097728K
  class space    used 7154K, capacity 7753K, committed 7808K, reserved 1048576K

Card table byte_map: [0x0000000011870000,0x0000000011980000] byte_map_base: 0x0000000011170000

Marking Bits: (ParMarkBitMap*) 0x000000006c54af90
 Begin Bits: [0x0000000011e30000, 0x0000000012630000)
 End Bits:   [0x0000000012630000, 0x0000000012e30000)

Polling page: 0x0000000000590000

CodeCache: size=245760Kb used=29029Kb max_used=29030Kb free=216730Kb
 bounds [0x00000000024b0000, 0x0000000004130000, 0x00000000114b0000]
 total_blobs=9643 nmethods=8890 adapters=664
 compilation: enabled

Compilation events (10 events):
Event: 2856.369 Thread 0x00000000138e4000 10083       3       com.sun.tools.javac.comp.Attr::checkInit (240 bytes)
Event: 2856.371 Thread 0x00000000138d5800 nmethod 10072 0x0000000004121210 code [0x0000000004121380, 0x00000000041216a8]
Event: 2856.373 Thread 0x00000000138e4000 nmethod 10083 0x00000000041219d0 code [0x0000000004121d80, 0x00000000041240d8]
Event: 2856.373 Thread 0x00000000138e4000 10085       3       com.sun.tools.javac.comp.Check$ClashFilter::shouldSkip (33 bytes)
Event: 2856.374 Thread 0x00000000138e4000 nmethod 10085 0x0000000004120cd0 code [0x0000000004120e40, 0x0000000004121128]
Event: 2856.374 Thread 0x00000000138e4000 10086       3       com.sun.tools.javac.comp.Check$ClashFilter::accepts (64 bytes)
Event: 2856.375 Thread 0x00000000138e4000 nmethod 10086 0x0000000004120250 code [0x0000000004120400, 0x0000000004120af8]
Event: 2856.375 Thread 0x00000000138e4000 10087       3       com.sun.tools.javac.code.Type::equals (6 bytes)
Event: 2856.375 Thread 0x00000000138e4000 nmethod 10087 0x000000000411fe10 code [0x000000000411ff80, 0x0000000004120190]
Event: 2856.377 Thread 0x00000000138e4000 10088       3       com.sun.tools.javac.comp.Flow$AssignAnalyzer::trackable (37 bytes)

GC Heap History (10 events):
Event: 39.940 GC heap before
{Heap before GC invocations=10 (full 2):
 PSYoungGen      total 122368K, used 110080K [0x00000000f5580000, 0x0000000100000000, 0x0000000100000000)
  eden space 110080K, 100% used [0x00000000f5580000,0x00000000fc100000,0x00000000fc100000)
  from space 12288K, 0% used [0x00000000fc100000,0x00000000fc100000,0x00000000fcd00000)
  to   space 12288K, 0% used [0x00000000ff400000,0x00000000ff400000,0x0000000100000000)
 ParOldGen       total 175104K, used 15411K [0x00000000e0000000, 0x00000000eab00000, 0x00000000f5580000)
  object space 175104K, 8% used [0x00000000e0000000,0x00000000e0f0cd48,0x00000000eab00000)
 Metaspace       used 40903K, capacity 42462K, committed 42752K, reserved 1085440K
  class space    used 5966K, capacity 6290K, committed 6400K, reserved 1048576K
Event: 39.997 GC heap after
Heap after GC invocations=10 (full 2):
 PSYoungGen      total 162304K, used 10146K [0x00000000f5580000, 0x0000000100000000, 0x0000000100000000)
  eden space 150016K, 0% used [0x00000000f5580000,0x00000000f5580000,0x00000000fe800000)
  from space 12288K, 82% used [0x00000000ff400000,0x00000000ffde8a58,0x0000000100000000)
  to   space 12288K, 0% used [0x00000000fe800000,0x00000000fe800000,0x00000000ff400000)
 ParOldGen       total 175104K, used 15411K [0x00000000e0000000, 0x00000000eab00000, 0x00000000f5580000)
  object space 175104K, 8% used [0x00000000e0000000,0x00000000e0f0cd48,0x00000000eab00000)
 Metaspace       used 40903K, capacity 42462K, committed 42752K, reserved 1085440K
  class space    used 5966K, capacity 6290K, committed 6400K, reserved 1048576K
}
Event: 1092.978 GC heap before
{Heap before GC invocations=11 (full 2):
 PSYoungGen      total 162304K, used 160156K [0x00000000f5580000, 0x0000000100000000, 0x0000000100000000)
  eden space 150016K, 99% used [0x00000000f5580000,0x00000000fe7fe7d8,0x00000000fe800000)
  from space 12288K, 82% used [0x00000000ff400000,0x00000000ffde8a58,0x0000000100000000)
  to   space 12288K, 0% used [0x00000000fe800000,0x00000000fe800000,0x00000000ff400000)
 ParOldGen       total 175104K, used 15411K [0x00000000e0000000, 0x00000000eab00000, 0x00000000f5580000)
  object space 175104K, 8% used [0x00000000e0000000,0x00000000e0f0cd48,0x00000000eab00000)
 Metaspace       used 47303K, capacity 49252K, committed 49408K, reserved 1091584K
  class space    used 6687K, capacity 7083K, committed 7168K, reserved 1048576K
Event: 1093.018 GC heap after
Heap after GC invocations=11 (full 2):
 PSYoungGen      total 162304K, used 12284K [0x00000000f5580000, 0x0000000100000000, 0x0000000100000000)
  eden space 150016K, 0% used [0x00000000f5580000,0x00000000f5580000,0x00000000fe800000)
  from space 12288K, 99% used [0x00000000fe800000,0x00000000ff3ff070,0x00000000ff400000)
  to   space 12288K, 0% used [0x00000000ff400000,0x00000000ff400000,0x0000000100000000)
 ParOldGen       total 175104K, used 23000K [0x00000000e0000000, 0x00000000eab00000, 0x00000000f5580000)
  object space 175104K, 13% used [0x00000000e0000000,0x00000000e1676260,0x00000000eab00000)
 Metaspace       used 47303K, capacity 49252K, committed 49408K, reserved 1091584K
  class space    used 6687K, capacity 7083K, committed 7168K, reserved 1048576K
}
Event: 1115.805 GC heap before
{Heap before GC invocations=12 (full 2):
 PSYoungGen      total 162304K, used 162300K [0x00000000f5580000, 0x0000000100000000, 0x0000000100000000)
  eden space 150016K, 100% used [0x00000000f5580000,0x00000000fe800000,0x00000000fe800000)
  from space 12288K, 99% used [0x00000000fe800000,0x00000000ff3ff070,0x00000000ff400000)
  to   space 12288K, 0% used [0x00000000ff400000,0x00000000ff400000,0x0000000100000000)
 ParOldGen       total 175104K, used 23000K [0x00000000e0000000, 0x00000000eab00000, 0x00000000f5580000)
  object space 175104K, 13% used [0x00000000e0000000,0x00000000e1676260,0x00000000eab00000)
 Metaspace       used 49624K, capacity 51770K, committed 51968K, reserved 1093632K
  class space    used 6911K, capacity 7350K, committed 7424K, reserved 1048576K
Event: 1115.885 GC heap after
Heap after GC invocations=12 (full 2):
 PSYoungGen      total 138752K, used 12276K [0x00000000f5580000, 0x0000000100000000, 0x0000000100000000)
  eden space 126464K, 0% used [0x00000000f5580000,0x00000000f5580000,0x00000000fd100000)
  from space 12288K, 99% used [0x00000000ff400000,0x00000000ffffd0e0,0x0000000100000000)
  to   space 24064K, 0% used [0x00000000fd100000,0x00000000fd100000,0x00000000fe880000)
 ParOldGen       total 175104K, used 42928K [0x00000000e0000000, 0x00000000eab00000, 0x00000000f5580000)
  object space 175104K, 24% used [0x00000000e0000000,0x00000000e29ec1d0,0x00000000eab00000)
 Metaspace       used 49624K, capacity 51770K, committed 51968K, reserved 1093632K
  class space    used 6911K, capacity 7350K, committed 7424K, reserved 1048576K
}
Event: 1961.341 GC heap before
{Heap before GC invocations=13 (full 2):
 PSYoungGen      total 138752K, used 138740K [0x00000000f5580000, 0x0000000100000000, 0x0000000100000000)
  eden space 126464K, 100% used [0x00000000f5580000,0x00000000fd100000,0x00000000fd100000)
  from space 12288K, 99% used [0x00000000ff400000,0x00000000ffffd0e0,0x0000000100000000)
  to   space 24064K, 0% used [0x00000000fd100000,0x00000000fd100000,0x00000000fe880000)
 ParOldGen       total 175104K, used 42928K [0x00000000e0000000, 0x00000000eab00000, 0x00000000f5580000)
  object space 175104K, 24% used [0x00000000e0000000,0x00000000e29ec1d0,0x00000000eab00000)
 Metaspace       used 50828K, capacity 52998K, committed 53248K, reserved 1095680K
  class space    used 6960K, capacity 7406K, committed 7424K, reserved 1048576K
Event: 1961.406 GC heap after
Heap after GC invocations=13 (full 2):
 PSYoungGen      total 133120K, used 9619K [0x00000000f5580000, 0x00000000ffc00000, 0x0000000100000000)
  eden space 123392K, 0% used [0x00000000f5580000,0x00000000f5580000,0x00000000fce00000)
  from space 9728K, 98% used [0x00000000fd100000,0x00000000fda64e50,0x00000000fda80000)
  to   space 23552K, 0% used [0x00000000fe500000,0x00000000fe500000,0x00000000ffc00000)
 ParOldGen       total 175104K, used 54288K [0x00000000e0000000, 0x00000000eab00000, 0x00000000f5580000)
  object space 175104K, 31% used [0x00000000e0000000,0x00000000e3504270,0x00000000eab00000)
 Metaspace       used 50828K, capacity 52998K, committed 53248K, reserved 1095680K
  class space    used 6960K, capacity 7406K, committed 7424K, reserved 1048576K
}
Event: 2855.040 GC heap before
{Heap before GC invocations=14 (full 2):
 PSYoungGen      total 133120K, used 133011K [0x00000000f5580000, 0x00000000ffc00000, 0x0000000100000000)
  eden space 123392K, 100% used [0x00000000f5580000,0x00000000fce00000,0x00000000fce00000)
  from space 9728K, 98% used [0x00000000fd100000,0x00000000fda64e50,0x00000000fda80000)
  to   space 23552K, 0% used [0x00000000fe500000,0x00000000fe500000,0x00000000ffc00000)
 ParOldGen       total 175104K, used 54288K [0x00000000e0000000, 0x00000000eab00000, 0x00000000f5580000)
  object space 175104K, 31% used [0x00000000e0000000,0x00000000e3504270,0x00000000eab00000)
 Metaspace       used 52053K, capacity 55318K, committed 55424K, reserved 1097728K
  class space    used 7128K, capacity 7706K, committed 7808K, reserved 1048576K
Event: 2855.073 GC heap after
Heap after GC invocations=14 (full 2):
 PSYoungGen      total 138752K, used 10318K [0x00000000f5580000, 0x00000000ff700000, 0x0000000100000000)
  eden space 120320K, 0% used [0x00000000f5580000,0x00000000f5580000,0x00000000fcb00000)
  from space 18432K, 55% used [0x00000000fe500000,0x00000000fef13a00,0x00000000ff700000)
  to   space 22528K, 0% used [0x00000000fcb00000,0x00000000fcb00000,0x00000000fe100000)
 ParOldGen       total 175104K, used 54296K [0x00000000e0000000, 0x00000000eab00000, 0x00000000f5580000)
  object space 175104K, 31% used [0x00000000e0000000,0x00000000e3506270,0x00000000eab00000)
 Metaspace       used 52053K, capacity 55318K, committed 55424K, reserved 1097728K
  class space    used 7128K, capacity 7706K, committed 7808K, reserved 1048576K
}

Deoptimization events (10 events):
Event: 2855.886 Thread 0x0000000016a36800 Uncommon trap: reason=array_check action=maybe_recompile pc=0x00000000036fe590 method=java.util.ComparableTimSort.mergeHi(IIII)V @ 654
Event: 2855.888 Thread 0x0000000016a36800 Uncommon trap: reason=array_check action=maybe_recompile pc=0x00000000036fe590 method=java.util.ComparableTimSort.mergeHi(IIII)V @ 654
Event: 2855.894 Thread 0x0000000016a36800 Uncommon trap: reason=array_check action=maybe_recompile pc=0x0000000003e04278 method=java.util.ComparableTimSort.mergeLo(IIII)V @ 587
Event: 2855.923 Thread 0x0000000016a36800 Uncommon trap: reason=array_check action=maybe_recompile pc=0x0000000003df5440 method=java.util.ComparableTimSort.mergeLo(IIII)V @ 371
Event: 2855.925 Thread 0x0000000016a36800 Uncommon trap: reason=array_check action=maybe_recompile pc=0x0000000003e04278 method=java.util.ComparableTimSort.mergeLo(IIII)V @ 587
Event: 2855.966 Thread 0x0000000016a36800 Uncommon trap: reason=array_check action=maybe_recompile pc=0x0000000003e06978 method=java.util.ComparableTimSort.mergeHi(IIII)V @ 654
Event: 2855.988 Thread 0x0000000016a36800 Uncommon trap: reason=array_check action=maybe_recompile pc=0x00000000037385c4 method=java.util.ComparableTimSort.mergeHi(IIII)V @ 171
Event: 2855.988 Thread 0x0000000016a36800 Uncommon trap: reason=array_check action=maybe_recompile pc=0x00000000037385c4 method=java.util.ComparableTimSort.mergeHi(IIII)V @ 171
Event: 2856.006 Thread 0x0000000016a36800 Uncommon trap: reason=array_check action=maybe_recompile pc=0x00000000040d2708 method=java.util.ComparableTimSort.mergeLo(IIII)V @ 465
Event: 2856.012 Thread 0x0000000016a36800 Uncommon trap: reason=array_check action=maybe_recompile pc=0x00000000040d2708 method=java.util.ComparableTimSort.mergeLo(IIII)V @ 465

Classes redefined (0 events):
No events

Internal exceptions (10 events):
Event: 2154.564 Thread 0x0000000016a35000 Exception <a 'java/io/FileNotFoundException'> (0x00000000f96e6b28) thrown at [C:\jenkins\workspace\8-2-build-windows-amd64-cygwin\jdk8u251\737\hotspot\src\share\vm\prims\jni.cpp, line 710]
Event: 2154.565 Thread 0x0000000016a35000 Exception <a 'java/io/FileNotFoundException'> (0x00000000f96e8c00) thrown at [C:\jenkins\workspace\8-2-build-windows-amd64-cygwin\jdk8u251\737\hotspot\src\share\vm\prims\jni.cpp, line 710]
Event: 2855.830 Thread 0x0000000016a36800 Exception <a 'java/io/FileNotFoundException'> (0x00000000f886eda8) thrown at [C:\jenkins\workspace\8-2-build-windows-amd64-cygwin\jdk8u251\737\hotspot\src\share\vm\prims\jni.cpp, line 710]
Event: 2855.837 Thread 0x0000000016a36800 Exception <a 'java/io/FileNotFoundException'> (0x00000000f88a1398) thrown at [C:\jenkins\workspace\8-2-build-windows-amd64-cygwin\jdk8u251\737\hotspot\src\share\vm\prims\jni.cpp, line 710]
Event: 2856.000 Thread 0x0000000016a36800 Exception <a 'java/io/FileNotFoundException'> (0x00000000f911e208) thrown at [C:\jenkins\workspace\8-2-build-windows-amd64-cygwin\jdk8u251\737\hotspot\src\share\vm\prims\jni.cpp, line 710]
Event: 2856.002 Thread 0x0000000016a36800 Exception <a 'java/io/FileNotFoundException'> (0x00000000f9120230) thrown at [C:\jenkins\workspace\8-2-build-windows-amd64-cygwin\jdk8u251\737\hotspot\src\share\vm\prims\jni.cpp, line 710]
Event: 2856.003 Thread 0x0000000016a36800 Exception <a 'java/io/FileNotFoundException'> (0x00000000f91222c8) thrown at [C:\jenkins\workspace\8-2-build-windows-amd64-cygwin\jdk8u251\737\hotspot\src\share\vm\prims\jni.cpp, line 710]
Event: 2856.004 Thread 0x0000000016a36800 Exception <a 'java/io/FileNotFoundException'> (0x00000000f91243a8) thrown at [C:\jenkins\workspace\8-2-build-windows-amd64-cygwin\jdk8u251\737\hotspot\src\share\vm\prims\jni.cpp, line 710]
Event: 2856.004 Thread 0x0000000016a36800 Exception <a 'java/io/FileNotFoundException'> (0x00000000f91263e8) thrown at [C:\jenkins\workspace\8-2-build-windows-amd64-cygwin\jdk8u251\737\hotspot\src\share\vm\prims\jni.cpp, line 710]
Event: 2856.004 Thread 0x0000000016a36800 Exception <a 'java/io/FileNotFoundException'> (0x00000000f91284c0) thrown at [C:\jenkins\workspace\8-2-build-windows-amd64-cygwin\jdk8u251\737\hotspot\src\share\vm\prims\jni.cpp, line 710]

Events (10 events):
Event: 2855.988 Thread 0x0000000016a36800 DEOPT UNPACKING pc=0x00000000024f583b sp=0x0000000018a478f8 mode 2
Event: 2855.988 Thread 0x0000000016a36800 Uncommon trap: trap_request=0xffffffd6 fr.pc=0x00000000037385c4
Event: 2855.988 Thread 0x0000000016a36800 DEOPT PACKING pc=0x00000000037385c4 sp=0x0000000018a47910
Event: 2855.988 Thread 0x0000000016a36800 DEOPT UNPACKING pc=0x00000000024f583b sp=0x0000000018a478f8 mode 2
Event: 2856.006 Thread 0x0000000016a36800 Uncommon trap: trap_request=0xffffffd6 fr.pc=0x00000000040d2708
Event: 2856.006 Thread 0x0000000016a36800 DEOPT PACKING pc=0x00000000040d2708 sp=0x0000000018a477d0
Event: 2856.006 Thread 0x0000000016a36800 DEOPT UNPACKING pc=0x00000000024f583b sp=0x0000000018a477c0 mode 2
Event: 2856.012 Thread 0x0000000016a36800 Uncommon trap: trap_request=0xffffffd6 fr.pc=0x00000000040d2708
Event: 2856.012 Thread 0x0000000016a36800 DEOPT PACKING pc=0x00000000040d2708 sp=0x0000000018a477d0
Event: 2856.012 Thread 0x0000000016a36800 DEOPT UNPACKING pc=0x00000000024f583b sp=0x0000000018a477c0 mode 2


Dynamic libraries:
0x00007ff654b60000 - 0x00007ff654b97000 	C:\Program Files\Java\jdk1.8.0_251\bin\java.exe
0x00007ff97dd30000 - 0x00007ff97df25000 	C:\Windows\SYSTEM32\ntdll.dll
0x00007ff97c6f0000 - 0x00007ff97c7ae000 	C:\Windows\System32\KERNEL32.DLL
0x00007ff97b730000 - 0x00007ff97b9f8000 	C:\Windows\System32\KERNELBASE.dll
0x00007ff97d2e0000 - 0x00007ff97d38e000 	C:\Windows\System32\ADVAPI32.dll
0x00007ff97dc50000 - 0x00007ff97dcee000 	C:\Windows\System32\msvcrt.dll
0x00007ff97c7b0000 - 0x00007ff97c84c000 	C:\Windows\System32\sechost.dll
0x00007ff97ce30000 - 0x00007ff97cf55000 	C:\Windows\System32\RPCRT4.dll
0x00007ff97cf60000 - 0x00007ff97d101000 	C:\Windows\System32\USER32.dll
0x00007ff97bb30000 - 0x00007ff97bb52000 	C:\Windows\System32\win32u.dll
0x00007ff97d1f0000 - 0x00007ff97d21b000 	C:\Windows\System32\GDI32.dll
0x00007ff97b440000 - 0x00007ff97b54d000 	C:\Windows\System32\gdi32full.dll
0x00007ff97b550000 - 0x00007ff97b5ed000 	C:\Windows\System32\msvcp_win.dll
0x00007ff97ba00000 - 0x00007ff97bb00000 	C:\Windows\System32\ucrtbase.dll
0x00007ff9698b0000 - 0x00007ff969b4a000 	C:\Windows\WinSxS\amd64_microsoft.windows.common-controls_6595b64144ccf1df_6.0.19041.1110_none_60b5254171f9507e\COMCTL32.dll
0x00007ff97d110000 - 0x00007ff97d140000 	C:\Windows\System32\IMM32.DLL
0x000000006c5d0000 - 0x000000006c6a2000 	C:\Program Files\Java\jdk1.8.0_251\jre\bin\msvcr100.dll
0x000000006bd20000 - 0x000000006c5cb000 	C:\Program Files\Java\jdk1.8.0_251\jre\bin\server\jvm.dll
0x00007ff97ce20000 - 0x00007ff97ce28000 	C:\Windows\System32\PSAPI.DLL
0x00007ff976eb0000 - 0x00007ff976eb9000 	C:\Windows\SYSTEM32\WSOCK32.dll
0x00007ff970cf0000 - 0x00007ff970cfa000 	C:\Windows\SYSTEM32\VERSION.dll
0x00007ff96ffd0000 - 0x00007ff96fff7000 	C:\Windows\SYSTEM32\WINMM.dll
0x00007ff97c4c0000 - 0x00007ff97c52b000 	C:\Windows\System32\WS2_32.dll
0x00007ff974d10000 - 0x00007ff974d1f000 	C:\Program Files\Java\jdk1.8.0_251\jre\bin\verify.dll
0x00007ff974620000 - 0x00007ff974649000 	C:\Program Files\Java\jdk1.8.0_251\jre\bin\java.dll
0x00007ff974600000 - 0x00007ff974616000 	C:\Program Files\Java\jdk1.8.0_251\jre\bin\zip.dll
0x00007ff97bd70000 - 0x00007ff97c4b4000 	C:\Windows\System32\SHELL32.dll
0x00007ff979530000 - 0x00007ff979cc5000 	C:\Windows\SYSTEM32\windows.storage.dll
0x00007ff97c900000 - 0x00007ff97cc55000 	C:\Windows\System32\combase.dll
0x00007ff97adc0000 - 0x00007ff97adee000 	C:\Windows\SYSTEM32\Wldp.dll
0x00007ff97c850000 - 0x00007ff97c8fd000 	C:\Windows\System32\SHCORE.dll
0x00007ff97d280000 - 0x00007ff97d2d5000 	C:\Windows\System32\shlwapi.dll
0x00007ff97b380000 - 0x00007ff97b39f000 	C:\Windows\SYSTEM32\profapi.dll
0x00007ff9745e0000 - 0x00007ff9745fa000 	C:\Program Files\Java\jdk1.8.0_251\jre\bin\net.dll
0x00007ff97ab20000 - 0x00007ff97ab8a000 	C:\Windows\system32\mswsock.dll
0x00007ff9745c0000 - 0x00007ff9745d2000 	C:\Program Files\Java\jdk1.8.0_251\jre\bin\nio.dll
0x00007ff974650000 - 0x00007ff974676000 	C:\Users\Admin\.gradle\native\31\windows-amd64\native-platform.dll
0x00007ff974bd0000 - 0x00007ff974bdd000 	C:\Program Files\Java\jdk1.8.0_251\jre\bin\management.dll
0x00007ff97ad20000 - 0x00007ff97ad38000 	C:\Windows\SYSTEM32\CRYPTSP.dll
0x00007ff97a4a0000 - 0x00007ff97a4d4000 	C:\Windows\system32\rsaenh.dll
0x00007ff97bb00000 - 0x00007ff97bb27000 	C:\Windows\System32\bcrypt.dll
0x00007ff97b290000 - 0x00007ff97b2be000 	C:\Windows\SYSTEM32\USERENV.dll
0x00007ff97b640000 - 0x00007ff97b6c2000 	C:\Windows\System32\bcryptprimitives.dll
0x00007ff97ad10000 - 0x00007ff97ad1c000 	C:\Windows\SYSTEM32\CRYPTBASE.dll
0x00007ff97a810000 - 0x00007ff97a84b000 	C:\Windows\SYSTEM32\IPHLPAPI.DLL
0x00007ff97c6e0000 - 0x00007ff97c6e8000 	C:\Windows\System32\NSI.dll
0x00007ff9736d0000 - 0x00007ff9736e7000 	C:\Windows\SYSTEM32\dhcpcsvc6.DLL
0x00007ff973f30000 - 0x00007ff973f4d000 	C:\Windows\SYSTEM32\dhcpcsvc.DLL
0x00007ff97a850000 - 0x00007ff97a91b000 	C:\Windows\SYSTEM32\DNSAPI.dll

VM Arguments:
jvm_args: -XX:MaxMetaspaceSize=256m -XX:+HeapDumpOnOutOfMemoryError -Xms256m -Xmx512m -Dfile.encoding=windows-1252 -Duser.country=US -Duser.language=en -Duser.variant 
java_command: org.gradle.launcher.daemon.bootstrap.GradleDaemon 6.1
java_class_path (initial): C:\Users\Admin\.gradle\wrapper\dists\gradle-6.1-all\d7p1d05fks2n0h6nqsj2ogyq5\gradle-6.1\lib\gradle-launcher-6.1.jar
Launcher Type: SUN_STANDARD

Environment Variables:
PATH=C:\Program Files (x86)\Common Files\Oracle\Java\javapath;C:\Windows\system32;C:\Windows;C:\Windows\System32\Wbem;C:\Windows\System32\WindowsPowerShell\v1.0\;C:\Windows\System32\OpenSSH\;C:\Program Files\Git\cmd;C:\Users\Admin\AppData\Local\Microsoft\WindowsApps;
USERNAME=Admin
OS=Windows_NT
PROCESSOR_IDENTIFIER=Intel64 Family 6 Model 58 Stepping 9, GenuineIntel



---------------  S Y S T E M  ---------------

OS: Windows 10.0 , 64 bit Build 19041 (10.0.19041.1466)

CPU:total 4 (initial active 4) (2 cores per cpu, 2 threads per core) family 6 model 58 stepping 9, cmov, cx8, fxsr, mmx, sse, sse2, sse3, ssse3, sse4.1, sse4.2, popcnt, avx, clmul, erms, ht, tsc, tscinvbit, tscinv

Memory: 4k page, physical 8260968k(888724k free), swap 8260968k(5804k free)

vm_info: Java HotSpot(TM) 64-Bit Server VM (25.251-b08) for windows-amd64 JRE (1.8.0_251-b08), built on Mar 12 2020 06:31:49 by "" with MS VC++ 10.0 (VS2010)

time: Mon Jan 17 21:31:07 2022
timezone: SE Asia Standard Time
elapsed time: 2856 seconds (0d 0h 47m 36s)

