#
# There is insufficient memory for the Java Runtime Environment to continue.
# Native memory allocation (malloc) failed to allocate 380976 bytes for Chunk::new
# Possible reasons:
#   The system is out of physical RAM or swap space
#   The process is running with CompressedOops enabled, and the Java Heap may be blocking the growth of the native heap
# Possible solutions:
#   Reduce memory load on the system
#   Increase physical memory or swap space
#   Check if swap backing store is full
#   Decrease Java heap size (-Xmx/-Xms)
#   Decrease number of Java threads
#   Decrease Java thread stack sizes (-Xss)
#   Set larger code cache with -XX:ReservedCodeCacheSize=
#   JVM is running with Unscaled Compressed Oops mode in which the Java heap is
#     placed in the first 4GB address space. The Java Heap base address is the
#     maximum limit for the native heap growth. Please use -XX:HeapBaseMinAddress
#     to set the Java Heap base and to place the Java Heap above 4GB virtual address.
# This output file may be truncated or incomplete.
#
#  Out of Memory Error (allocation.cpp:389), pid=8128, tid=0x00000000000027e4
#
# JRE version: Java(TM) SE Runtime Environment (8.0_251-b08) (build 1.8.0_251-b08)
# Java VM: Java HotSpot(TM) 64-Bit Server VM (25.251-b08 mixed mode windows-amd64 compressed oops)
# Failed to write core dump. Minidumps are not enabled by default on client versions of Windows
#

---------------  T H R E A D  ---------------

Current thread (0x0000000014001800):  JavaThread "C2 CompilerThread0" daemon [_thread_in_native, id=10212, stack(0x0000000015660000,0x0000000015760000)]

Stack: [0x0000000015660000,0x0000000015760000]
[error occurred during error reporting (printing stack bounds), id 0xc0000005]

Native frames: (J=compiled Java code, j=interpreted, Vv=VM code, C=native code)


Current CompileTask:
C2:   8256 1923       4       java.net.URLClassLoader$1::run (5 bytes)


---------------  P R O C E S S  ---------------

Java Threads: ( => current thread )
  0x0000000017bb5000 JavaThread "Cache worker for execution history cache (C:\Users\Admin\.gradle\caches\6.1\executionHistory)" [_thread_blocked, id=3600, stack(0x000000001d860000,0x000000001d960000)]
  0x0000000017bb3800 JavaThread "Cache worker for cache directory md-rule (C:\Users\Admin\.gradle\caches\6.1\md-rule)" [_thread_blocked, id=5472, stack(0x000000001c320000,0x000000001c420000)]
  0x0000000017bb1000 JavaThread "Cache worker for cache directory md-supplier (C:\Users\Admin\.gradle\caches\6.1\md-supplier)" [_thread_blocked, id=8584, stack(0x000000001c220000,0x000000001c320000)]
  0x0000000017bb0800 JavaThread "Cache worker for file hash cache (D:\codegym\C0921G1-LeMinhTai-module-4\ss5_thao_tac_voi_CSDL_va_ORM\bai_tap\ung_dung_nghe_nhac\.gradle\6.1\fileHashes)" [_thread_blocked, id=10572, stack(0x000000001d560000,0x000000001d660000)]
  0x0000000017bb4000 JavaThread "Cache worker for checksums cache (D:\codegym\C0921G1-LeMinhTai-module-4\ss5_thao_tac_voi_CSDL_va_ORM\bai_tap\ung_dung_nghe_nhac\.gradle\checksums)" [_thread_blocked, id=1356, stack(0x000000001d460000,0x000000001d560000)]
  0x0000000017bae000 JavaThread "Cache worker for file hash cache (C:\Users\Admin\.gradle\caches\6.1\fileHashes)" [_thread_blocked, id=7232, stack(0x0000000019d80000,0x0000000019e80000)]
  0x0000000017bb2800 JavaThread "File lock request listener" [_thread_in_native, id=10856, stack(0x0000000019c80000,0x0000000019d80000)]
  0x0000000017bb2000 JavaThread "Cache worker for journal cache (C:\Users\Admin\.gradle\caches\journal-1)" [_thread_blocked, id=7308, stack(0x0000000019b80000,0x0000000019c80000)]
  0x0000000017aa9000 JavaThread "Thread-9" [_thread_blocked, id=6536, stack(0x0000000019880000,0x0000000019980000)]
  0x0000000017abd000 JavaThread "Stdin handler" [_thread_blocked, id=2676, stack(0x0000000019780000,0x0000000019880000)]
  0x0000000017abc000 JavaThread "Asynchronous log dispatcher for DefaultDaemonConnection: socket connection from /127.0.0.1:53640 to /127.0.0.1:53641" [_thread_blocked, id=9772, stack(0x0000000019680000,0x0000000019780000)]
  0x0000000017aac800 JavaThread "Daemon worker" [_thread_in_vm, id=5528, stack(0x0000000019580000,0x0000000019680000)]
  0x0000000017aaf000 JavaThread "Cancel handler" [_thread_blocked, id=8348, stack(0x0000000019480000,0x0000000019580000)]
  0x000000001772a000 JavaThread "Handler for socket connection from /127.0.0.1:53640 to /127.0.0.1:53641" [_thread_in_native, id=10956, stack(0x0000000019180000,0x0000000019280000)]
  0x0000000017729000 JavaThread "Daemon" [_thread_blocked, id=6196, stack(0x0000000019080000,0x0000000019180000)]
  0x0000000017a81000 JavaThread "Daemon periodic checks" [_thread_blocked, id=6240, stack(0x0000000018f80000,0x0000000019080000)]
  0x0000000017a63000 JavaThread "Incoming local TCP Connector on port 53640" [_thread_in_native, id=5224, stack(0x0000000018d40000,0x0000000018e40000)]
  0x0000000017972800 JavaThread "Daemon health stats" [_thread_blocked, id=11024, stack(0x0000000018700000,0x0000000018800000)]
  0x0000000015990800 JavaThread "Service Thread" daemon [_thread_blocked, id=8156, stack(0x0000000015d60000,0x0000000015e60000)]
  0x0000000014011800 JavaThread "C1 CompilerThread2" daemon [_thread_blocked, id=7048, stack(0x0000000015860000,0x0000000015960000)]
  0x0000000014004800 JavaThread "C2 CompilerThread1" daemon [_thread_in_native, id=9352, stack(0x0000000015760000,0x0000000015860000)]
=>0x0000000014001800 JavaThread "C2 CompilerThread0" daemon [_thread_in_native, id=10212, stack(0x0000000015660000,0x0000000015760000)]
  0x0000000013ffe800 JavaThread "Attach Listener" daemon [_thread_blocked, id=8276, stack(0x0000000015560000,0x0000000015660000)]
  0x0000000013ff9800 JavaThread "Signal Dispatcher" daemon [_thread_blocked, id=8960, stack(0x0000000015460000,0x0000000015560000)]
  0x0000000002c8a800 JavaThread "Finalizer" daemon [_thread_blocked, id=10640, stack(0x0000000015260000,0x0000000015360000)]
  0x0000000013fea000 JavaThread "Reference Handler" daemon [_thread_blocked, id=8776, stack(0x0000000015160000,0x0000000015260000)]
  0x0000000002b8d800 JavaThread "main" [_thread_blocked, id=5356, stack(0x00000000029e0000,0x0000000002ae0000)]

Other Threads:
  0x0000000013fc8000 VMThread [stack: 0x0000000015060000,0x0000000015160000] [id=2544]
  0x00000000159a9000 WatcherThread [stack: 0x0000000015e60000,0x0000000015f60000] [id=8296]

VM state:not at safepoint (normal execution)

VM Mutex/Monitor currently owned by a thread: None

heap address: 0x00000000e0000000, size: 512 MB, Compressed Oops mode: 32-bit
Narrow klass base: 0x0000000000000000, Narrow klass shift: 3
Compressed class space size: 1073741824 Address: 0x0000000100000000

Heap:
 PSYoungGen      total 76288K, used 42181K [0x00000000f5580000, 0x00000000faa80000, 0x0000000100000000)
  eden space 65536K, 64% used [0x00000000f5580000,0x00000000f7eb1410,0x00000000f9580000)
  from space 10752K, 0% used [0x00000000fa000000,0x00000000fa000000,0x00000000faa80000)
  to   space 10752K, 0% used [0x00000000f9580000,0x00000000f9580000,0x00000000fa000000)
 ParOldGen       total 175104K, used 6751K [0x00000000e0000000, 0x00000000eab00000, 0x00000000f5580000)
  object space 175104K, 3% used [0x00000000e0000000,0x00000000e0697e88,0x00000000eab00000)
 Metaspace       used 25360K, capacity 25880K, committed 26112K, reserved 1071104K
  class space    used 3603K, capacity 3777K, committed 3840K, reserved 1048576K

Card table byte_map: [0x0000000012050000,0x0000000012160000] byte_map_base: 0x0000000011950000

Marking Bits: (ParMarkBitMap*) 0x000000006c54af90
 Begin Bits: [0x0000000012560000, 0x0000000012d60000)
 End Bits:   [0x0000000012d60000, 0x0000000013560000)

Polling page: 0x00000000028e0000

CodeCache: size=245760Kb used=7039Kb max_used=7039Kb free=238720Kb
 bounds [0x0000000002c90000, 0x0000000003380000, 0x0000000011c90000]
 total_blobs=2434 nmethods=2001 adapters=345
 compilation: enabled

Compilation events (10 events):
Event: 8.185 Thread 0x0000000014011800 2007       3       org.codehaus.groovy.reflection.ParameterTypes::setParametersTypes (32 bytes)
Event: 8.186 Thread 0x0000000014011800 nmethod 2007 0x0000000003371290 code [0x0000000003371400, 0x0000000003371630]
Event: 8.189 Thread 0x0000000014011800 2008       3       org.codehaus.groovy.reflection.ParameterTypes::getParameterTypes (16 bytes)
Event: 8.189 Thread 0x0000000014011800 nmethod 2008 0x0000000003371710 code [0x0000000003371880, 0x0000000003371a68]
Event: 8.190 Thread 0x0000000014011800 2009       3       org.codehaus.groovy.reflection.CachedMethod::getPT (8 bytes)
Event: 8.191 Thread 0x0000000014011800 nmethod 2009 0x0000000003371b10 code [0x0000000003371c80, 0x0000000003372068]
Event: 8.192 Thread 0x0000000014011800 2010       3       org.codehaus.groovy.reflection.CachedMethod::getModifiers (8 bytes)
Event: 8.192 Thread 0x0000000014011800 nmethod 2010 0x0000000003372190 code [0x00000000033722e0, 0x00000000033724d0]
Event: 8.241 Thread 0x0000000014011800 2011       3       java.util.Arrays::sort (24 bytes)
Event: 8.242 Thread 0x0000000014011800 nmethod 2011 0x0000000003372590 code [0x0000000003372700, 0x0000000003372908]

GC Heap History (10 events):
Event: 2.275 GC heap before
{Heap before GC invocations=1 (full 0):
 PSYoungGen      total 76288K, used 65536K [0x00000000f5580000, 0x00000000faa80000, 0x0000000100000000)
  eden space 65536K, 100% used [0x00000000f5580000,0x00000000f9580000,0x00000000f9580000)
  from space 10752K, 0% used [0x00000000fa000000,0x00000000fa000000,0x00000000faa80000)
  to   space 10752K, 0% used [0x00000000f9580000,0x00000000f9580000,0x00000000fa000000)
 ParOldGen       total 175104K, used 0K [0x00000000e0000000, 0x00000000eab00000, 0x00000000f5580000)
  object space 175104K, 0% used [0x00000000e0000000,0x00000000e0000000,0x00000000eab00000)
 Metaspace       used 7403K, capacity 7656K, committed 7808K, reserved 1056768K
  class space    used 943K, capacity 1040K, committed 1152K, reserved 1048576K
Event: 2.285 GC heap after
Heap after GC invocations=1 (full 0):
 PSYoungGen      total 76288K, used 5745K [0x00000000f5580000, 0x00000000faa80000, 0x0000000100000000)
  eden space 65536K, 0% used [0x00000000f5580000,0x00000000f5580000,0x00000000f9580000)
  from space 10752K, 53% used [0x00000000f9580000,0x00000000f9b1c4c0,0x00000000fa000000)
  to   space 10752K, 0% used [0x00000000fa000000,0x00000000fa000000,0x00000000faa80000)
 ParOldGen       total 175104K, used 16K [0x00000000e0000000, 0x00000000eab00000, 0x00000000f5580000)
  object space 175104K, 0% used [0x00000000e0000000,0x00000000e0004000,0x00000000eab00000)
 Metaspace       used 7403K, capacity 7656K, committed 7808K, reserved 1056768K
  class space    used 943K, capacity 1040K, committed 1152K, reserved 1048576K
}
Event: 4.241 GC heap before
{Heap before GC invocations=2 (full 0):
 PSYoungGen      total 76288K, used 71281K [0x00000000f5580000, 0x00000000faa80000, 0x0000000100000000)
  eden space 65536K, 100% used [0x00000000f5580000,0x00000000f9580000,0x00000000f9580000)
  from space 10752K, 53% used [0x00000000f9580000,0x00000000f9b1c4c0,0x00000000fa000000)
  to   space 10752K, 0% used [0x00000000fa000000,0x00000000fa000000,0x00000000faa80000)
 ParOldGen       total 175104K, used 16K [0x00000000e0000000, 0x00000000eab00000, 0x00000000f5580000)
  object space 175104K, 0% used [0x00000000e0000000,0x00000000e0004000,0x00000000eab00000)
 Metaspace       used 15330K, capacity 15728K, committed 15872K, reserved 1062912K
  class space    used 2102K, capacity 2240K, committed 2304K, reserved 1048576K
Event: 4.268 GC heap after
Heap after GC invocations=2 (full 0):
 PSYoungGen      total 76288K, used 9604K [0x00000000f5580000, 0x00000000faa80000, 0x0000000100000000)
  eden space 65536K, 0% used [0x00000000f5580000,0x00000000f5580000,0x00000000f9580000)
  from space 10752K, 89% used [0x00000000fa000000,0x00000000fa9613b8,0x00000000faa80000)
  to   space 10752K, 0% used [0x00000000f9580000,0x00000000f9580000,0x00000000fa000000)
 ParOldGen       total 175104K, used 24K [0x00000000e0000000, 0x00000000eab00000, 0x00000000f5580000)
  object space 175104K, 0% used [0x00000000e0000000,0x00000000e0006000,0x00000000eab00000)
 Metaspace       used 15330K, capacity 15728K, committed 15872K, reserved 1062912K
  class space    used 2102K, capacity 2240K, committed 2304K, reserved 1048576K
}
Event: 6.429 GC heap before
{Heap before GC invocations=3 (full 0):
 PSYoungGen      total 76288K, used 75140K [0x00000000f5580000, 0x00000000faa80000, 0x0000000100000000)
  eden space 65536K, 100% used [0x00000000f5580000,0x00000000f9580000,0x00000000f9580000)
  from space 10752K, 89% used [0x00000000fa000000,0x00000000fa9613b8,0x00000000faa80000)
  to   space 10752K, 0% used [0x00000000f9580000,0x00000000f9580000,0x00000000fa000000)
 ParOldGen       total 175104K, used 24K [0x00000000e0000000, 0x00000000eab00000, 0x00000000f5580000)
  object space 175104K, 0% used [0x00000000e0000000,0x00000000e0006000,0x00000000eab00000)
 Metaspace       used 20491K, capacity 21078K, committed 21296K, reserved 1067008K
  class space    used 2951K, capacity 3119K, committed 3200K, reserved 1048576K
Event: 6.474 GC heap after
Heap after GC invocations=3 (full 0):
 PSYoungGen      total 76288K, used 10741K [0x00000000f5580000, 0x00000000faa80000, 0x0000000100000000)
  eden space 65536K, 0% used [0x00000000f5580000,0x00000000f5580000,0x00000000f9580000)
  from space 10752K, 99% used [0x00000000f9580000,0x00000000f9ffd528,0x00000000fa000000)
  to   space 10752K, 0% used [0x00000000fa000000,0x00000000fa000000,0x00000000faa80000)
 ParOldGen       total 175104K, used 777K [0x00000000e0000000, 0x00000000eab00000, 0x00000000f5580000)
  object space 175104K, 0% used [0x00000000e0000000,0x00000000e00c25f8,0x00000000eab00000)
 Metaspace       used 20491K, capacity 21078K, committed 21296K, reserved 1067008K
  class space    used 2951K, capacity 3119K, committed 3200K, reserved 1048576K
}
Event: 6.585 GC heap before
{Heap before GC invocations=4 (full 0):
 PSYoungGen      total 76288K, used 15550K [0x00000000f5580000, 0x00000000faa80000, 0x0000000100000000)
  eden space 65536K, 7% used [0x00000000f5580000,0x00000000f5a32430,0x00000000f9580000)
  from space 10752K, 99% used [0x00000000f9580000,0x00000000f9ffd528,0x00000000fa000000)
  to   space 10752K, 0% used [0x00000000fa000000,0x00000000fa000000,0x00000000faa80000)
 ParOldGen       total 175104K, used 777K [0x00000000e0000000, 0x00000000eab00000, 0x00000000f5580000)
  object space 175104K, 0% used [0x00000000e0000000,0x00000000e00c25f8,0x00000000eab00000)
 Metaspace       used 20696K, capacity 21174K, committed 21296K, reserved 1067008K
  class space    used 2986K, capacity 3151K, committed 3200K, reserved 1048576K
Event: 6.602 GC heap after
Heap after GC invocations=4 (full 0):
 PSYoungGen      total 76288K, used 6868K [0x00000000f5580000, 0x00000000faa80000, 0x0000000100000000)
  eden space 65536K, 0% used [0x00000000f5580000,0x00000000f5580000,0x00000000f9580000)
  from space 10752K, 63% used [0x00000000fa000000,0x00000000fa6b5040,0x00000000faa80000)
  to   space 10752K, 0% used [0x00000000f9580000,0x00000000f9580000,0x00000000fa000000)
 ParOldGen       total 175104K, used 785K [0x00000000e0000000, 0x00000000eab00000, 0x00000000f5580000)
  object space 175104K, 0% used [0x00000000e0000000,0x00000000e00c45f8,0x00000000eab00000)
 Metaspace       used 20696K, capacity 21174K, committed 21296K, reserved 1067008K
  class space    used 2986K, capacity 3151K, committed 3200K, reserved 1048576K
}
Event: 6.602 GC heap before
{Heap before GC invocations=5 (full 1):
 PSYoungGen      total 76288K, used 6868K [0x00000000f5580000, 0x00000000faa80000, 0x0000000100000000)
  eden space 65536K, 0% used [0x00000000f5580000,0x00000000f5580000,0x00000000f9580000)
  from space 10752K, 63% used [0x00000000fa000000,0x00000000fa6b5040,0x00000000faa80000)
  to   space 10752K, 0% used [0x00000000f9580000,0x00000000f9580000,0x00000000fa000000)
 ParOldGen       total 175104K, used 785K [0x00000000e0000000, 0x00000000eab00000, 0x00000000f5580000)
  object space 175104K, 0% used [0x00000000e0000000,0x00000000e00c45f8,0x00000000eab00000)
 Metaspace       used 20696K, capacity 21174K, committed 21296K, reserved 1067008K
  class space    used 2986K, capacity 3151K, committed 3200K, reserved 1048576K
Event: 6.701 GC heap after
Heap after GC invocations=5 (full 1):
 PSYoungGen      total 76288K, used 0K [0x00000000f5580000, 0x00000000faa80000, 0x0000000100000000)
  eden space 65536K, 0% used [0x00000000f5580000,0x00000000f5580000,0x00000000f9580000)
  from space 10752K, 0% used [0x00000000fa000000,0x00000000fa000000,0x00000000faa80000)
  to   space 10752K, 0% used [0x00000000f9580000,0x00000000f9580000,0x00000000fa000000)
 ParOldGen       total 175104K, used 6751K [0x00000000e0000000, 0x00000000eab00000, 0x00000000f5580000)
  object space 175104K, 3% used [0x00000000e0000000,0x00000000e0697e88,0x00000000eab00000)
 Metaspace       used 20696K, capacity 21174K, committed 21296K, reserved 1067008K
  class space    used 2986K, capacity 3151K, committed 3200K, reserved 1048576K
}

Deoptimization events (10 events):
Event: 6.352 Thread 0x0000000017aac800 Uncommon trap: reason=unstable_if action=reinterpret pc=0x0000000003160070 method=java.util.HashMap.hash(Ljava/lang/Object;)I @ 1
Event: 6.386 Thread 0x0000000017aac800 Uncommon trap: reason=unstable_if action=reinterpret pc=0x000000000312a8e8 method=java.util.HashMap.hash(Ljava/lang/Object;)I @ 1
Event: 6.702 Thread 0x0000000002c8a800 Uncommon trap: reason=unstable_if action=reinterpret pc=0x00000000032a7e7c method=java.lang.ref.Finalizer.remove()V @ 10
Event: 6.702 Thread 0x0000000002c8a800 Uncommon trap: reason=unstable_if action=reinterpret pc=0x00000000032a5f64 method=java.lang.ref.Finalizer.remove()V @ 10
Event: 6.805 Thread 0x0000000017aac800 Uncommon trap: reason=unstable_if action=reinterpret pc=0x0000000002f80b0c method=java.io.WinNTFileSystem.resolve(Ljava/lang/String;Ljava/lang/String;)Ljava/lang/String; @ 49
Event: 6.889 Thread 0x0000000017aac800 Uncommon trap: reason=unstable_if action=reinterpret pc=0x0000000002fb69b0 method=java.util.LinkedHashMap.afterNodeInsertion(Z)V @ 1
Event: 7.674 Thread 0x0000000017aac800 Uncommon trap: reason=class_check action=maybe_recompile pc=0x0000000002effdbc method=sun.misc.URLClassPath.getLoader(I)Lsun/misc/URLClassPath$Loader; @ 94
Event: 7.674 Thread 0x0000000017aac800 Uncommon trap: reason=class_check action=maybe_recompile pc=0x00000000031fbc30 method=sun.misc.URLClassPath.getResource(Ljava/lang/String;Z)Lsun/misc/Resource; @ 62
Event: 7.674 Thread 0x0000000017aac800 Uncommon trap: reason=unstable_if action=reinterpret pc=0x0000000003174938 method=java.lang.String.regionMatches(ZILjava/lang/String;II)Z @ 41
Event: 7.679 Thread 0x0000000017aac800 Uncommon trap: reason=unstable_if action=reinterpret pc=0x000000000317e558 method=java.lang.ClassLoader.getClassLoadingLock(Ljava/lang/String;)Ljava/lang/Object; @ 6

Classes redefined (0 events):
No events

Internal exceptions (10 events):
Event: 3.594 Thread 0x000000001772a000 Exception <a 'java/lang/NoSuchMethodError': <clinit>> (0x00000000f70c6d10) thrown at [C:\jenkins\workspace\8-2-build-windows-amd64-cygwin\jdk8u251\737\hotspot\src\share\vm\prims\jni.cpp, line 1614]
Event: 3.611 Thread 0x000000001772a000 Exception <a 'java/lang/NoSuchMethodError': <clinit>> (0x00000000f711eb68) thrown at [C:\jenkins\workspace\8-2-build-windows-amd64-cygwin\jdk8u251\737\hotspot\src\share\vm\prims\jni.cpp, line 1614]
Event: 3.620 Thread 0x000000001772a000 Exception <a 'java/lang/NoSuchMethodError': <clinit>> (0x00000000f71567f0) thrown at [C:\jenkins\workspace\8-2-build-windows-amd64-cygwin\jdk8u251\737\hotspot\src\share\vm\prims\jni.cpp, line 1614]
Event: 3.629 Thread 0x000000001772a000 Exception <a 'java/lang/NoSuchMethodError': <clinit>> (0x00000000f718b388) thrown at [C:\jenkins\workspace\8-2-build-windows-amd64-cygwin\jdk8u251\737\hotspot\src\share\vm\prims\jni.cpp, line 1614]
Event: 3.630 Thread 0x000000001772a000 Exception <a 'java/lang/NoSuchMethodError': <clinit>> (0x00000000f71963e0) thrown at [C:\jenkins\workspace\8-2-build-windows-amd64-cygwin\jdk8u251\737\hotspot\src\share\vm\prims\jni.cpp, line 1614]
Event: 4.706 Thread 0x0000000017aac800 Exception <a 'java/lang/NoSuchMethodError': java.lang.Object.lambda$and$0(Ljava/util/function/Predicate;Ljava/lang/Object;)Z> (0x00000000f66c6aa0) thrown at [C:\jenkins\workspace\8-2-build-windows-amd64-cygwin\jdk8u251\737\hotspot\src\share\vm\interpreter
Event: 4.722 Thread 0x0000000017aac800 Exception <a 'java/lang/IncompatibleClassChangeError': Found class java.lang.Object, but interface was expected> (0x00000000f66d7290) thrown at [C:\jenkins\workspace\8-2-build-windows-amd64-cygwin\jdk8u251\737\hotspot\src\share\vm\interpreter\linkResolver
Event: 4.727 Thread 0x0000000017aac800 Exception <a 'java/lang/NoSuchMethodError': java.lang.Object.lambda$or$2(Ljava/util/function/Predicate;Ljava/lang/Object;)Z> (0x00000000f66dc1b0) thrown at [C:\jenkins\workspace\8-2-build-windows-amd64-cygwin\jdk8u251\737\hotspot\src\share\vm\interpreter\
Event: 6.352 Thread 0x0000000017aac800 Implicit null exception at 0x000000000315fe55 to 0x0000000003160061
Event: 6.386 Thread 0x0000000017aac800 Implicit null exception at 0x000000000312a86f to 0x000000000312a8d9

Events (10 events):
Event: 8.248 loading class java/nio/file/WatchEvent$Modifier
Event: 8.249 loading class java/nio/file/WatchEvent$Modifier done
Event: 8.249 loading class java/nio/file/WatchKey
Event: 8.249 loading class java/nio/file/WatchKey done
Event: 8.249 loading class java/nio/file/LinkOption
Event: 8.250 loading class java/nio/file/OpenOption
Event: 8.250 loading class java/nio/file/OpenOption done
Event: 8.250 loading class java/nio/file/CopyOption
Event: 8.250 loading class java/nio/file/CopyOption done
Event: 8.251 loading class java/nio/file/LinkOption done


Dynamic libraries:
0x00007ff7801e0000 - 0x00007ff780217000 	C:\Program Files\Java\jdk1.8.0_251\bin\java.exe
0x00007ff97dd30000 - 0x00007ff97df25000 	C:\Windows\SYSTEM32\ntdll.dll
0x00007ff97c6f0000 - 0x00007ff97c7ae000 	C:\Windows\System32\KERNEL32.DLL
0x00007ff97b730000 - 0x00007ff97b9f8000 	C:\Windows\System32\KERNELBASE.dll
0x00007ff97d2e0000 - 0x00007ff97d38e000 	C:\Windows\System32\ADVAPI32.dll
0x00007ff97dc50000 - 0x00007ff97dcee000 	C:\Windows\System32\msvcrt.dll
0x00007ff97c7b0000 - 0x00007ff97c84c000 	C:\Windows\System32\sechost.dll
0x00007ff97ce30000 - 0x00007ff97cf55000 	C:\Windows\System32\RPCRT4.dll
0x00007ff97cf60000 - 0x00007ff97d101000 	C:\Windows\System32\USER32.dll
0x00007ff97bb30000 - 0x00007ff97bb52000 	C:\Windows\System32\win32u.dll
0x00007ff97d1f0000 - 0x00007ff97d21b000 	C:\Windows\System32\GDI32.dll
0x00007ff97b440000 - 0x00007ff97b54d000 	C:\Windows\System32\gdi32full.dll
0x00007ff97b550000 - 0x00007ff97b5ed000 	C:\Windows\System32\msvcp_win.dll
0x00007ff97ba00000 - 0x00007ff97bb00000 	C:\Windows\System32\ucrtbase.dll
0x00007ff9678d0000 - 0x00007ff967b6a000 	C:\Windows\WinSxS\amd64_microsoft.windows.common-controls_6595b64144ccf1df_6.0.19041.1110_none_60b5254171f9507e\COMCTL32.dll
0x00007ff97d110000 - 0x00007ff97d140000 	C:\Windows\System32\IMM32.DLL
0x000000006c5d0000 - 0x000000006c6a2000 	C:\Program Files\Java\jdk1.8.0_251\jre\bin\msvcr100.dll
0x000000006bd20000 - 0x000000006c5cb000 	C:\Program Files\Java\jdk1.8.0_251\jre\bin\server\jvm.dll
0x00007ff97ce20000 - 0x00007ff97ce28000 	C:\Windows\System32\PSAPI.DLL
0x00007ff978d40000 - 0x00007ff978d49000 	C:\Windows\SYSTEM32\WSOCK32.dll
0x00007ff975710000 - 0x00007ff975737000 	C:\Windows\SYSTEM32\WINMM.dll
0x00007ff97c4c0000 - 0x00007ff97c52b000 	C:\Windows\System32\WS2_32.dll
0x00007ff970cf0000 - 0x00007ff970cfa000 	C:\Windows\SYSTEM32\VERSION.dll
0x00007ff978d70000 - 0x00007ff978d7f000 	C:\Program Files\Java\jdk1.8.0_251\jre\bin\verify.dll
0x00007ff974d10000 - 0x00007ff974d39000 	C:\Program Files\Java\jdk1.8.0_251\jre\bin\java.dll
0x00007ff9756d0000 - 0x00007ff9756e6000 	C:\Program Files\Java\jdk1.8.0_251\jre\bin\zip.dll
0x00007ff97bd70000 - 0x00007ff97c4b4000 	C:\Windows\System32\SHELL32.dll
0x00007ff979530000 - 0x00007ff979cc5000 	C:\Windows\SYSTEM32\windows.storage.dll
0x00007ff97c900000 - 0x00007ff97cc55000 	C:\Windows\System32\combase.dll
0x00007ff97adc0000 - 0x00007ff97adee000 	C:\Windows\SYSTEM32\Wldp.dll
0x00007ff97c850000 - 0x00007ff97c8fd000 	C:\Windows\System32\SHCORE.dll
0x00007ff97d280000 - 0x00007ff97d2d5000 	C:\Windows\System32\shlwapi.dll
0x00007ff97b380000 - 0x00007ff97b39f000 	C:\Windows\SYSTEM32\profapi.dll
0x00007ff972c70000 - 0x00007ff972c8a000 	C:\Program Files\Java\jdk1.8.0_251\jre\bin\net.dll
0x00007ff97ab20000 - 0x00007ff97ab8a000 	C:\Windows\system32\mswsock.dll
0x00007ff971a70000 - 0x00007ff971a82000 	C:\Program Files\Java\jdk1.8.0_251\jre\bin\nio.dll
0x00007ff975af0000 - 0x00007ff975b16000 	C:\Users\Admin\.gradle\native\31\windows-amd64\native-platform.dll
0x00007ff976360000 - 0x00007ff97636d000 	C:\Program Files\Java\jdk1.8.0_251\jre\bin\management.dll
0x00007ff97ad20000 - 0x00007ff97ad38000 	C:\Windows\SYSTEM32\CRYPTSP.dll
0x00007ff97a4a0000 - 0x00007ff97a4d4000 	C:\Windows\system32\rsaenh.dll
0x00007ff97bb00000 - 0x00007ff97bb27000 	C:\Windows\System32\bcrypt.dll
0x00007ff97b290000 - 0x00007ff97b2be000 	C:\Windows\SYSTEM32\USERENV.dll
0x00007ff97b640000 - 0x00007ff97b6c2000 	C:\Windows\System32\bcryptprimitives.dll
0x00007ff97ad10000 - 0x00007ff97ad1c000 	C:\Windows\SYSTEM32\CRYPTBASE.dll
0x00007ff97a810000 - 0x00007ff97a84b000 	C:\Windows\SYSTEM32\IPHLPAPI.DLL
0x00007ff97c6e0000 - 0x00007ff97c6e8000 	C:\Windows\System32\NSI.dll
0x00007ff9736d0000 - 0x00007ff9736e7000 	C:\Windows\SYSTEM32\dhcpcsvc6.DLL
0x00007ff973f30000 - 0x00007ff973f4d000 	C:\Windows\SYSTEM32\dhcpcsvc.DLL
0x00007ff97a850000 - 0x00007ff97a91b000 	C:\Windows\SYSTEM32\DNSAPI.dll

VM Arguments:
jvm_args: -XX:MaxMetaspaceSize=256m -XX:+HeapDumpOnOutOfMemoryError -Xms256m -Xmx512m -Dfile.encoding=windows-1252 -Duser.country=US -Duser.language=en -Duser.variant 
java_command: org.gradle.launcher.daemon.bootstrap.GradleDaemon 6.1
java_class_path (initial): C:\Users\Admin\.gradle\wrapper\dists\gradle-6.1-bin\74ow5f78ml5iin9568hvtcqz9\gradle-6.1\lib\gradle-launcher-6.1.jar
Launcher Type: SUN_STANDARD

Environment Variables:
PATH=C:\Program Files (x86)\Common Files\Oracle\Java\javapath;C:\Windows\system32;C:\Windows;C:\Windows\System32\Wbem;C:\Windows\System32\WindowsPowerShell\v1.0\;C:\Windows\System32\OpenSSH\;C:\Program Files\Git\cmd;C:\Users\Admin\AppData\Local\Microsoft\WindowsApps;
USERNAME=Admin
OS=Windows_NT
PROCESSOR_IDENTIFIER=Intel64 Family 6 Model 58 Stepping 9, GenuineIntel



---------------  S Y S T E M  ---------------

OS: Windows 10.0 , 64 bit Build 19041 (10.0.19041.1466)

CPU:total 4 (initial active 4) (2 cores per cpu, 2 threads per core) family 6 model 58 stepping 9, cmov, cx8, fxsr, mmx, sse, sse2, sse3, ssse3, sse4.1, sse4.2, popcnt, avx, clmul, erms, ht, tsc, tscinvbit, tscinv

Memory: 4k page, physical 8260968k(1106832k free), swap 8260968k(5120k free)

vm_info: Java HotSpot(TM) 64-Bit Server VM (25.251-b08) for windows-amd64 JRE (1.8.0_251-b08), built on Mar 12 2020 06:31:49 by "" with MS VC++ 10.0 (VS2010)

time: Tue Jan 18 07:40:40 2022
timezone: SE Asia Standard Time
elapsed time: 8 seconds (0d 0h 0m 8s)

