#
# There is insufficient memory for the Java Runtime Environment to continue.
# Native memory allocation (malloc) failed to allocate 1356256 bytes for Chunk::new
# Possible reasons:
#   The system is out of physical RAM or swap space
#   The process is running with CompressedOops enabled, and the Java Heap may be blocking the growth of the native heap
# Possible solutions:
#   Reduce memory load on the system
#   Increase physical memory or swap space
#   Check if swap backing store is full
#   Decrease Java heap size (-Xmx/-Xms)
#   Decrease number of Java threads
#   Decrease Java thread stack sizes (-Xss)
#   Set larger code cache with -XX:ReservedCodeCacheSize=
#   JVM is running with Unscaled Compressed Oops mode in which the Java heap is
#     placed in the first 4GB address space. The Java Heap base address is the
#     maximum limit for the native heap growth. Please use -XX:HeapBaseMinAddress
#     to set the Java Heap base and to place the Java Heap above 4GB virtual address.
# This output file may be truncated or incomplete.
#
#  Out of Memory Error (allocation.cpp:389), pid=5368, tid=0x00000000000013ec
#
# JRE version: Java(TM) SE Runtime Environment (8.0_251-b08) (build 1.8.0_251-b08)
# Java VM: Java HotSpot(TM) 64-Bit Server VM (25.251-b08 mixed mode windows-amd64 compressed oops)
# Failed to write core dump. Minidumps are not enabled by default on client versions of Windows
#

---------------  T H R E A D  ---------------

Current thread (0x0000000013d85000):  JavaThread "C2 CompilerThread1" daemon [_thread_in_native, id=5100, stack(0x00000000154e0000,0x00000000155e0000)]

Stack: [0x00000000154e0000,0x00000000155e0000]
[error occurred during error reporting (printing stack bounds), id 0xc0000005]

Native frames: (J=compiled Java code, j=interpreted, Vv=VM code, C=native code)


Current CompileTask:
C2:  11771 2779   !   4       java.net.URLClassLoader$1::run (63 bytes)


---------------  P R O C E S S  ---------------

Java Threads: ( => current thread )
  0x000000001a413800 JavaThread "Cache worker for file content cache (C:\Users\Admin\.gradle\caches\7.3.2\fileContent)" [_thread_blocked, id=5596, stack(0x000000001f170000,0x000000001f270000)]
  0x000000001a411000 JavaThread "Cache worker for execution history cache (C:\Users\Admin\.gradle\caches\7.3.2\executionHistory)" [_thread_blocked, id=8732, stack(0x000000001e070000,0x000000001e170000)]
  0x000000001a40c800 JavaThread "Cache worker for cache directory md-rule (C:\Users\Admin\.gradle\caches\7.3.2\md-rule)" [_thread_blocked, id=6916, stack(0x000000001dd70000,0x000000001de70000)]
  0x000000001a40e000 JavaThread "Cache worker for cache directory md-supplier (C:\Users\Admin\.gradle\caches\7.3.2\md-supplier)" [_thread_blocked, id=4564, stack(0x000000001dc70000,0x000000001dd70000)]
  0x000000001a40d800 JavaThread "Cache worker for checksums cache (D:\codegym\C0921G1-LeMinhTai-module-4\ss6_jpa\thuc_hanh\.gradle\7.3.2\checksums)" [_thread_blocked, id=8756, stack(0x000000001db70000,0x000000001dc70000)]
  0x000000001837a000 JavaThread "jar transforms Thread 4" [_thread_blocked, id=1876, stack(0x000000001d870000,0x000000001d970000)]
  0x000000001837b800 JavaThread "jar transforms Thread 3" [_thread_blocked, id=8796, stack(0x000000001d770000,0x000000001d870000)]
  0x0000000018378800 JavaThread "jar transforms Thread 2" [_thread_blocked, id=8316, stack(0x000000001d670000,0x000000001d770000)]
  0x0000000018379800 JavaThread "jar transforms" [_thread_blocked, id=7720, stack(0x000000001c2e0000,0x000000001c3e0000)]
  0x0000000018378000 JavaThread "File watcher consumer" daemon [_thread_blocked, id=5928, stack(0x000000001c0a0000,0x000000001c1a0000)]
  0x0000000018376800 JavaThread "File watcher server" daemon [_thread_in_native, id=4420, stack(0x000000001bfa0000,0x000000001c0a0000)]
  0x0000000018377000 JavaThread "Cache worker for file hash cache (D:\codegym\C0921G1-LeMinhTai-module-4\ss6_jpa\thuc_hanh\.gradle\7.3.2\fileHashes)" [_thread_blocked, id=7444, stack(0x000000001bca0000,0x000000001bda0000)]
  0x0000000018375800 JavaThread "Cache worker for file hash cache (C:\Users\Admin\.gradle\caches\7.3.2\fileHashes)" [_thread_blocked, id=1444, stack(0x000000001c1e0000,0x000000001c2e0000)]
  0x0000000018375000 JavaThread "File lock request listener" [_thread_in_native, id=9152, stack(0x000000001b9a0000,0x000000001baa0000)]
  0x000000001837b000 JavaThread "Cache worker for journal cache (C:\Users\Admin\.gradle\caches\journal-1)" [_thread_blocked, id=6872, stack(0x000000001a8d0000,0x000000001a9d0000)]
  0x000000001796b800 JavaThread "Daemon client event forwarder" [_thread_blocked, id=9192, stack(0x0000000019600000,0x0000000019700000)]
  0x0000000017b93000 JavaThread "Stdin handler" [_thread_blocked, id=9032, stack(0x0000000019500000,0x0000000019600000)]
  0x0000000017b91800 JavaThread "Asynchronous log dispatcher for DefaultDaemonConnection: socket connection from /127.0.0.1:61648 to /127.0.0.1:61649" [_thread_blocked, id=320, stack(0x0000000019400000,0x0000000019500000)]
  0x00000000179ce000 JavaThread "Daemon worker" [_thread_in_vm, id=3120, stack(0x0000000019300000,0x0000000019400000)]
  0x00000000179cd800 JavaThread "Cancel handler" [_thread_blocked, id=2412, stack(0x0000000019200000,0x0000000019300000)]
  0x000000001792a000 JavaThread "Handler for socket connection from /127.0.0.1:61648 to /127.0.0.1:61649" [_thread_in_native, id=2480, stack(0x0000000019100000,0x0000000019200000)]
  0x0000000017915800 JavaThread "Daemon" [_thread_blocked, id=1632, stack(0x0000000019000000,0x0000000019100000)]
  0x0000000017a5f000 JavaThread "Daemon periodic checks" [_thread_blocked, id=6224, stack(0x0000000018f00000,0x0000000019000000)]
  0x0000000017a0b800 JavaThread "Incoming local TCP Connector on port 61648" [_thread_in_native, id=7156, stack(0x0000000018ac0000,0x0000000018bc0000)]
  0x00000000175f5000 JavaThread "Daemon health stats" [_thread_blocked, id=324, stack(0x0000000018680000,0x0000000018780000)]
  0x0000000015713800 JavaThread "Service Thread" daemon [_thread_blocked, id=700, stack(0x0000000015ae0000,0x0000000015be0000)]
  0x0000000013d94000 JavaThread "C1 CompilerThread2" daemon [_thread_blocked, id=1096, stack(0x00000000155e0000,0x00000000156e0000)]
=>0x0000000013d85000 JavaThread "C2 CompilerThread1" daemon [_thread_in_native, id=5100, stack(0x00000000154e0000,0x00000000155e0000)]
  0x0000000013d80000 JavaThread "C2 CompilerThread0" daemon [_thread_in_native, id=3624, stack(0x00000000153e0000,0x00000000154e0000)]
  0x0000000013d7d800 JavaThread "Attach Listener" daemon [_thread_blocked, id=1700, stack(0x00000000152e0000,0x00000000153e0000)]
  0x0000000013d7a800 JavaThread "Signal Dispatcher" daemon [_thread_blocked, id=6808, stack(0x00000000151e0000,0x00000000152e0000)]
  0x000000000295c000 JavaThread "Finalizer" daemon [_thread_blocked, id=9116, stack(0x0000000014fe0000,0x00000000150e0000)]
  0x0000000013d69800 JavaThread "Reference Handler" daemon [_thread_blocked, id=8144, stack(0x0000000014ee0000,0x0000000014fe0000)]
  0x000000000285d800 JavaThread "main" [_thread_blocked, id=4344, stack(0x00000000026d0000,0x00000000027d0000)]

Other Threads:
  0x0000000013d47800 VMThread [stack: 0x0000000014de0000,0x0000000014ee0000] [id=1000]
  0x0000000015736000 WatcherThread [stack: 0x0000000015be0000,0x0000000015ce0000] [id=7812]

VM state:not at safepoint (normal execution)

VM Mutex/Monitor currently owned by a thread: None

heap address: 0x00000000e0000000, size: 512 MB, Compressed Oops mode: 32-bit
Narrow klass base: 0x0000000000000000, Narrow klass shift: 3
Compressed class space size: 1073741824 Address: 0x0000000100000000

Heap:
 PSYoungGen      total 76288K, used 42426K [0x00000000f5580000, 0x00000000faa80000, 0x0000000100000000)
  eden space 65536K, 64% used [0x00000000f5580000,0x00000000f7eee9a8,0x00000000f9580000)
  from space 10752K, 0% used [0x00000000fa000000,0x00000000fa000000,0x00000000faa80000)
  to   space 10752K, 0% used [0x00000000f9580000,0x00000000f9580000,0x00000000fa000000)
 ParOldGen       total 175104K, used 11398K [0x00000000e0000000, 0x00000000eab00000, 0x00000000f5580000)
  object space 175104K, 6% used [0x00000000e0000000,0x00000000e0b21818,0x00000000eab00000)
 Metaspace       used 33882K, capacity 35292K, committed 35712K, reserved 1091584K
  class space    used 4853K, capacity 5150K, committed 5248K, reserved 1048576K

Card table byte_map: [0x0000000011d20000,0x0000000011e30000] byte_map_base: 0x0000000011620000

Marking Bits: (ParMarkBitMap*) 0x000000006602af90
 Begin Bits: [0x00000000122e0000, 0x0000000012ae0000)
 End Bits:   [0x0000000012ae0000, 0x00000000132e0000)

Polling page: 0x0000000000e80000

CodeCache: size=245760Kb used=9673Kb max_used=9673Kb free=236086Kb
 bounds [0x0000000002960000, 0x00000000032e0000, 0x0000000011960000]
 total_blobs=3236 nmethods=2536 adapters=612
 compilation: enabled

Compilation events (10 events):
Event: 11.686 Thread 0x0000000013d94000 2824       1       java.lang.invoke.MethodHandleImpl$IntrinsicMethodHandle::getTarget (5 bytes)
Event: 11.686 Thread 0x0000000013d94000 nmethod 2824 0x00000000032d4090 code [0x00000000032d41e0, 0x00000000032d42f0]
Event: 11.722 Thread 0x0000000013d94000 2825       3       java.util.Collections::addAll (43 bytes)
Event: 11.722 Thread 0x0000000013d94000 nmethod 2825 0x00000000032d4350 code [0x00000000032d44c0, 0x00000000032d47c8]
Event: 11.739 Thread 0x0000000013d94000 2826       3       org.codehaus.groovy.runtime.metaclass.MetaMethodIndex::isNonRealMethod (55 bytes)
Event: 11.740 Thread 0x0000000013d94000 nmethod 2826 0x00000000032d4910 code [0x00000000032d4aa0, 0x00000000032d5410]
Event: 11.740 Thread 0x0000000013d94000 2827       3       org.codehaus.groovy.reflection.CachedClass::addSubclassExpandos (138 bytes)
Event: 11.742 Thread 0x0000000013d94000 nmethod 2827 0x00000000032d54d0 code [0x00000000032d5720, 0x00000000032d66b8]
Event: 11.767 Thread 0x0000000013d94000 2828       3       java.lang.reflect.Method::isVarArgs (5 bytes)
Event: 11.767 Thread 0x0000000013d94000 nmethod 2828 0x00000000032d6cd0 code [0x00000000032d6e40, 0x00000000032d7090]

GC Heap History (10 events):
Event: 9.380 GC heap before
{Heap before GC invocations=8 (full 2):
 PSYoungGen      total 76288K, used 4047K [0x00000000f5580000, 0x00000000faa80000, 0x0000000100000000)
  eden space 65536K, 0% used [0x00000000f5580000,0x00000000f5580000,0x00000000f9580000)
  from space 10752K, 37% used [0x00000000fa000000,0x00000000fa3f3ec8,0x00000000faa80000)
  to   space 10752K, 0% used [0x00000000f9580000,0x00000000f9580000,0x00000000fa000000)
 ParOldGen       total 175104K, used 9649K [0x00000000e0000000, 0x00000000eab00000, 0x00000000f5580000)
  object space 175104K, 5% used [0x00000000e0000000,0x00000000e096c4e8,0x00000000eab00000)
 Metaspace       used 26424K, capacity 27688K, committed 27904K, reserved 1079296K
  class space    used 3975K, capacity 4264K, committed 4352K, reserved 1048576K
Event: 9.436 GC heap after
Heap after GC invocations=8 (full 2):
 PSYoungGen      total 76288K, used 0K [0x00000000f5580000, 0x00000000faa80000, 0x0000000100000000)
  eden space 65536K, 0% used [0x00000000f5580000,0x00000000f5580000,0x00000000f9580000)
  from space 10752K, 0% used [0x00000000fa000000,0x00000000fa000000,0x00000000faa80000)
  to   space 10752K, 0% used [0x00000000f9580000,0x00000000f9580000,0x00000000fa000000)
 ParOldGen       total 175104K, used 11357K [0x00000000e0000000, 0x00000000eab00000, 0x00000000f5580000)
  object space 175104K, 6% used [0x00000000e0000000,0x00000000e0b17560,0x00000000eab00000)
 Metaspace       used 26418K, capacity 27670K, committed 27904K, reserved 1077248K
  class space    used 3973K, capacity 4261K, committed 4352K, reserved 1048576K
}
Event: 9.722 GC heap before
{Heap before GC invocations=9 (full 2):
 PSYoungGen      total 76288K, used 10157K [0x00000000f5580000, 0x00000000faa80000, 0x0000000100000000)
  eden space 65536K, 15% used [0x00000000f5580000,0x00000000f5f6b590,0x00000000f9580000)
  from space 10752K, 0% used [0x00000000fa000000,0x00000000fa000000,0x00000000faa80000)
  to   space 10752K, 0% used [0x00000000f9580000,0x00000000f9580000,0x00000000fa000000)
 ParOldGen       total 175104K, used 11357K [0x00000000e0000000, 0x00000000eab00000, 0x00000000f5580000)
  object space 175104K, 6% used [0x00000000e0000000,0x00000000e0b17560,0x00000000eab00000)
 Metaspace       used 27522K, capacity 28842K, committed 29056K, reserved 1085440K
  class space    used 4135K, capacity 4408K, committed 4480K, reserved 1048576K
Event: 9.726 GC heap after
Heap after GC invocations=9 (full 2):
 PSYoungGen      total 76288K, used 1139K [0x00000000f5580000, 0x00000000faa80000, 0x0000000100000000)
  eden space 65536K, 0% used [0x00000000f5580000,0x00000000f5580000,0x00000000f9580000)
  from space 10752K, 10% used [0x00000000f9580000,0x00000000f969ce90,0x00000000fa000000)
  to   space 10752K, 0% used [0x00000000fa000000,0x00000000fa000000,0x00000000faa80000)
 ParOldGen       total 175104K, used 11357K [0x00000000e0000000, 0x00000000eab00000, 0x00000000f5580000)
  object space 175104K, 6% used [0x00000000e0000000,0x00000000e0b17560,0x00000000eab00000)
 Metaspace       used 27522K, capacity 28842K, committed 29056K, reserved 1085440K
  class space    used 4135K, capacity 4408K, committed 4480K, reserved 1048576K
}
Event: 9.726 GC heap before
{Heap before GC invocations=10 (full 3):
 PSYoungGen      total 76288K, used 1139K [0x00000000f5580000, 0x00000000faa80000, 0x0000000100000000)
  eden space 65536K, 0% used [0x00000000f5580000,0x00000000f5580000,0x00000000f9580000)
  from space 10752K, 10% used [0x00000000f9580000,0x00000000f969ce90,0x00000000fa000000)
  to   space 10752K, 0% used [0x00000000fa000000,0x00000000fa000000,0x00000000faa80000)
 ParOldGen       total 175104K, used 11357K [0x00000000e0000000, 0x00000000eab00000, 0x00000000f5580000)
  object space 175104K, 6% used [0x00000000e0000000,0x00000000e0b17560,0x00000000eab00000)
 Metaspace       used 27522K, capacity 28842K, committed 29056K, reserved 1085440K
  class space    used 4135K, capacity 4408K, committed 4480K, reserved 1048576K
Event: 9.925 GC heap after
Heap after GC invocations=10 (full 3):
 PSYoungGen      total 76288K, used 0K [0x00000000f5580000, 0x00000000faa80000, 0x0000000100000000)
  eden space 65536K, 0% used [0x00000000f5580000,0x00000000f5580000,0x00000000f9580000)
  from space 10752K, 0% used [0x00000000f9580000,0x00000000f9580000,0x00000000fa000000)
  to   space 10752K, 0% used [0x00000000fa000000,0x00000000fa000000,0x00000000faa80000)
 ParOldGen       total 175104K, used 10441K [0x00000000e0000000, 0x00000000eab00000, 0x00000000f5580000)
  object space 175104K, 5% used [0x00000000e0000000,0x00000000e0a327a8,0x00000000eab00000)
 Metaspace       used 27522K, capacity 28842K, committed 29056K, reserved 1081344K
  class space    used 4135K, capacity 4408K, committed 4480K, reserved 1048576K
}
Event: 10.200 GC heap before
{Heap before GC invocations=11 (full 3):
 PSYoungGen      total 76288K, used 8104K [0x00000000f5580000, 0x00000000faa80000, 0x0000000100000000)
  eden space 65536K, 12% used [0x00000000f5580000,0x00000000f5d6a188,0x00000000f9580000)
  from space 10752K, 0% used [0x00000000f9580000,0x00000000f9580000,0x00000000fa000000)
  to   space 10752K, 0% used [0x00000000fa000000,0x00000000fa000000,0x00000000faa80000)
 ParOldGen       total 175104K, used 10441K [0x00000000e0000000, 0x00000000eab00000, 0x00000000f5580000)
  object space 175104K, 5% used [0x00000000e0000000,0x00000000e0a327a8,0x00000000eab00000)
 Metaspace       used 28655K, capacity 29962K, committed 30208K, reserved 1089536K
  class space    used 4287K, capacity 4563K, committed 4608K, reserved 1048576K
Event: 10.204 GC heap after
Heap after GC invocations=11 (full 3):
 PSYoungGen      total 76288K, used 1777K [0x00000000f5580000, 0x00000000faa80000, 0x0000000100000000)
  eden space 65536K, 0% used [0x00000000f5580000,0x00000000f5580000,0x00000000f9580000)
  from space 10752K, 16% used [0x00000000fa000000,0x00000000fa1bc4c8,0x00000000faa80000)
  to   space 10752K, 0% used [0x00000000f9580000,0x00000000f9580000,0x00000000fa000000)
 ParOldGen       total 175104K, used 10441K [0x00000000e0000000, 0x00000000eab00000, 0x00000000f5580000)
  object space 175104K, 5% used [0x00000000e0000000,0x00000000e0a327a8,0x00000000eab00000)
 Metaspace       used 28655K, capacity 29962K, committed 30208K, reserved 1089536K
  class space    used 4287K, capacity 4563K, committed 4608K, reserved 1048576K
}
Event: 10.204 GC heap before
{Heap before GC invocations=12 (full 4):
 PSYoungGen      total 76288K, used 1777K [0x00000000f5580000, 0x00000000faa80000, 0x0000000100000000)
  eden space 65536K, 0% used [0x00000000f5580000,0x00000000f5580000,0x00000000f9580000)
  from space 10752K, 16% used [0x00000000fa000000,0x00000000fa1bc4c8,0x00000000faa80000)
  to   space 10752K, 0% used [0x00000000f9580000,0x00000000f9580000,0x00000000fa000000)
 ParOldGen       total 175104K, used 10441K [0x00000000e0000000, 0x00000000eab00000, 0x00000000f5580000)
  object space 175104K, 5% used [0x00000000e0000000,0x00000000e0a327a8,0x00000000eab00000)
 Metaspace       used 28655K, capacity 29962K, committed 30208K, reserved 1089536K
  class space    used 4287K, capacity 4563K, committed 4608K, reserved 1048576K
Event: 10.261 GC heap after
Heap after GC invocations=12 (full 4):
 PSYoungGen      total 76288K, used 0K [0x00000000f5580000, 0x00000000faa80000, 0x0000000100000000)
  eden space 65536K, 0% used [0x00000000f5580000,0x00000000f5580000,0x00000000f9580000)
  from space 10752K, 0% used [0x00000000fa000000,0x00000000fa000000,0x00000000faa80000)
  to   space 10752K, 0% used [0x00000000f9580000,0x00000000f9580000,0x00000000fa000000)
 ParOldGen       total 175104K, used 11398K [0x00000000e0000000, 0x00000000eab00000, 0x00000000f5580000)
  object space 175104K, 6% used [0x00000000e0000000,0x00000000e0b21818,0x00000000eab00000)
 Metaspace       used 28655K, capacity 29962K, committed 30208K, reserved 1087488K
  class space    used 4287K, capacity 4563K, committed 4608K, reserved 1048576K
}

Deoptimization events (10 events):
Event: 8.417 Thread 0x00000000179ce000 Uncommon trap: reason=unstable_if action=reinterpret pc=0x00000000030c0790 method=java.net.URLStreamHandler.sameFile(Ljava/net/URL;Ljava/net/URL;)Z @ 63
Event: 8.807 Thread 0x00000000179ce000 Uncommon trap: reason=unstable_if action=reinterpret pc=0x0000000002e7fda4 method=java.io.WinNTFileSystem.isLetter(C)Z @ 15
Event: 8.901 Thread 0x00000000179ce000 Uncommon trap: reason=unstable_if action=reinterpret pc=0x0000000002e4c1a0 method=java.util.HashMap.hash(Ljava/lang/Object;)I @ 1
Event: 8.901 Thread 0x00000000179ce000 Uncommon trap: reason=unstable_if action=reinterpret pc=0x0000000002f1a1a8 method=java.util.HashMap.hash(Ljava/lang/Object;)I @ 1
Event: 9.666 Thread 0x000000001837b800 Uncommon trap: reason=unstable_if action=reinterpret pc=0x0000000002dbecf0 method=java.lang.String.regionMatches(ZILjava/lang/String;II)Z @ 123
Event: 9.666 Thread 0x000000001837b800 Uncommon trap: reason=unstable_if action=reinterpret pc=0x0000000002e89828 method=java.lang.String.regionMatches(ZILjava/lang/String;II)Z @ 123
Event: 9.925 Thread 0x0000000013d69800 Uncommon trap: reason=unstable_if action=reinterpret pc=0x0000000002f70a3c method=java.lang.ref.Reference.tryHandlePending(Z)Z @ 104
Event: 9.936 Thread 0x00000000179ce000 Uncommon trap: reason=unstable_if action=reinterpret pc=0x0000000003091fec method=java.lang.ClassLoader.getClassLoadingLock(Ljava/lang/String;)Ljava/lang/Object; @ 6
Event: 10.097 Thread 0x00000000179ce000 Uncommon trap: reason=unstable_if action=reinterpret pc=0x0000000002ca4ec4 method=sun.misc.MetaIndex.mayContain(Ljava/lang/String;)Z @ 38
Event: 10.800 Thread 0x00000000179ce000 Uncommon trap: reason=unstable_if action=reinterpret pc=0x0000000002d85de4 method=sun.misc.URLClassPath$JarLoader.getResource(Ljava/lang/String;ZLjava/util/Set;)Lsun/misc/Resource; @ 17

Classes redefined (0 events):
No events

Internal exceptions (10 events):
Event: 11.132 Thread 0x00000000179ce000 Exception <a 'java/lang/ClassNotFoundException': groovy/lang/ClosureBeanInfo> (0x00000000f681af98) thrown at [C:\jenkins\workspace\8-2-build-windows-amd64-cygwin\jdk8u251\737\hotspot\src\share\vm\classfile\systemDictionary.cpp, line 210]
Event: 11.134 Thread 0x00000000179ce000 Exception <a 'java/lang/ClassNotFoundException': groovy/lang/ClosureCustomizer> (0x00000000f686c3b8) thrown at [C:\jenkins\workspace\8-2-build-windows-amd64-cygwin\jdk8u251\737\hotspot\src\share\vm\classfile\systemDictionary.cpp, line 210]
Event: 11.140 Thread 0x00000000179ce000 Exception <a 'java/lang/ClassNotFoundException': groovy/lang/Closure$1Customizer> (0x00000000f68ea738) thrown at [C:\jenkins\workspace\8-2-build-windows-amd64-cygwin\jdk8u251\737\hotspot\src\share\vm\classfile\systemDictionary.cpp, line 210]
Event: 11.280 Thread 0x00000000179ce000 Exception <a 'java/lang/ClassNotFoundException': org/gradle/internal/metaobject/ConfigureDelegateBeanInfo> (0x00000000f6e6fcc8) thrown at [C:\jenkins\workspace\8-2-build-windows-amd64-cygwin\jdk8u251\737\hotspot\src\share\vm\classfile\systemDictionary.cpp
Event: 11.281 Thread 0x00000000179ce000 Exception <a 'java/lang/ClassNotFoundException': org/gradle/internal/metaobject/ConfigureDelegateCustomizer> (0x00000000f6ea7c38) thrown at [C:\jenkins\workspace\8-2-build-windows-amd64-cygwin\jdk8u251\737\hotspot\src\share\vm\classfile\systemDictionary.c
Event: 11.293 Thread 0x00000000179ce000 Exception <a 'java/lang/ClassNotFoundException': org/gradle/api/internal/initialization/DefaultScriptHandlerBeanInfo> (0x00000000f6f5a458) thrown at [C:\jenkins\workspace\8-2-build-windows-amd64-cygwin\jdk8u251\737\hotspot\src\share\vm\classfile\systemDic
Event: 11.295 Thread 0x00000000179ce000 Exception <a 'java/lang/ClassNotFoundException': org/gradle/api/internal/initialization/DefaultScriptHandlerCustomizer> (0x00000000f6f9b670) thrown at [C:\jenkins\workspace\8-2-build-windows-amd64-cygwin\jdk8u251\737\hotspot\src\share\vm\classfile\systemD
Event: 11.746 Thread 0x00000000179ce000 Exception <a 'java/lang/ClassNotFoundException': org/gradle/api/internal/artifacts/dsl/dependencies/DefaultDependencyHandler_DecoratedBeanInfo> (0x00000000f7cd7da8) thrown at [C:\jenkins\workspace\8-2-build-windows-amd64-cygwin\jdk8u251\737\hotspot\src\sh
Event: 11.763 Thread 0x00000000179ce000 Exception <a 'java/lang/ClassNotFoundException': org/gradle/api/internal/artifacts/dsl/dependencies/DefaultDependencyHandlerBeanInfo> (0x00000000f7d3c5b8) thrown at [C:\jenkins\workspace\8-2-build-windows-amd64-cygwin\jdk8u251\737\hotspot\src\share\vm\cla
Event: 11.765 Thread 0x00000000179ce000 Exception <a 'java/lang/ClassNotFoundException': org/gradle/api/internal/artifacts/dsl/dependencies/DefaultDependencyHandlerCustomizer> (0x00000000f7da1d88) thrown at [C:\jenkins\workspace\8-2-build-windows-amd64-cygwin\jdk8u251\737\hotspot\src\share\vm\c

Events (10 events):
Event: 11.762 loading class org/gradle/api/internal/artifacts/dsl/dependencies/DefaultDependencyHandlerBeanInfo
Event: 11.762 loading class org/gradle/api/internal/artifacts/dsl/dependencies/DefaultDependencyHandlerBeanInfo done
Event: 11.763 loading class org/gradle/api/internal/artifacts/dsl/dependencies/DefaultDependencyHandlerCustomizer
Event: 11.763 loading class org/gradle/api/internal/artifacts/dsl/dependencies/DefaultDependencyHandlerCustomizer done
Event: 11.764 loading class org/gradle/api/internal/artifacts/dsl/dependencies/DefaultDependencyHandlerCustomizer
Event: 11.764 loading class org/gradle/api/internal/artifacts/dsl/dependencies/DefaultDependencyHandlerCustomizer done
Event: 11.764 loading class org/gradle/api/internal/artifacts/dsl/dependencies/DefaultDependencyHandlerCustomizer
Event: 11.764 loading class org/gradle/api/internal/artifacts/dsl/dependencies/DefaultDependencyHandlerCustomizer done
Event: 11.765 loading class org/gradle/api/internal/artifacts/dsl/dependencies/DefaultDependencyHandlerCustomizer
Event: 11.765 loading class org/gradle/api/internal/artifacts/dsl/dependencies/DefaultDependencyHandlerCustomizer done


Dynamic libraries:
0x00007ff6f6b90000 - 0x00007ff6f6bc7000 	C:\Program Files\Java\jdk1.8.0_251\bin\java.exe
0x00007ffc54db0000 - 0x00007ffc54fa5000 	C:\Windows\SYSTEM32\ntdll.dll
0x00007ffc547e0000 - 0x00007ffc5489e000 	C:\Windows\System32\KERNEL32.DLL
0x00007ffc52b20000 - 0x00007ffc52de8000 	C:\Windows\System32\KERNELBASE.dll
0x00007ffc530a0000 - 0x00007ffc5314e000 	C:\Windows\System32\ADVAPI32.dll
0x00007ffc548b0000 - 0x00007ffc5494e000 	C:\Windows\System32\msvcrt.dll
0x00007ffc54740000 - 0x00007ffc547dc000 	C:\Windows\System32\sechost.dll
0x00007ffc52e00000 - 0x00007ffc52f25000 	C:\Windows\System32\RPCRT4.dll
0x00007ffc54b00000 - 0x00007ffc54ca1000 	C:\Windows\System32\USER32.dll
0x00007ffc52630000 - 0x00007ffc52652000 	C:\Windows\System32\win32u.dll
0x00007ffc53070000 - 0x00007ffc5309b000 	C:\Windows\System32\GDI32.dll
0x00007ffc52660000 - 0x00007ffc5276d000 	C:\Windows\System32\gdi32full.dll
0x00007ffc52770000 - 0x00007ffc5280d000 	C:\Windows\System32\msvcp_win.dll
0x00007ffc52810000 - 0x00007ffc52910000 	C:\Windows\System32\ucrtbase.dll
0x00007ffc45920000 - 0x00007ffc45bba000 	C:\Windows\WinSxS\amd64_microsoft.windows.common-controls_6595b64144ccf1df_6.0.19041.1110_none_60b5254171f9507e\COMCTL32.dll
0x00007ffc53560000 - 0x00007ffc53590000 	C:\Windows\System32\IMM32.DLL
0x00000000660b0000 - 0x0000000066182000 	C:\Program Files\Java\jdk1.8.0_251\jre\bin\msvcr100.dll
0x0000000065800000 - 0x00000000660ab000 	C:\Program Files\Java\jdk1.8.0_251\jre\bin\server\jvm.dll
0x00007ffc52df0000 - 0x00007ffc52df8000 	C:\Windows\System32\PSAPI.DLL
0x00007ffc4f850000 - 0x00007ffc4f859000 	C:\Windows\SYSTEM32\WSOCK32.dll
0x00007ffc54950000 - 0x00007ffc549bb000 	C:\Windows\System32\WS2_32.dll
0x00007ffc4c270000 - 0x00007ffc4c297000 	C:\Windows\SYSTEM32\WINMM.dll
0x00007ffc441d0000 - 0x00007ffc441da000 	C:\Windows\SYSTEM32\VERSION.dll
0x00007ffc4d330000 - 0x00007ffc4d33f000 	C:\Program Files\Java\jdk1.8.0_251\jre\bin\verify.dll
0x00007ffc43b90000 - 0x00007ffc43bb9000 	C:\Program Files\Java\jdk1.8.0_251\jre\bin\java.dll
0x00007ffc479e0000 - 0x00007ffc479f6000 	C:\Program Files\Java\jdk1.8.0_251\jre\bin\zip.dll
0x00007ffc53d90000 - 0x00007ffc544d4000 	C:\Windows\System32\SHELL32.dll
0x00007ffc505b0000 - 0x00007ffc50d45000 	C:\Windows\SYSTEM32\windows.storage.dll
0x00007ffc53150000 - 0x00007ffc534a5000 	C:\Windows\System32\combase.dll
0x00007ffc51ea0000 - 0x00007ffc51ece000 	C:\Windows\SYSTEM32\Wldp.dll
0x00007ffc534b0000 - 0x00007ffc5355d000 	C:\Windows\System32\SHCORE.dll
0x00007ffc54cb0000 - 0x00007ffc54d05000 	C:\Windows\System32\shlwapi.dll
0x00007ffc52400000 - 0x00007ffc5241f000 	C:\Windows\SYSTEM32\profapi.dll
0x00007ffc43b00000 - 0x00007ffc43b1a000 	C:\Program Files\Java\jdk1.8.0_251\jre\bin\net.dll
0x00007ffc51ba0000 - 0x00007ffc51c0a000 	C:\Windows\system32\mswsock.dll
0x00007ffc3ee10000 - 0x00007ffc3ee22000 	C:\Program Files\Java\jdk1.8.0_251\jre\bin\nio.dll
0x00007ffc40010000 - 0x00007ffc40037000 	C:\Users\Admin\.gradle\native\e1d6ef7f7dcc3fd88c89a11ec53ec762bb8ba0a96d01ffa2cd45eb1d1d8dd5c5\windows-amd64\native-platform.dll
0x00007ffc29b00000 - 0x00007ffc29c44000 	C:\Users\Admin\.gradle\native\5664cfc778a61ccfe75a443a1ab52a65af34e5dc3c78e0209fed803814484fcb\windows-amd64\native-platform-file-events.dll
0x00007ffc4d2e0000 - 0x00007ffc4d2ed000 	C:\Program Files\Java\jdk1.8.0_251\jre\bin\management.dll
0x00007ffc51d90000 - 0x00007ffc51da8000 	C:\Windows\SYSTEM32\CRYPTSP.dll
0x00007ffc51520000 - 0x00007ffc51554000 	C:\Windows\system32\rsaenh.dll
0x00007ffc52550000 - 0x00007ffc52577000 	C:\Windows\System32\bcrypt.dll
0x00007ffc52380000 - 0x00007ffc523ae000 	C:\Windows\SYSTEM32\USERENV.dll
0x00007ffc524c0000 - 0x00007ffc52542000 	C:\Windows\System32\bcryptprimitives.dll
0x00007ffc51db0000 - 0x00007ffc51dbc000 	C:\Windows\SYSTEM32\CRYPTBASE.dll
0x00007ffc51890000 - 0x00007ffc518cb000 	C:\Windows\SYSTEM32\IPHLPAPI.DLL
0x00007ffc549c0000 - 0x00007ffc549c8000 	C:\Windows\System32\NSI.dll
0x00007ffc488d0000 - 0x00007ffc488e7000 	C:\Windows\SYSTEM32\dhcpcsvc6.DLL
0x00007ffc49580000 - 0x00007ffc4959d000 	C:\Windows\SYSTEM32\dhcpcsvc.DLL
0x00007ffc518d0000 - 0x00007ffc5199b000 	C:\Windows\SYSTEM32\DNSAPI.dll

VM Arguments:
jvm_args: -XX:MaxMetaspaceSize=256m -XX:+HeapDumpOnOutOfMemoryError -Xms256m -Xmx512m -Dfile.encoding=windows-1252 -Duser.country=US -Duser.language=en -Duser.variant 
java_command: org.gradle.launcher.daemon.bootstrap.GradleDaemon 7.3.2
java_class_path (initial): C:\Users\Admin\.gradle\wrapper\dists\gradle-7.3.2-all\4h7zmfyirw3l9vsxqbzv7bhr8\gradle-7.3.2\lib\gradle-launcher-7.3.2.jar
Launcher Type: SUN_STANDARD

Environment Variables:
PATH=C:\Program Files (x86)\Common Files\Oracle\Java\javapath;C:\Windows\system32;C:\Windows;C:\Windows\System32\Wbem;C:\Windows\System32\WindowsPowerShell\v1.0\;C:\Windows\System32\OpenSSH\;C:\Program Files\Git\cmd;C:\Users\Admin\AppData\Local\Microsoft\WindowsApps;
USERNAME=Admin
OS=Windows_NT
PROCESSOR_IDENTIFIER=Intel64 Family 6 Model 58 Stepping 9, GenuineIntel



---------------  S Y S T E M  ---------------

OS: Windows 10.0 , 64 bit Build 19041 (10.0.19041.1466)

CPU:total 4 (initial active 4) (2 cores per cpu, 2 threads per core) family 6 model 58 stepping 9, cmov, cx8, fxsr, mmx, sse, sse2, sse3, ssse3, sse4.1, sse4.2, popcnt, avx, clmul, erms, ht, tsc, tscinvbit, tscinv

Memory: 4k page, physical 8260968k(889164k free), swap 8260968k(5236k free)

vm_info: Java HotSpot(TM) 64-Bit Server VM (25.251-b08) for windows-amd64 JRE (1.8.0_251-b08), built on Mar 12 2020 06:31:49 by "" with MS VC++ 10.0 (VS2010)

time: Tue Jan 18 16:14:04 2022
timezone: SE Asia Standard Time
elapsed time: 11 seconds (0d 0h 0m 11s)

