#
# There is insufficient memory for the Java Runtime Environment to continue.
# Native memory allocation (malloc) failed to allocate 515056 bytes for Chunk::new
# Possible reasons:
#   The system is out of physical RAM or swap space
#   The process is running with CompressedOops enabled, and the Java Heap may be blocking the growth of the native heap
# Possible solutions:
#   Reduce memory load on the system
#   Increase physical memory or swap space
#   Check if swap backing store is full
#   Decrease Java heap size (-Xmx/-Xms)
#   Decrease number of Java threads
#   Decrease Java thread stack sizes (-Xss)
#   Set larger code cache with -XX:ReservedCodeCacheSize=
#   JVM is running with Unscaled Compressed Oops mode in which the Java heap is
#     placed in the first 4GB address space. The Java Heap base address is the
#     maximum limit for the native heap growth. Please use -XX:HeapBaseMinAddress
#     to set the Java Heap base and to place the Java Heap above 4GB virtual address.
# This output file may be truncated or incomplete.
#
#  Out of Memory Error (allocation.cpp:389), pid=5428, tid=0x0000000000001f90
#
# JRE version: Java(TM) SE Runtime Environment (8.0_251-b08) (build 1.8.0_251-b08)
# Java VM: Java HotSpot(TM) 64-Bit Server VM (25.251-b08 mixed mode windows-amd64 compressed oops)
# Failed to write core dump. Minidumps are not enabled by default on client versions of Windows
#

---------------  T H R E A D  ---------------

Current thread (0x0000000013814000):  JavaThread "C2 CompilerThread1" daemon [_thread_in_native, id=8080, stack(0x0000000014f80000,0x0000000015080000)]

Stack: [0x0000000014f80000,0x0000000015080000]
[error occurred during error reporting (printing stack bounds), id 0xc0000005]

Native frames: (J=compiled Java code, j=interpreted, Vv=VM code, C=native code)


Current CompileTask:
C2:   5206 1456   !   4       java.lang.ClassLoader::loadClass (122 bytes)


---------------  P R O C E S S  ---------------

Java Threads: ( => current thread )
  0x00000000174f6800 JavaThread "Daemon client event forwarder" [_thread_blocked, id=2888, stack(0x00000000190a0000,0x00000000191a0000)]
  0x00000000174f1800 JavaThread "Stdin handler" [_thread_blocked, id=7976, stack(0x0000000018fa0000,0x00000000190a0000)]
  0x00000000174d8000 JavaThread "Asynchronous log dispatcher for DefaultDaemonConnection: socket connection from /127.0.0.1:64699 to /127.0.0.1:64700" [_thread_blocked, id=2880, stack(0x0000000018ea0000,0x0000000018fa0000)]
  0x00000000174d4800 JavaThread "Daemon worker" [_thread_in_Java, id=736, stack(0x0000000018da0000,0x0000000018ea0000)]
  0x00000000174d1000 JavaThread "Cancel handler" [_thread_blocked, id=480, stack(0x0000000018ca0000,0x0000000018da0000)]
  0x000000001747e800 JavaThread "Handler for socket connection from /127.0.0.1:64699 to /127.0.0.1:64700" [_thread_in_native, id=6592, stack(0x0000000018ba0000,0x0000000018ca0000)]
  0x0000000017480000 JavaThread "Daemon periodic checks" [_thread_blocked, id=7616, stack(0x0000000018aa0000,0x0000000018ba0000)]
  0x000000001747c800 JavaThread "Daemon" [_thread_blocked, id=1308, stack(0x00000000189a0000,0x0000000018aa0000)]
  0x0000000017284800 JavaThread "Incoming local TCP Connector on port 64699" [_thread_in_native, id=7112, stack(0x0000000018560000,0x0000000018660000)]
  0x000000001723f000 JavaThread "Daemon health stats" [_thread_blocked, id=5684, stack(0x0000000018120000,0x0000000018220000)]
  0x00000000151a9800 JavaThread "Service Thread" daemon [_thread_blocked, id=3660, stack(0x0000000015580000,0x0000000015680000)]
  0x000000001381a800 JavaThread "C1 CompilerThread2" daemon [_thread_blocked, id=6248, stack(0x0000000015080000,0x0000000015180000)]
=>0x0000000013814000 JavaThread "C2 CompilerThread1" daemon [_thread_in_native, id=8080, stack(0x0000000014f80000,0x0000000015080000)]
  0x000000001380f000 JavaThread "C2 CompilerThread0" daemon [_thread_blocked, id=7256, stack(0x0000000014e80000,0x0000000014f80000)]
  0x000000001380c800 JavaThread "Attach Listener" daemon [_thread_blocked, id=304, stack(0x0000000014d80000,0x0000000014e80000)]
  0x000000001380b800 JavaThread "Signal Dispatcher" daemon [_thread_blocked, id=832, stack(0x0000000014c80000,0x0000000014d80000)]
  0x00000000023ed000 JavaThread "Finalizer" daemon [_thread_blocked, id=6656, stack(0x0000000014a80000,0x0000000014b80000)]
  0x00000000137fa000 JavaThread "Reference Handler" daemon [_thread_blocked, id=7120, stack(0x0000000014980000,0x0000000014a80000)]
  0x00000000022bd800 JavaThread "main" [_thread_blocked, id=180, stack(0x0000000002190000,0x0000000002290000)]

Other Threads:
  0x00000000137d8000 VMThread [stack: 0x0000000014880000,0x0000000014980000] [id=7076]
  0x00000000151aa000 WatcherThread [stack: 0x0000000015680000,0x0000000015780000] [id=3552]

VM state:not at safepoint (normal execution)

VM Mutex/Monitor currently owned by a thread: None

heap address: 0x00000000e0000000, size: 512 MB, Compressed Oops mode: 32-bit
Narrow klass base: 0x0000000000000000, Narrow klass shift: 3
Compressed class space size: 1073741824 Address: 0x0000000100000000

Heap:
 PSYoungGen      total 76288K, used 62122K [0x00000000f5580000, 0x00000000faa80000, 0x0000000100000000)
  eden space 65536K, 84% used [0x00000000f5580000,0x00000000f8bbe960,0x00000000f9580000)
  from space 10752K, 61% used [0x00000000f9580000,0x00000000f9bec0d8,0x00000000fa000000)
  to   space 10752K, 0% used [0x00000000fa000000,0x00000000fa000000,0x00000000faa80000)
 ParOldGen       total 175104K, used 8K [0x00000000e0000000, 0x00000000eab00000, 0x00000000f5580000)
  object space 175104K, 0% used [0x00000000e0000000,0x00000000e0002000,0x00000000eab00000)
 Metaspace       used 13193K, capacity 13588K, committed 13696K, reserved 1060864K
  class space    used 1819K, capacity 1912K, committed 1920K, reserved 1048576K

Card table byte_map: [0x00000000117b0000,0x00000000118c0000] byte_map_base: 0x00000000110b0000

Marking Bits: (ParMarkBitMap*) 0x000000005245af90
 Begin Bits: [0x0000000011d70000, 0x0000000012570000)
 End Bits:   [0x0000000012570000, 0x0000000012d70000)

Polling page: 0x0000000000980000

CodeCache: size=245760Kb used=5315Kb max_used=5317Kb free=240444Kb
 bounds [0x00000000023f0000, 0x0000000002930000, 0x00000000113f0000]
 total_blobs=1872 nmethods=1471 adapters=313
 compilation: enabled

Compilation events (10 events):
Event: 5.183 Thread 0x000000001381a800 nmethod 1468 0x000000000291c590 code [0x000000000291c700, 0x000000000291c8e8]
Event: 5.183 Thread 0x000000001380f000 nmethod 1467 0x0000000002915c90 code [0x0000000002915dc0, 0x0000000002915e38]
Event: 5.187 Thread 0x000000001381a800 1469       1       java.util.LinkedList::size (5 bytes)
Event: 5.187 Thread 0x000000001381a800 nmethod 1469 0x0000000002919050 code [0x00000000029191a0, 0x00000000029192b0]
Event: 5.193 Thread 0x000000001381a800 1470       3       org.gradle.internal.service.RelevantMethods::takesReturnTypeAsParameter (42 bytes)
Event: 5.194 Thread 0x000000001381a800 nmethod 1470 0x0000000002923550 code [0x00000000029236e0, 0x0000000002923d88]
Event: 5.194 Thread 0x000000001381a800 1471       3       org.gradle.internal.reflect.JavaMethod::<init> (20 bytes)
Event: 5.195 Thread 0x000000001381a800 nmethod 1471 0x0000000002922d50 code [0x0000000002922ee0, 0x0000000002923358]
Event: 5.195 Thread 0x000000001381a800 1472       3       org.gradle.internal.service.ReflectionBasedServiceMethod::<init> (16 bytes)
Event: 5.196 Thread 0x000000001381a800 nmethod 1472 0x0000000002922210 code [0x00000000029223c0, 0x00000000029229c8]

GC Heap History (2 events):
Event: 2.984 GC heap before
{Heap before GC invocations=1 (full 0):
 PSYoungGen      total 76288K, used 65536K [0x00000000f5580000, 0x00000000faa80000, 0x0000000100000000)
  eden space 65536K, 100% used [0x00000000f5580000,0x00000000f9580000,0x00000000f9580000)
  from space 10752K, 0% used [0x00000000fa000000,0x00000000fa000000,0x00000000faa80000)
  to   space 10752K, 0% used [0x00000000f9580000,0x00000000f9580000,0x00000000fa000000)
 ParOldGen       total 175104K, used 0K [0x00000000e0000000, 0x00000000eab00000, 0x00000000f5580000)
  object space 175104K, 0% used [0x00000000e0000000,0x00000000e0000000,0x00000000eab00000)
 Metaspace       used 7515K, capacity 7712K, committed 7936K, reserved 1056768K
  class space    used 944K, capacity 1022K, committed 1024K, reserved 1048576K
Event: 2.996 GC heap after
Heap after GC invocations=1 (full 0):
 PSYoungGen      total 76288K, used 6576K [0x00000000f5580000, 0x00000000faa80000, 0x0000000100000000)
  eden space 65536K, 0% used [0x00000000f5580000,0x00000000f5580000,0x00000000f9580000)
  from space 10752K, 61% used [0x00000000f9580000,0x00000000f9bec0d8,0x00000000fa000000)
  to   space 10752K, 0% used [0x00000000fa000000,0x00000000fa000000,0x00000000faa80000)
 ParOldGen       total 175104K, used 8K [0x00000000e0000000, 0x00000000eab00000, 0x00000000f5580000)
  object space 175104K, 0% used [0x00000000e0000000,0x00000000e0002000,0x00000000eab00000)
 Metaspace       used 7515K, capacity 7712K, committed 7936K, reserved 1056768K
  class space    used 944K, capacity 1022K, committed 1024K, reserved 1048576K
}

Deoptimization events (10 events):
Event: 3.491 Thread 0x00000000022bd800 Uncommon trap: reason=class_check action=maybe_recompile pc=0x0000000002777684 method=java.util.regex.Matcher.match(II)Z @ 86
Event: 3.616 Thread 0x00000000022bd800 Uncommon trap: reason=unstable_if action=reinterpret pc=0x00000000027549f0 method=java.util.LinkedHashMap.afterNodeInsertion(Z)V @ 1
Event: 3.618 Thread 0x00000000022bd800 Uncommon trap: reason=unstable_if action=reinterpret pc=0x0000000002650b74 method=java.util.HashMap.getNode(ILjava/lang/Object;)Ljava/util/HashMap$Node; @ 129
Event: 3.618 Thread 0x00000000022bd800 Uncommon trap: reason=bimorphic action=maybe_recompile pc=0x0000000002678000 method=java.util.HashMap.putVal(ILjava/lang/Object;Ljava/lang/Object;ZZ)Ljava/lang/Object; @ 203
Event: 3.760 Thread 0x00000000022bd800 Uncommon trap: reason=unstable_if action=reinterpret pc=0x000000000264cffc method=java.util.HashMap.getNode(ILjava/lang/Object;)Ljava/util/HashMap$Node; @ 129
Event: 3.760 Thread 0x00000000022bd800 Uncommon trap: reason=bimorphic action=maybe_recompile pc=0x0000000002678000 method=java.util.HashMap.putVal(ILjava/lang/Object;Ljava/lang/Object;ZZ)Ljava/lang/Object; @ 203
Event: 4.146 Thread 0x00000000022bd800 Uncommon trap: reason=unstable_if action=reinterpret pc=0x000000000275c218 method=java.io.WinNTFileSystem.normalize(Ljava/lang/String;)Ljava/lang/String; @ 128
Event: 4.813 Thread 0x000000001747e800 Uncommon trap: reason=unstable_if action=reinterpret pc=0x000000000285cddc method=java.util.concurrent.ConcurrentHashMap.putVal(Ljava/lang/Object;Ljava/lang/Object;Z)Ljava/lang/Object; @ 206
Event: 4.932 Thread 0x00000000174d4800 Uncommon trap: reason=bimorphic action=maybe_recompile pc=0x00000000028756d8 method=java.util.HashMap.putVal(ILjava/lang/Object;Ljava/lang/Object;ZZ)Ljava/lang/Object; @ 253
Event: 4.933 Thread 0x00000000174d4800 Uncommon trap: reason=bimorphic action=maybe_recompile pc=0x00000000028756d8 method=java.util.HashMap.putVal(ILjava/lang/Object;Ljava/lang/Object;ZZ)Ljava/lang/Object; @ 253

Classes redefined (0 events):
No events

Internal exceptions (10 events):
Event: 1.886 Thread 0x00000000022bd800 Exception <a 'java/lang/ArrayIndexOutOfBoundsException'> (0x00000000f7017050) thrown at [C:\jenkins\workspace\8-2-build-windows-amd64-cygwin\jdk8u251\737\hotspot\src\share\vm\runtime\sharedRuntime.cpp, line 605]
Event: 1.887 Thread 0x00000000022bd800 Exception <a 'java/lang/ArrayIndexOutOfBoundsException'> (0x00000000f702c0d8) thrown at [C:\jenkins\workspace\8-2-build-windows-amd64-cygwin\jdk8u251\737\hotspot\src\share\vm\runtime\sharedRuntime.cpp, line 605]
Event: 1.888 Thread 0x00000000022bd800 Exception <a 'java/lang/ArrayIndexOutOfBoundsException'> (0x00000000f7040828) thrown at [C:\jenkins\workspace\8-2-build-windows-amd64-cygwin\jdk8u251\737\hotspot\src\share\vm\runtime\sharedRuntime.cpp, line 605]
Event: 1.890 Thread 0x00000000022bd800 Exception <a 'java/lang/ArrayIndexOutOfBoundsException'> (0x00000000f705ea38) thrown at [C:\jenkins\workspace\8-2-build-windows-amd64-cygwin\jdk8u251\737\hotspot\src\share\vm\runtime\sharedRuntime.cpp, line 605]
Event: 3.836 Thread 0x00000000022bd800 Exception <a 'java/lang/NoSuchMethodError': java.lang.Object.lambda$get$0(Ljava/util/function/Supplier;Ljava/lang/Object;)Ljava/lang/Object;> (0x00000000f7911458) thrown at [C:\jenkins\workspace\8-2-build-windows-amd64-cygwin\jdk8u251\737\hotspot\src\shar
Event: 4.684 Thread 0x00000000022bd800 Exception <a 'java/io/IOException'> (0x00000000f7c74970) thrown at [C:\jenkins\workspace\8-2-build-windows-amd64-cygwin\jdk8u251\737\hotspot\src\share\vm\prims\jni.cpp, line 710]
Event: 4.823 Thread 0x000000001747e800 Exception <a 'java/lang/NoSuchMethodError': <clinit>> (0x00000000f80be2b0) thrown at [C:\jenkins\workspace\8-2-build-windows-amd64-cygwin\jdk8u251\737\hotspot\src\share\vm\prims\jni.cpp, line 1614]
Event: 4.829 Thread 0x000000001747e800 Exception <a 'java/lang/NoSuchMethodError': <clinit>> (0x00000000f80d6038) thrown at [C:\jenkins\workspace\8-2-build-windows-amd64-cygwin\jdk8u251\737\hotspot\src\share\vm\prims\jni.cpp, line 1614]
Event: 4.831 Thread 0x000000001747e800 Exception <a 'java/lang/NoSuchMethodError': <clinit>> (0x00000000f80debf8) thrown at [C:\jenkins\workspace\8-2-build-windows-amd64-cygwin\jdk8u251\737\hotspot\src\share\vm\prims\jni.cpp, line 1614]
Event: 4.836 Thread 0x000000001747e800 Exception <a 'java/lang/NoSuchMethodError': <clinit>> (0x00000000f80f4ec0) thrown at [C:\jenkins\workspace\8-2-build-windows-amd64-cygwin\jdk8u251\737\hotspot\src\share\vm\prims\jni.cpp, line 1614]

Events (10 events):
Event: 5.195 loading class org/gradle/process/internal/worker/child/WorkerDirectoryProvider
Event: 5.195 loading class org/gradle/process/internal/worker/child/WorkerDirectoryProvider done
Event: 5.196 loading class org/gradle/workers/internal/WorkerExecutionQueueFactory
Event: 5.196 loading class org/gradle/workers/internal/WorkerExecutionQueueFactory done
Event: 5.198 loading class org/gradle/api/internal/artifacts/ivyservice/resolveengine/artifact/ArtifactSetToFileCollectionFactory
Event: 5.198 loading class org/gradle/api/internal/artifacts/ivyservice/resolveengine/artifact/ArtifactSetToFileCollectionFactory done
Event: 5.199 loading class org/gradle/api/internal/file/FileCollectionInternal
Event: 5.199 loading class org/gradle/api/internal/file/FileCollectionInternal done
Event: 5.200 loading class org/gradle/api/file/FileCollection
Event: 5.200 loading class org/gradle/api/file/FileCollection done


Dynamic libraries:
0x00007ff6ddd70000 - 0x00007ff6ddda7000 	C:\Program Files\Java\jdk1.8.0_251\bin\java.exe
0x00007ffc5ec30000 - 0x00007ffc5ee25000 	C:\Windows\SYSTEM32\ntdll.dll
0x00007ffc5dcc0000 - 0x00007ffc5dd7e000 	C:\Windows\System32\KERNEL32.DLL
0x00007ffc5c650000 - 0x00007ffc5c918000 	C:\Windows\System32\KERNELBASE.dll
0x00007ffc5e820000 - 0x00007ffc5e8ce000 	C:\Windows\System32\ADVAPI32.dll
0x00007ffc5cec0000 - 0x00007ffc5cf5e000 	C:\Windows\System32\msvcrt.dll
0x00007ffc5de30000 - 0x00007ffc5decc000 	C:\Windows\System32\sechost.dll
0x00007ffc5e620000 - 0x00007ffc5e745000 	C:\Windows\System32\RPCRT4.dll
0x00007ffc5d450000 - 0x00007ffc5d5f1000 	C:\Windows\System32\USER32.dll
0x00007ffc5cc10000 - 0x00007ffc5cc32000 	C:\Windows\System32\win32u.dll
0x00007ffc5db30000 - 0x00007ffc5db5b000 	C:\Windows\System32\GDI32.dll
0x00007ffc5c4f0000 - 0x00007ffc5c5fd000 	C:\Windows\System32\gdi32full.dll
0x00007ffc5c340000 - 0x00007ffc5c3dd000 	C:\Windows\System32\msvcp_win.dll
0x00007ffc5c920000 - 0x00007ffc5ca20000 	C:\Windows\System32\ucrtbase.dll
0x00007ffc46cf0000 - 0x00007ffc46f8a000 	C:\Windows\WinSxS\amd64_microsoft.windows.common-controls_6595b64144ccf1df_6.0.19041.1110_none_60b5254171f9507e\COMCTL32.dll
0x00007ffc5dd90000 - 0x00007ffc5ddc0000 	C:\Windows\System32\IMM32.DLL
0x00000000524e0000 - 0x00000000525b2000 	C:\Program Files\Java\jdk1.8.0_251\jre\bin\msvcr100.dll
0x0000000051c30000 - 0x00000000524db000 	C:\Program Files\Java\jdk1.8.0_251\jre\bin\server\jvm.dll
0x00007ffc5db60000 - 0x00007ffc5db68000 	C:\Windows\System32\PSAPI.DLL
0x00007ffc54180000 - 0x00007ffc541a7000 	C:\Windows\SYSTEM32\WINMM.dll
0x00007ffc50ea0000 - 0x00007ffc50ea9000 	C:\Windows\SYSTEM32\WSOCK32.dll
0x00007ffc5ddc0000 - 0x00007ffc5de2b000 	C:\Windows\System32\WS2_32.dll
0x00007ffc51c80000 - 0x00007ffc51c8a000 	C:\Windows\SYSTEM32\VERSION.dll
0x00007ffc51570000 - 0x00007ffc5157f000 	C:\Program Files\Java\jdk1.8.0_251\jre\bin\verify.dll
0x00007ffc51470000 - 0x00007ffc51499000 	C:\Program Files\Java\jdk1.8.0_251\jre\bin\java.dll
0x00007ffc51400000 - 0x00007ffc51416000 	C:\Program Files\Java\jdk1.8.0_251\jre\bin\zip.dll
0x00007ffc5ded0000 - 0x00007ffc5e614000 	C:\Windows\System32\SHELL32.dll
0x00007ffc5a430000 - 0x00007ffc5abc5000 	C:\Windows\SYSTEM32\windows.storage.dll
0x00007ffc5cf60000 - 0x00007ffc5d2b5000 	C:\Windows\System32\combase.dll
0x00007ffc5bd20000 - 0x00007ffc5bd4e000 	C:\Windows\SYSTEM32\Wldp.dll
0x00007ffc5ce10000 - 0x00007ffc5cebd000 	C:\Windows\System32\SHCORE.dll
0x00007ffc5cd90000 - 0x00007ffc5cde5000 	C:\Windows\System32\shlwapi.dll
0x00007ffc5c280000 - 0x00007ffc5c29f000 	C:\Windows\SYSTEM32\profapi.dll
0x00007ffc4e5b0000 - 0x00007ffc4e5ca000 	C:\Program Files\Java\jdk1.8.0_251\jre\bin\net.dll
0x00007ffc5ba20000 - 0x00007ffc5ba8a000 	C:\Windows\system32\mswsock.dll
0x00007ffc4e350000 - 0x00007ffc4e362000 	C:\Program Files\Java\jdk1.8.0_251\jre\bin\nio.dll
0x00007ffc514a0000 - 0x00007ffc514c7000 	C:\Users\Admin\.gradle\native\e1d6ef7f7dcc3fd88c89a11ec53ec762bb8ba0a96d01ffa2cd45eb1d1d8dd5c5\windows-amd64\native-platform.dll
0x00007ffc34f20000 - 0x00007ffc35064000 	C:\Users\Admin\.gradle\native\5664cfc778a61ccfe75a443a1ab52a65af34e5dc3c78e0209fed803814484fcb\windows-amd64\native-platform-file-events.dll
0x00007ffc51560000 - 0x00007ffc5156d000 	C:\Program Files\Java\jdk1.8.0_251\jre\bin\management.dll
0x00007ffc5bc10000 - 0x00007ffc5bc28000 	C:\Windows\SYSTEM32\CRYPTSP.dll
0x00007ffc5b3a0000 - 0x00007ffc5b3d4000 	C:\Windows\system32\rsaenh.dll
0x00007ffc5cc40000 - 0x00007ffc5cc67000 	C:\Windows\System32\bcrypt.dll
0x00007ffc5c200000 - 0x00007ffc5c22e000 	C:\Windows\SYSTEM32\USERENV.dll
0x00007ffc5cb80000 - 0x00007ffc5cc02000 	C:\Windows\System32\bcryptprimitives.dll
0x00007ffc5bc30000 - 0x00007ffc5bc3c000 	C:\Windows\SYSTEM32\CRYPTBASE.dll
0x00007ffc5b710000 - 0x00007ffc5b74b000 	C:\Windows\SYSTEM32\IPHLPAPI.DLL
0x00007ffc5db70000 - 0x00007ffc5db78000 	C:\Windows\System32\NSI.dll
0x00007ffc52110000 - 0x00007ffc52127000 	C:\Windows\SYSTEM32\dhcpcsvc6.DLL
0x00007ffc54160000 - 0x00007ffc5417d000 	C:\Windows\SYSTEM32\dhcpcsvc.DLL
0x00007ffc5b750000 - 0x00007ffc5b81b000 	C:\Windows\SYSTEM32\DNSAPI.dll

VM Arguments:
jvm_args: -XX:MaxMetaspaceSize=256m -XX:+HeapDumpOnOutOfMemoryError -Xms256m -Xmx512m -Dfile.encoding=windows-1252 -Duser.country=US -Duser.language=en -Duser.variant 
java_command: org.gradle.launcher.daemon.bootstrap.GradleDaemon 7.3.2
java_class_path (initial): C:\Users\Admin\.gradle\wrapper\dists\gradle-7.3.2-all\4h7zmfyirw3l9vsxqbzv7bhr8\gradle-7.3.2\lib\gradle-launcher-7.3.2.jar
Launcher Type: SUN_STANDARD

Environment Variables:
PATH=C:\Program Files (x86)\Common Files\Oracle\Java\javapath;C:\Windows\system32;C:\Windows;C:\Windows\System32\Wbem;C:\Windows\System32\WindowsPowerShell\v1.0\;C:\Windows\System32\OpenSSH\;C:\Program Files\Git\cmd;C:\Users\Admin\AppData\Local\Microsoft\WindowsApps;
USERNAME=Admin
OS=Windows_NT
PROCESSOR_IDENTIFIER=Intel64 Family 6 Model 58 Stepping 9, GenuineIntel



---------------  S Y S T E M  ---------------

OS: Windows 10.0 , 64 bit Build 19041 (10.0.19041.1466)

CPU:total 4 (initial active 4) (2 cores per cpu, 2 threads per core) family 6 model 58 stepping 9, cmov, cx8, fxsr, mmx, sse, sse2, sse3, ssse3, sse4.1, sse4.2, popcnt, avx, clmul, erms, ht, tsc, tscinvbit, tscinv

Memory: 4k page, physical 8260968k(1000864k free), swap 8260968k(5152k free)

vm_info: Java HotSpot(TM) 64-Bit Server VM (25.251-b08) for windows-amd64 JRE (1.8.0_251-b08), built on Mar 12 2020 06:31:49 by "" with MS VC++ 10.0 (VS2010)

time: Wed Jan 19 16:40:52 2022
timezone: SE Asia Standard Time
elapsed time: 5 seconds (0d 0h 0m 5s)

