#
# There is insufficient memory for the Java Runtime Environment to continue.
# Native memory allocation (malloc) failed to allocate 2137296 bytes for Chunk::new
# Possible reasons:
#   The system is out of physical RAM or swap space
#   The process is running with CompressedOops enabled, and the Java Heap may be blocking the growth of the native heap
# Possible solutions:
#   Reduce memory load on the system
#   Increase physical memory or swap space
#   Check if swap backing store is full
#   Decrease Java heap size (-Xmx/-Xms)
#   Decrease number of Java threads
#   Decrease Java thread stack sizes (-Xss)
#   Set larger code cache with -XX:ReservedCodeCacheSize=
#   JVM is running with Unscaled Compressed Oops mode in which the Java heap is
#     placed in the first 4GB address space. The Java Heap base address is the
#     maximum limit for the native heap growth. Please use -XX:HeapBaseMinAddress
#     to set the Java Heap base and to place the Java Heap above 4GB virtual address.
# This output file may be truncated or incomplete.
#
#  Out of Memory Error (allocation.cpp:389), pid=1428, tid=0x0000000000000ef8
#
# JRE version: Java(TM) SE Runtime Environment (8.0_251-b08) (build 1.8.0_251-b08)
# Java VM: Java HotSpot(TM) 64-Bit Server VM (25.251-b08 mixed mode windows-amd64 compressed oops)
# Failed to write core dump. Minidumps are not enabled by default on client versions of Windows
#

---------------  T H R E A D  ---------------

Current thread (0x00000000142bb800):  JavaThread "C2 CompilerThread0" daemon [_thread_in_native, id=3832, stack(0x0000000015920000,0x0000000015a20000)]

Stack: [0x0000000015920000,0x0000000015a20000]
[error occurred during error reporting (printing stack bounds), id 0xc0000005]

Native frames: (J=compiled Java code, j=interpreted, Vv=VM code, C=native code)


Current CompileTask:
C2:   5026 1528       4       java.net.URLClassLoader$1::run (5 bytes)


---------------  P R O C E S S  ---------------

Java Threads: ( => current thread )
  0x0000000017f5b800 JavaThread "Daemon client event forwarder" [_thread_blocked, id=1372, stack(0x0000000019b40000,0x0000000019c40000)]
  0x0000000017e8c800 JavaThread "Stdin handler" [_thread_blocked, id=7220, stack(0x0000000019a40000,0x0000000019b40000)]
  0x0000000017f72000 JavaThread "Asynchronous log dispatcher for DefaultDaemonConnection: socket connection from /127.0.0.1:64686 to /127.0.0.1:64687" [_thread_blocked, id=8000, stack(0x0000000019940000,0x0000000019a40000)]
  0x00000000180dc000 JavaThread "Daemon worker" [_thread_in_native, id=7692, stack(0x0000000019840000,0x0000000019940000)]
  0x0000000017f6d000 JavaThread "Cancel handler" [_thread_blocked, id=1516, stack(0x0000000019740000,0x0000000019840000)]
  0x0000000017d05000 JavaThread "Handler for socket connection from /127.0.0.1:64686 to /127.0.0.1:64687" [_thread_in_native, id=7400, stack(0x0000000019640000,0x0000000019740000)]
  0x0000000017d02000 JavaThread "Daemon" [_thread_blocked, id=5904, stack(0x0000000019540000,0x0000000019640000)]
  0x0000000017f47000 JavaThread "Daemon periodic checks" [_thread_blocked, id=1688, stack(0x0000000019240000,0x0000000019340000)]
  0x0000000017f41800 JavaThread "Incoming local TCP Connector on port 64686" [_thread_in_native, id=6452, stack(0x0000000019000000,0x0000000019100000)]
  0x0000000017aec000 JavaThread "Daemon health stats" [_thread_blocked, id=7376, stack(0x0000000018bc0000,0x0000000018cc0000)]
  0x0000000015c48800 JavaThread "Service Thread" daemon [_thread_blocked, id=3580, stack(0x0000000016020000,0x0000000016120000)]
  0x00000000142c6800 JavaThread "C1 CompilerThread2" daemon [_thread_blocked, id=1416, stack(0x0000000015b20000,0x0000000015c20000)]
  0x00000000142c0000 JavaThread "C2 CompilerThread1" daemon [_thread_blocked, id=4260, stack(0x0000000015a20000,0x0000000015b20000)]
=>0x00000000142bb800 JavaThread "C2 CompilerThread0" daemon [_thread_in_native, id=3832, stack(0x0000000015920000,0x0000000015a20000)]
  0x00000000142c8800 JavaThread "Attach Listener" daemon [_thread_blocked, id=4956, stack(0x0000000015820000,0x0000000015920000)]
  0x00000000142c7800 JavaThread "Signal Dispatcher" daemon [_thread_blocked, id=5412, stack(0x0000000015720000,0x0000000015820000)]
  0x0000000002e9d800 JavaThread "Finalizer" daemon [_thread_blocked, id=6196, stack(0x0000000015520000,0x0000000015620000)]
  0x0000000002e93800 JavaThread "Reference Handler" daemon [_thread_blocked, id=4604, stack(0x0000000015420000,0x0000000015520000)]
  0x0000000002c2d800 JavaThread "main" [_thread_blocked, id=2356, stack(0x0000000002ca0000,0x0000000002da0000)]

Other Threads:
  0x0000000014287000 VMThread [stack: 0x0000000015320000,0x0000000015420000] [id=6464]
  0x0000000015c6d000 WatcherThread [stack: 0x0000000016120000,0x0000000016220000] [id=3608]

VM state:not at safepoint (normal execution)

VM Mutex/Monitor currently owned by a thread: None

heap address: 0x00000000e0000000, size: 512 MB, Compressed Oops mode: 32-bit
Narrow klass base: 0x0000000000000000, Narrow klass shift: 3
Compressed class space size: 1073741824 Address: 0x0000000100000000

Heap:
 PSYoungGen      total 76288K, used 31048K [0x00000000f5580000, 0x00000000faa80000, 0x0000000100000000)
  eden space 65536K, 33% used [0x00000000f5580000,0x00000000f6ad9c28,0x00000000f9580000)
  from space 10752K, 85% used [0x00000000fa000000,0x00000000fa8f8560,0x00000000faa80000)
  to   space 10752K, 0% used [0x00000000f9580000,0x00000000f9580000,0x00000000fa000000)
 ParOldGen       total 175104K, used 24K [0x00000000e0000000, 0x00000000eab00000, 0x00000000f5580000)
  object space 175104K, 0% used [0x00000000e0000000,0x00000000e0006000,0x00000000eab00000)
 Metaspace       used 15015K, capacity 15512K, committed 15616K, reserved 1062912K
  class space    used 2132K, capacity 2272K, committed 2304K, reserved 1048576K

Card table byte_map: [0x0000000012260000,0x0000000012370000] byte_map_base: 0x0000000011b60000

Marking Bits: (ParMarkBitMap*) 0x000000005245af90
 Begin Bits: [0x0000000012820000, 0x0000000013020000)
 End Bits:   [0x0000000013020000, 0x0000000013820000)

Polling page: 0x0000000001020000

CodeCache: size=245760Kb used=5461Kb max_used=5461Kb free=240298Kb
 bounds [0x0000000002ea0000, 0x0000000003400000, 0x0000000011ea0000]
 total_blobs=1956 nmethods=1544 adapters=324
 compilation: enabled

Compilation events (10 events):
Event: 4.917 Thread 0x00000000142c6800 1541       3       org.gradle.internal.service.DefaultServiceRegistry::access$1000 (5 bytes)
Event: 4.917 Thread 0x00000000142c6800 nmethod 1541 0x00000000033f6950 code [0x00000000033f6ac0, 0x00000000033f6c28]
Event: 4.917 Thread 0x00000000142c6800 1543       3       org.gradle.internal.service.DefaultServiceRegistry$ClassInspector::getHierarchy (9 bytes)
Event: 4.917 Thread 0x00000000142c6800 nmethod 1543 0x00000000033f6cd0 code [0x00000000033f6e40, 0x00000000033f6fe8]
Event: 4.941 Thread 0x00000000142c6800 1544       3       java.lang.Class::privateGetDeclaredConstructors (85 bytes)
Event: 4.942 Thread 0x00000000142c6800 nmethod 1544 0x00000000033f70d0 code [0x00000000033f72a0, 0x00000000033f7998]
Event: 4.942 Thread 0x00000000142c6800 1545       3       sun.reflect.ReflectionFactory::copyConstructor (10 bytes)
Event: 4.943 Thread 0x00000000142c6800 nmethod 1545 0x00000000033f7c50 code [0x00000000033f7de0, 0x00000000033f81c8]
Event: 4.943 Thread 0x00000000142c6800 1546       3       java.lang.reflect.ReflectAccess::copyConstructor (5 bytes)
Event: 4.943 Thread 0x00000000142c6800 nmethod 1546 0x00000000033f8390 code [0x00000000033f8500, 0x00000000033f8708]

GC Heap History (4 events):
Event: 1.984 GC heap before
{Heap before GC invocations=1 (full 0):
 PSYoungGen      total 76288K, used 65536K [0x00000000f5580000, 0x00000000faa80000, 0x0000000100000000)
  eden space 65536K, 100% used [0x00000000f5580000,0x00000000f9580000,0x00000000f9580000)
  from space 10752K, 0% used [0x00000000fa000000,0x00000000fa000000,0x00000000faa80000)
  to   space 10752K, 0% used [0x00000000f9580000,0x00000000f9580000,0x00000000fa000000)
 ParOldGen       total 175104K, used 0K [0x00000000e0000000, 0x00000000eab00000, 0x00000000f5580000)
  object space 175104K, 0% used [0x00000000e0000000,0x00000000e0000000,0x00000000eab00000)
 Metaspace       used 7521K, capacity 7712K, committed 7936K, reserved 1056768K
  class space    used 944K, capacity 1022K, committed 1024K, reserved 1048576K
Event: 1.994 GC heap after
Heap after GC invocations=1 (full 0):
 PSYoungGen      total 76288K, used 6518K [0x00000000f5580000, 0x00000000faa80000, 0x0000000100000000)
  eden space 65536K, 0% used [0x00000000f5580000,0x00000000f5580000,0x00000000f9580000)
  from space 10752K, 60% used [0x00000000f9580000,0x00000000f9bdda70,0x00000000fa000000)
  to   space 10752K, 0% used [0x00000000fa000000,0x00000000fa000000,0x00000000faa80000)
 ParOldGen       total 175104K, used 16K [0x00000000e0000000, 0x00000000eab00000, 0x00000000f5580000)
  object space 175104K, 0% used [0x00000000e0000000,0x00000000e0004000,0x00000000eab00000)
 Metaspace       used 7521K, capacity 7712K, committed 7936K, reserved 1056768K
  class space    used 944K, capacity 1022K, committed 1024K, reserved 1048576K
}
Event: 4.278 GC heap before
{Heap before GC invocations=2 (full 0):
 PSYoungGen      total 76288K, used 72054K [0x00000000f5580000, 0x00000000faa80000, 0x0000000100000000)
  eden space 65536K, 100% used [0x00000000f5580000,0x00000000f9580000,0x00000000f9580000)
  from space 10752K, 60% used [0x00000000f9580000,0x00000000f9bdda70,0x00000000fa000000)
  to   space 10752K, 0% used [0x00000000fa000000,0x00000000fa000000,0x00000000faa80000)
 ParOldGen       total 175104K, used 16K [0x00000000e0000000, 0x00000000eab00000, 0x00000000f5580000)
  object space 175104K, 0% used [0x00000000e0000000,0x00000000e0004000,0x00000000eab00000)
 Metaspace       used 13964K, capacity 14440K, committed 14592K, reserved 1062912K
  class space    used 1935K, capacity 2044K, committed 2048K, reserved 1048576K
Event: 4.293 GC heap after
Heap after GC invocations=2 (full 0):
 PSYoungGen      total 76288K, used 9185K [0x00000000f5580000, 0x00000000faa80000, 0x0000000100000000)
  eden space 65536K, 0% used [0x00000000f5580000,0x00000000f5580000,0x00000000f9580000)
  from space 10752K, 85% used [0x00000000fa000000,0x00000000fa8f8560,0x00000000faa80000)
  to   space 10752K, 0% used [0x00000000f9580000,0x00000000f9580000,0x00000000fa000000)
 ParOldGen       total 175104K, used 24K [0x00000000e0000000, 0x00000000eab00000, 0x00000000f5580000)
  object space 175104K, 0% used [0x00000000e0000000,0x00000000e0006000,0x00000000eab00000)
 Metaspace       used 13964K, capacity 14440K, committed 14592K, reserved 1062912K
  class space    used 1935K, capacity 2044K, committed 2048K, reserved 1048576K
}

Deoptimization events (10 events):
Event: 2.343 Thread 0x0000000002c2d800 Uncommon trap: reason=class_check action=maybe_recompile pc=0x0000000003229444 method=java.util.regex.Matcher.match(II)Z @ 86
Event: 2.454 Thread 0x0000000002c2d800 Uncommon trap: reason=unstable_if action=reinterpret pc=0x000000000320a0b0 method=java.util.LinkedHashMap.afterNodeInsertion(Z)V @ 1
Event: 2.455 Thread 0x0000000002c2d800 Uncommon trap: reason=unstable_if action=reinterpret pc=0x0000000003122fb4 method=java.util.HashMap.getNode(ILjava/lang/Object;)Ljava/util/HashMap$Node; @ 129
Event: 2.455 Thread 0x0000000002c2d800 Uncommon trap: reason=bimorphic action=maybe_recompile pc=0x000000000312070c method=java.util.HashMap.putVal(ILjava/lang/Object;Ljava/lang/Object;ZZ)Ljava/lang/Object; @ 203
Event: 2.568 Thread 0x0000000002c2d800 Uncommon trap: reason=unstable_if action=reinterpret pc=0x00000000030e8284 method=java.util.HashMap.getNode(ILjava/lang/Object;)Ljava/util/HashMap$Node; @ 129
Event: 2.568 Thread 0x0000000002c2d800 Uncommon trap: reason=bimorphic action=maybe_recompile pc=0x000000000312070c method=java.util.HashMap.putVal(ILjava/lang/Object;Ljava/lang/Object;ZZ)Ljava/lang/Object; @ 203
Event: 2.876 Thread 0x0000000002c2d800 Uncommon trap: reason=unstable_if action=reinterpret pc=0x00000000032174e8 method=java.io.WinNTFileSystem.normalize(Ljava/lang/String;)Ljava/lang/String; @ 128
Event: 3.428 Thread 0x0000000017d05000 Uncommon trap: reason=unstable_if action=reinterpret pc=0x00000000032fb31c method=java.util.concurrent.ConcurrentHashMap.putVal(Ljava/lang/Object;Ljava/lang/Object;Z)Ljava/lang/Object; @ 206
Event: 3.542 Thread 0x00000000180dc000 Uncommon trap: reason=bimorphic action=maybe_recompile pc=0x000000000330cdc4 method=java.util.HashMap.putVal(ILjava/lang/Object;Ljava/lang/Object;ZZ)Ljava/lang/Object; @ 253
Event: 3.542 Thread 0x00000000180dc000 Uncommon trap: reason=bimorphic action=maybe_recompile pc=0x000000000330cdc4 method=java.util.HashMap.putVal(ILjava/lang/Object;Ljava/lang/Object;ZZ)Ljava/lang/Object; @ 253

Classes redefined (0 events):
No events

Internal exceptions (10 events):
Event: 1.118 Thread 0x0000000002c2d800 Exception <a 'java/lang/ArrayIndexOutOfBoundsException'> (0x00000000f7033440) thrown at [C:\jenkins\workspace\8-2-build-windows-amd64-cygwin\jdk8u251\737\hotspot\src\share\vm\runtime\sharedRuntime.cpp, line 605]
Event: 1.120 Thread 0x0000000002c2d800 Exception <a 'java/lang/ArrayIndexOutOfBoundsException'> (0x00000000f70474f8) thrown at [C:\jenkins\workspace\8-2-build-windows-amd64-cygwin\jdk8u251\737\hotspot\src\share\vm\runtime\sharedRuntime.cpp, line 605]
Event: 1.120 Thread 0x0000000002c2d800 Exception <a 'java/lang/ArrayIndexOutOfBoundsException'> (0x00000000f704aa38) thrown at [C:\jenkins\workspace\8-2-build-windows-amd64-cygwin\jdk8u251\737\hotspot\src\share\vm\runtime\sharedRuntime.cpp, line 605]
Event: 2.597 Thread 0x0000000002c2d800 Exception <a 'java/lang/NoSuchMethodError': java.lang.Object.lambda$get$0(Ljava/util/function/Supplier;Ljava/lang/Object;)Ljava/lang/Object;> (0x00000000f7915780) thrown at [C:\jenkins\workspace\8-2-build-windows-amd64-cygwin\jdk8u251\737\hotspot\src\shar
Event: 3.331 Thread 0x0000000002c2d800 Exception <a 'java/io/IOException'> (0x00000000f7c78180) thrown at [C:\jenkins\workspace\8-2-build-windows-amd64-cygwin\jdk8u251\737\hotspot\src\share\vm\prims\jni.cpp, line 710]
Event: 3.435 Thread 0x0000000017d05000 Exception <a 'java/lang/NoSuchMethodError': <clinit>> (0x00000000f805d270) thrown at [C:\jenkins\workspace\8-2-build-windows-amd64-cygwin\jdk8u251\737\hotspot\src\share\vm\prims\jni.cpp, line 1614]
Event: 3.440 Thread 0x0000000017d05000 Exception <a 'java/lang/NoSuchMethodError': <clinit>> (0x00000000f8074ff8) thrown at [C:\jenkins\workspace\8-2-build-windows-amd64-cygwin\jdk8u251\737\hotspot\src\share\vm\prims\jni.cpp, line 1614]
Event: 3.441 Thread 0x0000000017d05000 Exception <a 'java/lang/NoSuchMethodError': <clinit>> (0x00000000f807dbb8) thrown at [C:\jenkins\workspace\8-2-build-windows-amd64-cygwin\jdk8u251\737\hotspot\src\share\vm\prims\jni.cpp, line 1614]
Event: 3.444 Thread 0x0000000017d05000 Exception <a 'java/lang/NoSuchMethodError': <clinit>> (0x00000000f8093e80) thrown at [C:\jenkins\workspace\8-2-build-windows-amd64-cygwin\jdk8u251\737\hotspot\src\share\vm\prims\jni.cpp, line 1614]
Event: 4.327 Thread 0x00000000180dc000 Exception <a 'java/lang/NoSuchMethodError': java.lang.Object.lambda$static$0(Lorg/gradle/internal/state/ModelObject;)Ljava/lang/String;> (0x00000000f56b9be0) thrown at [C:\jenkins\workspace\8-2-build-windows-amd64-cygwin\jdk8u251\737\hotspot\src\share\vm\

Events (10 events):
Event: 5.011 loading class org/gradle/configurationcache/ConfigurationCacheKey
Event: 5.011 loading class org/gradle/configurationcache/ConfigurationCacheKey done
Event: 5.019 loading class org/gradle/configurationcache/problems/ConfigurationCacheReport
Event: 5.019 loading class org/gradle/configurationcache/problems/ConfigurationCacheReport done
Event: 5.021 loading class org/gradle/configurationcache/problems/ConfigurationCacheProblems
Event: 5.021 loading class org/gradle/configurationcache/problems/ConfigurationCacheProblems done
Event: 5.023 loading class kotlin/NoWhenBranchMatchedException
Event: 5.023 loading class kotlin/NoWhenBranchMatchedException done
Event: 5.024 loading class org/gradle/configurationcache/ConfigurationCacheClassLoaderScopeRegistryListener
Event: 5.024 loading class org/gradle/configurationcache/ConfigurationCacheClassLoaderScopeRegistryListener done


Dynamic libraries:
0x00007ff6ddd70000 - 0x00007ff6ddda7000 	C:\Program Files\Java\jdk1.8.0_251\bin\java.exe
0x00007ffc5ec30000 - 0x00007ffc5ee25000 	C:\Windows\SYSTEM32\ntdll.dll
0x00007ffc5dcc0000 - 0x00007ffc5dd7e000 	C:\Windows\System32\KERNEL32.DLL
0x00007ffc5c650000 - 0x00007ffc5c918000 	C:\Windows\System32\KERNELBASE.dll
0x00007ffc5e820000 - 0x00007ffc5e8ce000 	C:\Windows\System32\ADVAPI32.dll
0x00007ffc5cec0000 - 0x00007ffc5cf5e000 	C:\Windows\System32\msvcrt.dll
0x00007ffc5de30000 - 0x00007ffc5decc000 	C:\Windows\System32\sechost.dll
0x00007ffc5e620000 - 0x00007ffc5e745000 	C:\Windows\System32\RPCRT4.dll
0x00007ffc5d450000 - 0x00007ffc5d5f1000 	C:\Windows\System32\USER32.dll
0x00007ffc5cc10000 - 0x00007ffc5cc32000 	C:\Windows\System32\win32u.dll
0x00007ffc5db30000 - 0x00007ffc5db5b000 	C:\Windows\System32\GDI32.dll
0x00007ffc5c4f0000 - 0x00007ffc5c5fd000 	C:\Windows\System32\gdi32full.dll
0x00007ffc5c340000 - 0x00007ffc5c3dd000 	C:\Windows\System32\msvcp_win.dll
0x00007ffc5c920000 - 0x00007ffc5ca20000 	C:\Windows\System32\ucrtbase.dll
0x00007ffc46cf0000 - 0x00007ffc46f8a000 	C:\Windows\WinSxS\amd64_microsoft.windows.common-controls_6595b64144ccf1df_6.0.19041.1110_none_60b5254171f9507e\COMCTL32.dll
0x00007ffc5dd90000 - 0x00007ffc5ddc0000 	C:\Windows\System32\IMM32.DLL
0x00000000524e0000 - 0x00000000525b2000 	C:\Program Files\Java\jdk1.8.0_251\jre\bin\msvcr100.dll
0x0000000051c30000 - 0x00000000524db000 	C:\Program Files\Java\jdk1.8.0_251\jre\bin\server\jvm.dll
0x00007ffc5db60000 - 0x00007ffc5db68000 	C:\Windows\System32\PSAPI.DLL
0x00007ffc54180000 - 0x00007ffc541a7000 	C:\Windows\SYSTEM32\WINMM.dll
0x00007ffc51c80000 - 0x00007ffc51c8a000 	C:\Windows\SYSTEM32\VERSION.dll
0x00007ffc50ea0000 - 0x00007ffc50ea9000 	C:\Windows\SYSTEM32\WSOCK32.dll
0x00007ffc5ddc0000 - 0x00007ffc5de2b000 	C:\Windows\System32\WS2_32.dll
0x00007ffc51570000 - 0x00007ffc5157f000 	C:\Program Files\Java\jdk1.8.0_251\jre\bin\verify.dll
0x00007ffc51470000 - 0x00007ffc51499000 	C:\Program Files\Java\jdk1.8.0_251\jre\bin\java.dll
0x00007ffc51400000 - 0x00007ffc51416000 	C:\Program Files\Java\jdk1.8.0_251\jre\bin\zip.dll
0x00007ffc5ded0000 - 0x00007ffc5e614000 	C:\Windows\System32\SHELL32.dll
0x00007ffc5a430000 - 0x00007ffc5abc5000 	C:\Windows\SYSTEM32\windows.storage.dll
0x00007ffc5cf60000 - 0x00007ffc5d2b5000 	C:\Windows\System32\combase.dll
0x00007ffc5bd20000 - 0x00007ffc5bd4e000 	C:\Windows\SYSTEM32\Wldp.dll
0x00007ffc5ce10000 - 0x00007ffc5cebd000 	C:\Windows\System32\SHCORE.dll
0x00007ffc5cd90000 - 0x00007ffc5cde5000 	C:\Windows\System32\shlwapi.dll
0x00007ffc5c280000 - 0x00007ffc5c29f000 	C:\Windows\SYSTEM32\profapi.dll
0x00007ffc4e5b0000 - 0x00007ffc4e5ca000 	C:\Program Files\Java\jdk1.8.0_251\jre\bin\net.dll
0x00007ffc5ba20000 - 0x00007ffc5ba8a000 	C:\Windows\system32\mswsock.dll
0x00007ffc4e350000 - 0x00007ffc4e362000 	C:\Program Files\Java\jdk1.8.0_251\jre\bin\nio.dll
0x00007ffc514a0000 - 0x00007ffc514c7000 	C:\Users\Admin\.gradle\native\e1d6ef7f7dcc3fd88c89a11ec53ec762bb8ba0a96d01ffa2cd45eb1d1d8dd5c5\windows-amd64\native-platform.dll
0x00007ffc34f20000 - 0x00007ffc35064000 	C:\Users\Admin\.gradle\native\5664cfc778a61ccfe75a443a1ab52a65af34e5dc3c78e0209fed803814484fcb\windows-amd64\native-platform-file-events.dll
0x00007ffc51560000 - 0x00007ffc5156d000 	C:\Program Files\Java\jdk1.8.0_251\jre\bin\management.dll
0x00007ffc5bc10000 - 0x00007ffc5bc28000 	C:\Windows\SYSTEM32\CRYPTSP.dll
0x00007ffc5b3a0000 - 0x00007ffc5b3d4000 	C:\Windows\system32\rsaenh.dll
0x00007ffc5cc40000 - 0x00007ffc5cc67000 	C:\Windows\System32\bcrypt.dll
0x00007ffc5c200000 - 0x00007ffc5c22e000 	C:\Windows\SYSTEM32\USERENV.dll
0x00007ffc5cb80000 - 0x00007ffc5cc02000 	C:\Windows\System32\bcryptprimitives.dll
0x00007ffc5bc30000 - 0x00007ffc5bc3c000 	C:\Windows\SYSTEM32\CRYPTBASE.dll
0x00007ffc5b710000 - 0x00007ffc5b74b000 	C:\Windows\SYSTEM32\IPHLPAPI.DLL
0x00007ffc5db70000 - 0x00007ffc5db78000 	C:\Windows\System32\NSI.dll
0x00007ffc52110000 - 0x00007ffc52127000 	C:\Windows\SYSTEM32\dhcpcsvc6.DLL
0x00007ffc54160000 - 0x00007ffc5417d000 	C:\Windows\SYSTEM32\dhcpcsvc.DLL
0x00007ffc5b750000 - 0x00007ffc5b81b000 	C:\Windows\SYSTEM32\DNSAPI.dll

VM Arguments:
jvm_args: -XX:MaxMetaspaceSize=256m -XX:+HeapDumpOnOutOfMemoryError -Xms256m -Xmx512m -Dfile.encoding=windows-1252 -Duser.country=US -Duser.language=en -Duser.variant 
java_command: org.gradle.launcher.daemon.bootstrap.GradleDaemon 7.3.2
java_class_path (initial): C:\Users\Admin\.gradle\wrapper\dists\gradle-7.3.2-all\4h7zmfyirw3l9vsxqbzv7bhr8\gradle-7.3.2\lib\gradle-launcher-7.3.2.jar
Launcher Type: SUN_STANDARD

Environment Variables:
PATH=C:\Program Files (x86)\Common Files\Oracle\Java\javapath;C:\Windows\system32;C:\Windows;C:\Windows\System32\Wbem;C:\Windows\System32\WindowsPowerShell\v1.0\;C:\Windows\System32\OpenSSH\;C:\Program Files\Git\cmd;C:\Users\Admin\AppData\Local\Microsoft\WindowsApps;
USERNAME=Admin
OS=Windows_NT
PROCESSOR_IDENTIFIER=Intel64 Family 6 Model 58 Stepping 9, GenuineIntel



---------------  S Y S T E M  ---------------

OS: Windows 10.0 , 64 bit Build 19041 (10.0.19041.1466)

CPU:total 4 (initial active 4) (2 cores per cpu, 2 threads per core) family 6 model 58 stepping 9, cmov, cx8, fxsr, mmx, sse, sse2, sse3, ssse3, sse4.1, sse4.2, popcnt, avx, clmul, erms, ht, tsc, tscinvbit, tscinv

Memory: 4k page, physical 8260968k(995784k free), swap 8260968k(5532k free)

vm_info: Java HotSpot(TM) 64-Bit Server VM (25.251-b08) for windows-amd64 JRE (1.8.0_251-b08), built on Mar 12 2020 06:31:49 by "" with MS VC++ 10.0 (VS2010)

time: Wed Jan 19 16:40:31 2022
timezone: SE Asia Standard Time
elapsed time: 5 seconds (0d 0h 0m 5s)

