#
# There is insufficient memory for the Java Runtime Environment to continue.
# Native memory allocation (malloc) failed to allocate 1161296 bytes for Chunk::new
# Possible reasons:
#   The system is out of physical RAM or swap space
#   The process is running with CompressedOops enabled, and the Java Heap may be blocking the growth of the native heap
# Possible solutions:
#   Reduce memory load on the system
#   Increase physical memory or swap space
#   Check if swap backing store is full
#   Decrease Java heap size (-Xmx/-Xms)
#   Decrease number of Java threads
#   Decrease Java thread stack sizes (-Xss)
#   Set larger code cache with -XX:ReservedCodeCacheSize=
#   JVM is running with Unscaled Compressed Oops mode in which the Java heap is
#     placed in the first 4GB address space. The Java Heap base address is the
#     maximum limit for the native heap growth. Please use -XX:HeapBaseMinAddress
#     to set the Java Heap base and to place the Java Heap above 4GB virtual address.
# This output file may be truncated or incomplete.
#
#  Out of Memory Error (allocation.cpp:389), pid=816, tid=0x000000000000114c
#
# JRE version: Java(TM) SE Runtime Environment (8.0_251-b08) (build 1.8.0_251-b08)
# Java VM: Java HotSpot(TM) 64-Bit Server VM (25.251-b08 mixed mode windows-amd64 compressed oops)
# Failed to write core dump. Minidumps are not enabled by default on client versions of Windows
#

---------------  T H R E A D  ---------------

Current thread (0x0000000013e5b800):  JavaThread "C2 CompilerThread0" daemon [_thread_in_native, id=4428, stack(0x00000000154b0000,0x00000000155b0000)]

Stack: [0x00000000154b0000,0x00000000155b0000]
[error occurred during error reporting (printing stack bounds), id 0xc0000005]

Native frames: (J=compiled Java code, j=interpreted, Vv=VM code, C=native code)


Current CompileTask:
C2: 200558 12098   !   4       java.lang.reflect.Executable::sharedToGenericString (329 bytes)


---------------  P R O C E S S  ---------------

Java Threads: ( => current thread )
  0x000000001cd54000 JavaThread "Unconstrained build operations Thread 40" [_thread_blocked, id=4380, stack(0x0000000024510000,0x0000000024610000)]
  0x000000001cd59800 JavaThread "Unconstrained build operations Thread 39" [_thread_blocked, id=6176, stack(0x0000000024410000,0x0000000024510000)]
  0x000000001cd51000 JavaThread "Unconstrained build operations Thread 38" [_thread_blocked, id=5524, stack(0x0000000024310000,0x0000000024410000)]
  0x000000001cd56800 JavaThread "Unconstrained build operations Thread 37" [_thread_blocked, id=2300, stack(0x0000000024210000,0x0000000024310000)]
  0x000000001cd57000 JavaThread "Unconstrained build operations Thread 36" [_thread_blocked, id=3172, stack(0x0000000024110000,0x0000000024210000)]
  0x000000001cd52000 JavaThread "Unconstrained build operations Thread 35" [_thread_blocked, id=5840, stack(0x0000000024010000,0x0000000024110000)]
  0x000000001cd55800 JavaThread "Unconstrained build operations Thread 34" [_thread_blocked, id=7484, stack(0x0000000023f10000,0x0000000024010000)]
  0x000000001cd55000 JavaThread "Unconstrained build operations Thread 33" [_thread_blocked, id=5548, stack(0x0000000023e10000,0x0000000023f10000)]
  0x000000001a62a800 JavaThread "Unconstrained build operations Thread 32" [_thread_blocked, id=4388, stack(0x0000000023d10000,0x0000000023e10000)]
  0x000000001a62b800 JavaThread "Unconstrained build operations Thread 31" [_thread_blocked, id=6236, stack(0x0000000023c10000,0x0000000023d10000)]
  0x000000001a62a000 JavaThread "Unconstrained build operations Thread 30" [_thread_blocked, id=7248, stack(0x0000000023b10000,0x0000000023c10000)]
  0x000000001a627000 JavaThread "Unconstrained build operations Thread 29" [_thread_blocked, id=2756, stack(0x0000000023a10000,0x0000000023b10000)]
  0x000000001a621800 JavaThread "Unconstrained build operations Thread 28" [_thread_blocked, id=1036, stack(0x0000000023910000,0x0000000023a10000)]
  0x000000001a628800 JavaThread "Unconstrained build operations Thread 27" [_thread_blocked, id=4336, stack(0x00000000220e0000,0x00000000221e0000)]
  0x000000001a629000 JavaThread "Cache worker for execution history cache (D:\codegym\C0921G1-LeMinhTai-module-4\ss7_spring_data_repository\bai_tap\.gradle\7.3.2\executionHistory)" [_thread_blocked, id=1188, stack(0x0000000023610000,0x0000000023710000)]
  0x000000001a626000 JavaThread "Memory manager" [_thread_blocked, id=7120, stack(0x0000000021fe0000,0x00000000220e0000)]
  0x000000001a625800 JavaThread "Unconstrained build operations Thread 26" [_thread_blocked, id=4240, stack(0x0000000021ce0000,0x0000000021de0000)]
  0x000000001a627800 JavaThread "Unconstrained build operations Thread 25" [_thread_blocked, id=3608, stack(0x0000000021be0000,0x0000000021ce0000)]
  0x000000001a61e000 JavaThread "Unconstrained build operations Thread 24" [_thread_blocked, id=7376, stack(0x0000000021ae0000,0x0000000021be0000)]
  0x000000001a61e800 JavaThread "Unconstrained build operations Thread 23" [_thread_blocked, id=4652, stack(0x00000000219e0000,0x0000000021ae0000)]
  0x000000001a624800 JavaThread "Unconstrained build operations Thread 22" [_thread_blocked, id=2360, stack(0x00000000218e0000,0x00000000219e0000)]
  0x000000001a622800 JavaThread "Unconstrained build operations Thread 21" [_thread_blocked, id=3528, stack(0x00000000217e0000,0x00000000218e0000)]
  0x000000001a624000 JavaThread "Unconstrained build operations Thread 20" [_thread_blocked, id=3964, stack(0x00000000216e0000,0x00000000217e0000)]
  0x000000001a61d000 JavaThread "Unconstrained build operations Thread 19" [_thread_blocked, id=1996, stack(0x00000000215e0000,0x00000000216e0000)]
  0x000000001a61c800 JavaThread "Unconstrained build operations Thread 18" [_thread_blocked, id=2168, stack(0x00000000214e0000,0x00000000215e0000)]
  0x000000001a623000 JavaThread "Unconstrained build operations Thread 17" [_thread_blocked, id=5968, stack(0x00000000213e0000,0x00000000214e0000)]
  0x000000001a620000 JavaThread "Unconstrained build operations Thread 16" [_thread_blocked, id=1348, stack(0x00000000212e0000,0x00000000213e0000)]
  0x000000001a61f800 JavaThread "Unconstrained build operations Thread 15" [_thread_blocked, id=3156, stack(0x00000000211e0000,0x00000000212e0000)]
  0x000000001a621000 JavaThread "Unconstrained build operations Thread 14" [_thread_blocked, id=3516, stack(0x00000000210e0000,0x00000000211e0000)]
  0x000000001b317800 JavaThread "Unconstrained build operations Thread 13" [_thread_blocked, id=6500, stack(0x0000000020fe0000,0x00000000210e0000)]
  0x000000001b316000 JavaThread "Unconstrained build operations Thread 12" [_thread_blocked, id=752, stack(0x0000000020ee0000,0x0000000020fe0000)]
  0x000000001b317000 JavaThread "Unconstrained build operations Thread 11" [_thread_blocked, id=3360, stack(0x0000000020de0000,0x0000000020ee0000)]
  0x000000001b315800 JavaThread "Unconstrained build operations Thread 10" [_thread_blocked, id=5784, stack(0x0000000020ce0000,0x0000000020de0000)]
  0x000000001b314000 JavaThread "Unconstrained build operations Thread 9" [_thread_blocked, id=6244, stack(0x0000000020be0000,0x0000000020ce0000)]
  0x000000001b314800 JavaThread "Unconstrained build operations Thread 8" [_thread_blocked, id=312, stack(0x0000000020ae0000,0x0000000020be0000)]
  0x000000001b318800 JavaThread "Unconstrained build operations Thread 7" [_thread_blocked, id=6036, stack(0x00000000209e0000,0x0000000020ae0000)]
  0x000000001b30c800 JavaThread "Unconstrained build operations Thread 6" [_thread_blocked, id=2784, stack(0x00000000195d0000,0x00000000196d0000)]
  0x000000001b313000 JavaThread "Unconstrained build operations Thread 5" [_thread_blocked, id=7280, stack(0x00000000205e0000,0x00000000206e0000)]
  0x000000001b312800 JavaThread "Unconstrained build operations Thread 4" [_thread_blocked, id=5072, stack(0x00000000204e0000,0x00000000205e0000)]
  0x000000001b30b000 JavaThread "Unconstrained build operations Thread 3" [_thread_blocked, id=2464, stack(0x00000000203e0000,0x00000000204e0000)]
  0x000000001b30d000 JavaThread "Unconstrained build operations Thread 2" [_thread_blocked, id=6624, stack(0x00000000202e0000,0x00000000203e0000)]
  0x000000001b311800 JavaThread "Unconstrained build operations" [_thread_blocked, id=4016, stack(0x00000000201e0000,0x00000000202e0000)]
  0x000000001b311000 JavaThread "Cache worker for Build Output Cleanup Cache (D:\codegym\C0921G1-LeMinhTai-module-4\ss7_spring_data_repository\bai_tap\.gradle\buildOutputCleanup)" [_thread_blocked, id=2616, stack(0x00000000200e0000,0x00000000201e0000)]
  0x000000001b30e800 JavaThread "Cache worker for dependencies-accessors (D:\codegym\C0921G1-LeMinhTai-module-4\ss7_spring_data_repository\bai_tap\.gradle\7.3.2\dependencies-accessors)" [_thread_blocked, id=4284, stack(0x000000001f4e0000,0x000000001f5e0000)]
  0x000000001b30a000 JavaThread "Cache worker for file content cache (C:\Users\Admin\.gradle\caches\7.3.2\fileContent)" [_thread_blocked, id=5304, stack(0x000000001e7e0000,0x000000001e8e0000)]
  0x000000001b309800 JavaThread "Cache worker for execution history cache (C:\Users\Admin\.gradle\caches\7.3.2\executionHistory)" [_thread_blocked, id=8088, stack(0x000000001e180000,0x000000001e280000)]
  0x000000001b310000 JavaThread "Cache worker for cache directory md-rule (C:\Users\Admin\.gradle\caches\7.3.2\md-rule)" [_thread_blocked, id=4648, stack(0x000000001de80000,0x000000001df80000)]
  0x000000001b30b800 JavaThread "Cache worker for cache directory md-supplier (C:\Users\Admin\.gradle\caches\7.3.2\md-supplier)" [_thread_blocked, id=3200, stack(0x000000001dd80000,0x000000001de80000)]
  0x000000001b30f800 JavaThread "Cache worker for checksums cache (D:\codegym\C0921G1-LeMinhTai-module-4\ss7_spring_data_repository\bai_tap\.gradle\7.3.2\checksums)" [_thread_blocked, id=6216, stack(0x000000001e6e0000,0x000000001e7e0000)]
  0x000000001c25a000 JavaThread "jar transforms Thread 4" [_thread_blocked, id=4696, stack(0x000000001da80000,0x000000001db80000)]
  0x000000001c25e800 JavaThread "jar transforms Thread 3" [_thread_blocked, id=7652, stack(0x000000001d980000,0x000000001da80000)]
  0x000000001c25f800 JavaThread "jar transforms Thread 2" [_thread_blocked, id=6184, stack(0x000000001d880000,0x000000001d980000)]
  0x000000001c25e000 JavaThread "jar transforms" [_thread_blocked, id=6468, stack(0x000000001d780000,0x000000001d880000)]
  0x000000001c261000 JavaThread "File watcher consumer" daemon [_thread_blocked, id=7752, stack(0x000000001d680000,0x000000001d780000)]
  0x000000001c25d000 JavaThread "File watcher server" daemon [_thread_in_native, id=1308, stack(0x000000001d580000,0x000000001d680000)]
  0x000000001c25c800 JavaThread "Cache worker for file hash cache (D:\codegym\C0921G1-LeMinhTai-module-4\ss7_spring_data_repository\bai_tap\.gradle\7.3.2\fileHashes)" [_thread_blocked, id=6636, stack(0x000000001bd30000,0x000000001be30000)]
  0x000000001c260000 JavaThread "Cache worker for file hash cache (C:\Users\Admin\.gradle\caches\7.3.2\fileHashes)" [_thread_blocked, id=5516, stack(0x000000001bc30000,0x000000001bd30000)]
  0x000000001c25b800 JavaThread "File lock request listener" [_thread_in_native, id=6404, stack(0x000000001d080000,0x000000001d180000)]
  0x000000001c25b000 JavaThread "Cache worker for journal cache (C:\Users\Admin\.gradle\caches\journal-1)" [_thread_blocked, id=4968, stack(0x000000001bee0000,0x000000001bfe0000)]
  0x0000000016fd0000 JavaThread "Daemon client event forwarder" [_thread_blocked, id=7232, stack(0x00000000196d0000,0x00000000197d0000)]
  0x000000001658c800 JavaThread "Asynchronous log dispatcher for DefaultDaemonConnection: socket connection from /127.0.0.1:64468 to /127.0.0.1:64469" [_thread_blocked, id=7252, stack(0x00000000194d0000,0x00000000195d0000)]
  0x0000000016541800 JavaThread "Daemon worker" [_thread_in_native, id=6964, stack(0x00000000193d0000,0x00000000194d0000)]
  0x0000000016541000 JavaThread "Cancel handler" [_thread_blocked, id=2252, stack(0x00000000192d0000,0x00000000193d0000)]
  0x0000000015b0c800 JavaThread "Handler for socket connection from /127.0.0.1:64468 to /127.0.0.1:64469" [_thread_in_native, id=7948, stack(0x00000000191d0000,0x00000000192d0000)]
  0x000000001594c000 JavaThread "Daemon" [_thread_blocked, id=6292, stack(0x00000000190d0000,0x00000000191d0000)]
  0x00000000167e7000 JavaThread "Daemon periodic checks" [_thread_blocked, id=3092, stack(0x0000000018fd0000,0x00000000190d0000)]
  0x0000000017a11800 JavaThread "Incoming local TCP Connector on port 64468" [_thread_in_native, id=3048, stack(0x0000000018b90000,0x0000000018c90000)]
  0x0000000017944000 JavaThread "Daemon health stats" [_thread_blocked, id=564, stack(0x0000000018750000,0x0000000018850000)]
  0x00000000157d9800 JavaThread "Service Thread" daemon [_thread_blocked, id=7008, stack(0x0000000015bb0000,0x0000000015cb0000)]
  0x0000000013eba800 JavaThread "C1 CompilerThread2" daemon [_thread_blocked, id=5504, stack(0x00000000156b0000,0x00000000157b0000)]
  0x0000000013eb7800 JavaThread "C2 CompilerThread1" daemon [_thread_blocked, id=7328, stack(0x00000000155b0000,0x00000000156b0000)]
=>0x0000000013e5b800 JavaThread "C2 CompilerThread0" daemon [_thread_in_native, id=4428, stack(0x00000000154b0000,0x00000000155b0000)]
  0x0000000013e68800 JavaThread "Attach Listener" daemon [_thread_blocked, id=5800, stack(0x00000000153b0000,0x00000000154b0000)]
  0x0000000013e67000 JavaThread "Signal Dispatcher" daemon [_thread_blocked, id=5436, stack(0x00000000152b0000,0x00000000153b0000)]
  0x0000000002a1a800 JavaThread "Finalizer" daemon [_thread_blocked, id=7776, stack(0x00000000150b0000,0x00000000151b0000)]
  0x0000000013e4a000 JavaThread "Reference Handler" daemon [_thread_blocked, id=2816, stack(0x0000000014fb0000,0x00000000150b0000)]
  0x0000000002aed800 JavaThread "main" [_thread_blocked, id=5728, stack(0x0000000002810000,0x0000000002910000)]

Other Threads:
  0x0000000013e28000 VMThread [stack: 0x0000000014eb0000,0x0000000014fb0000] [id=2500]
  0x00000000157da800 WatcherThread [stack: 0x0000000015cb0000,0x0000000015db0000] [id=3900]

VM state:not at safepoint (normal execution)

VM Mutex/Monitor currently owned by a thread: None

heap address: 0x00000000e0000000, size: 512 MB, Compressed Oops mode: 32-bit
Narrow klass base: 0x0000000000000000, Narrow klass shift: 3
Compressed class space size: 1073741824 Address: 0x0000000100000000

Heap:
 PSYoungGen      total 154112K, used 34548K [0x00000000f5580000, 0x0000000100000000, 0x0000000100000000)
  eden space 134656K, 23% used [0x00000000f5580000,0x00000000f747ad08,0x00000000fd900000)
  from space 19456K, 14% used [0x00000000fd900000,0x00000000fdbc2540,0x00000000fec00000)
  to   space 19456K, 0% used [0x00000000fed00000,0x00000000fed00000,0x0000000100000000)
 ParOldGen       total 200704K, used 43272K [0x00000000e0000000, 0x00000000ec400000, 0x00000000f5580000)
  object space 200704K, 21% used [0x00000000e0000000,0x00000000e2a422a8,0x00000000ec400000)
 Metaspace       used 68391K, capacity 72608K, committed 72792K, reserved 1112064K
  class space    used 9276K, capacity 9965K, committed 10072K, reserved 1048576K

Card table byte_map: [0x0000000011eb0000,0x0000000011fc0000] byte_map_base: 0x00000000117b0000

Marking Bits: (ParMarkBitMap*) 0x000000005245af90
 Begin Bits: [0x00000000123c0000, 0x0000000012bc0000)
 End Bits:   [0x0000000012bc0000, 0x00000000133c0000)

Polling page: 0x0000000001020000

CodeCache: size=245760Kb used=34403Kb max_used=34414Kb free=211356Kb
 bounds [0x0000000002af0000, 0x0000000004cc0000, 0x0000000011af0000]
 total_blobs=10997 nmethods=10151 adapters=755
 compilation: enabled

Compilation events (10 events):
Event: 200.297 Thread 0x0000000013eba800 nmethod 12096 0x0000000004cb8e90 code [0x0000000004cb9000, 0x0000000004cb9268]
Event: 200.303 Thread 0x0000000013eb7800 12097       4       java.lang.reflect.Method::getTypeParameters (26 bytes)
Event: 200.306 Thread 0x0000000013e5b800 12098   !   4       java.lang.reflect.Executable::sharedToGenericString (329 bytes)
Event: 200.319 Thread 0x0000000013eb7800 nmethod 12097 0x0000000004cbc550 code [0x0000000004cbc6e0, 0x0000000004cbcc78]
Event: 200.326 Thread 0x0000000013eb7800 12099       4       org.codehaus.groovy.reflection.CachedClass::hashCode (33 bytes)
Event: 200.328 Thread 0x0000000013eb7800 nmethod 12099 0x0000000004cb95d0 code [0x0000000004cb9720, 0x0000000004cb97e8]
Event: 200.396 Thread 0x0000000013eba800 12100       1       gnu.trove.THash::size (5 bytes)
Event: 200.396 Thread 0x0000000013eba800 nmethod 12100 0x0000000004cbc290 code [0x0000000004cbc3e0, 0x0000000004cbc4f0]
Event: 200.435 Thread 0x0000000013eb7800 12101       4       sun.misc.ProxyGenerator$ConstantPool$IndirectEntry::write (61 bytes)
Event: 200.440 Thread 0x0000000013eb7800 nmethod 12101 0x0000000004cba7d0 code [0x0000000004cba920, 0x0000000004cbab18]

GC Heap History (10 events):
Event: 87.898 GC heap before
{Heap before GC invocations=20 (full 3):
 PSYoungGen      total 154112K, used 134656K [0x00000000f5580000, 0x0000000100000000, 0x0000000100000000)
  eden space 134656K, 100% used [0x00000000f5580000,0x00000000fd900000,0x00000000fd900000)
  from space 19456K, 0% used [0x00000000fed00000,0x00000000fed00000,0x0000000100000000)
  to   space 19968K, 0% used [0x00000000fd900000,0x00000000fd900000,0x00000000fec80000)
 ParOldGen       total 200704K, used 28726K [0x00000000e0000000, 0x00000000ec400000, 0x00000000f5580000)
  object space 200704K, 14% used [0x00000000e0000000,0x00000000e1c0d958,0x00000000ec400000)
 Metaspace       used 62720K, capacity 66518K, committed 66648K, reserved 1105920K
  class space    used 8820K, capacity 9497K, committed 9560K, reserved 1048576K
Event: 87.931 GC heap after
Heap after GC invocations=20 (full 3):
 PSYoungGen      total 154624K, used 9104K [0x00000000f5580000, 0x00000000fff80000, 0x0000000100000000)
  eden space 134656K, 0% used [0x00000000f5580000,0x00000000f5580000,0x00000000fd900000)
  from space 19968K, 45% used [0x00000000fd900000,0x00000000fe1e4090,0x00000000fec80000)
  to   space 19456K, 0% used [0x00000000fec80000,0x00000000fec80000,0x00000000fff80000)
 ParOldGen       total 200704K, used 28734K [0x00000000e0000000, 0x00000000ec400000, 0x00000000f5580000)
  object space 200704K, 14% used [0x00000000e0000000,0x00000000e1c0f958,0x00000000ec400000)
 Metaspace       used 62720K, capacity 66518K, committed 66648K, reserved 1105920K
  class space    used 8820K, capacity 9497K, committed 9560K, reserved 1048576K
}
Event: 104.187 GC heap before
{Heap before GC invocations=21 (full 3):
 PSYoungGen      total 154624K, used 143760K [0x00000000f5580000, 0x00000000fff80000, 0x0000000100000000)
  eden space 134656K, 100% used [0x00000000f5580000,0x00000000fd900000,0x00000000fd900000)
  from space 19968K, 45% used [0x00000000fd900000,0x00000000fe1e4090,0x00000000fec80000)
  to   space 19456K, 0% used [0x00000000fec80000,0x00000000fec80000,0x00000000fff80000)
 ParOldGen       total 200704K, used 28734K [0x00000000e0000000, 0x00000000ec400000, 0x00000000f5580000)
  object space 200704K, 14% used [0x00000000e0000000,0x00000000e1c0f958,0x00000000ec400000)
 Metaspace       used 66331K, capacity 70454K, committed 70616K, reserved 1110016K
  class space    used 9188K, capacity 9882K, committed 9944K, reserved 1048576K
Event: 104.216 GC heap after
Heap after GC invocations=21 (full 3):
 PSYoungGen      total 154624K, used 12297K [0x00000000f5580000, 0x00000000fff80000, 0x0000000100000000)
  eden space 135168K, 0% used [0x00000000f5580000,0x00000000f5580000,0x00000000fd980000)
  from space 19456K, 63% used [0x00000000fec80000,0x00000000ff882748,0x00000000fff80000)
  to   space 19456K, 0% used [0x00000000fd980000,0x00000000fd980000,0x00000000fec80000)
 ParOldGen       total 200704K, used 28742K [0x00000000e0000000, 0x00000000ec400000, 0x00000000f5580000)
  object space 200704K, 14% used [0x00000000e0000000,0x00000000e1c11958,0x00000000ec400000)
 Metaspace       used 66331K, capacity 70454K, committed 70616K, reserved 1110016K
  class space    used 9188K, capacity 9882K, committed 9944K, reserved 1048576K
}
Event: 122.237 GC heap before
{Heap before GC invocations=22 (full 3):
 PSYoungGen      total 154624K, used 147465K [0x00000000f5580000, 0x00000000fff80000, 0x0000000100000000)
  eden space 135168K, 100% used [0x00000000f5580000,0x00000000fd980000,0x00000000fd980000)
  from space 19456K, 63% used [0x00000000fec80000,0x00000000ff882748,0x00000000fff80000)
  to   space 19456K, 0% used [0x00000000fd980000,0x00000000fd980000,0x00000000fec80000)
 ParOldGen       total 200704K, used 28742K [0x00000000e0000000, 0x00000000ec400000, 0x00000000f5580000)
  object space 200704K, 14% used [0x00000000e0000000,0x00000000e1c11958,0x00000000ec400000)
 Metaspace       used 67170K, capacity 71432K, committed 71640K, reserved 1112064K
  class space    used 9232K, capacity 9941K, committed 9944K, reserved 1048576K
Event: 122.296 GC heap after
Heap after GC invocations=22 (full 3):
 PSYoungGen      total 143872K, used 8645K [0x00000000f5580000, 0x00000000ffe00000, 0x0000000100000000)
  eden space 135168K, 0% used [0x00000000f5580000,0x00000000f5580000,0x00000000fd980000)
  from space 8704K, 99% used [0x00000000fd980000,0x00000000fe1f1420,0x00000000fe200000)
  to   space 18432K, 0% used [0x00000000fec00000,0x00000000fec00000,0x00000000ffe00000)
 ParOldGen       total 200704K, used 34282K [0x00000000e0000000, 0x00000000ec400000, 0x00000000f5580000)
  object space 200704K, 17% used [0x00000000e0000000,0x00000000e217a818,0x00000000ec400000)
 Metaspace       used 67170K, capacity 71432K, committed 71640K, reserved 1112064K
  class space    used 9232K, capacity 9941K, committed 9944K, reserved 1048576K
}
Event: 163.486 GC heap before
{Heap before GC invocations=23 (full 3):
 PSYoungGen      total 143872K, used 143813K [0x00000000f5580000, 0x00000000ffe00000, 0x0000000100000000)
  eden space 135168K, 100% used [0x00000000f5580000,0x00000000fd980000,0x00000000fd980000)
  from space 8704K, 99% used [0x00000000fd980000,0x00000000fe1f1420,0x00000000fe200000)
  to   space 18432K, 0% used [0x00000000fec00000,0x00000000fec00000,0x00000000ffe00000)
 ParOldGen       total 200704K, used 34282K [0x00000000e0000000, 0x00000000ec400000, 0x00000000f5580000)
  object space 200704K, 17% used [0x00000000e0000000,0x00000000e217a818,0x00000000ec400000)
 Metaspace       used 67609K, capacity 71868K, committed 72024K, reserved 1112064K
  class space    used 9252K, capacity 9961K, committed 10072K, reserved 1048576K
Event: 163.506 GC heap after
Heap after GC invocations=23 (full 3):
 PSYoungGen      total 153088K, used 1616K [0x00000000f5580000, 0x0000000100000000, 0x0000000100000000)
  eden space 134656K, 0% used [0x00000000f5580000,0x00000000f5580000,0x00000000fd900000)
  from space 18432K, 8% used [0x00000000fec00000,0x00000000fed94020,0x00000000ffe00000)
  to   space 19456K, 0% used [0x00000000fd900000,0x00000000fd900000,0x00000000fec00000)
 ParOldGen       total 200704K, used 42056K [0x00000000e0000000, 0x00000000ec400000, 0x00000000f5580000)
  object space 200704K, 20% used [0x00000000e0000000,0x00000000e29122a8,0x00000000ec400000)
 Metaspace       used 67609K, capacity 71868K, committed 72024K, reserved 1112064K
  class space    used 9252K, capacity 9961K, committed 10072K, reserved 1048576K
}
Event: 198.712 GC heap before
{Heap before GC invocations=24 (full 3):
 PSYoungGen      total 153088K, used 136272K [0x00000000f5580000, 0x0000000100000000, 0x0000000100000000)
  eden space 134656K, 100% used [0x00000000f5580000,0x00000000fd900000,0x00000000fd900000)
  from space 18432K, 8% used [0x00000000fec00000,0x00000000fed94020,0x00000000ffe00000)
  to   space 19456K, 0% used [0x00000000fd900000,0x00000000fd900000,0x00000000fec00000)
 ParOldGen       total 200704K, used 42056K [0x00000000e0000000, 0x00000000ec400000, 0x00000000f5580000)
  object space 200704K, 20% used [0x00000000e0000000,0x00000000e29122a8,0x00000000ec400000)
 Metaspace       used 68160K, capacity 72472K, committed 72792K, reserved 1112064K
  class space    used 9259K, capacity 9961K, committed 10072K, reserved 1048576K
Event: 198.721 GC heap after
Heap after GC invocations=24 (full 3):
 PSYoungGen      total 154112K, used 2825K [0x00000000f5580000, 0x0000000100000000, 0x0000000100000000)
  eden space 134656K, 0% used [0x00000000f5580000,0x00000000f5580000,0x00000000fd900000)
  from space 19456K, 14% used [0x00000000fd900000,0x00000000fdbc2540,0x00000000fec00000)
  to   space 19456K, 0% used [0x00000000fed00000,0x00000000fed00000,0x0000000100000000)
 ParOldGen       total 200704K, used 43272K [0x00000000e0000000, 0x00000000ec400000, 0x00000000f5580000)
  object space 200704K, 21% used [0x00000000e0000000,0x00000000e2a422a8,0x00000000ec400000)
 Metaspace       used 68160K, capacity 72472K, committed 72792K, reserved 1112064K
  class space    used 9259K, capacity 9961K, committed 10072K, reserved 1048576K
}

Deoptimization events (10 events):
Event: 175.060 Thread 0x0000000016541800 Uncommon trap: reason=unstable_if action=reinterpret pc=0x00000000037d1060 method=java.util.HashMap.computeIfAbsent(Ljava/lang/Object;Ljava/util/function/Function;)Ljava/lang/Object; @ 145
Event: 175.431 Thread 0x0000000016541800 Uncommon trap: reason=class_check action=maybe_recompile pc=0x0000000004001cb8 method=java.util.stream.StreamOpFlag.fromCharacteristics(Ljava/util/Spliterator;)I @ 14
Event: 177.667 Thread 0x000000001b318800 Uncommon trap: reason=unstable_if action=reinterpret pc=0x000000000438654c method=com.sun.org.apache.xerces.internal.impl.XMLDocumentFragmentScannerImpl$FragmentContentDriver.next()I @ 76
Event: 178.517 Thread 0x000000001b317000 Uncommon trap: reason=unstable_if action=reinterpret pc=0x0000000004af9384 method=java.util.concurrent.ConcurrentHashMap.addCount(JI)V @ 97
Event: 180.376 Thread 0x0000000016541800 Uncommon trap: reason=bimorphic action=maybe_recompile pc=0x0000000004b957e0 method=java.util.AbstractList.hashCode()I @ 3
Event: 180.376 Thread 0x0000000016541800 Uncommon trap: reason=bimorphic action=maybe_recompile pc=0x0000000004b957e0 method=java.util.AbstractList.hashCode()I @ 3
Event: 180.376 Thread 0x0000000016541800 Uncommon trap: reason=bimorphic action=maybe_recompile pc=0x0000000004b957e0 method=java.util.AbstractList.hashCode()I @ 3
Event: 180.377 Thread 0x0000000016541800 Uncommon trap: reason=bimorphic action=maybe_recompile pc=0x0000000004b957e0 method=java.util.AbstractList.hashCode()I @ 3
Event: 182.118 Thread 0x0000000016541800 Uncommon trap: reason=unstable_if action=reinterpret pc=0x0000000004ad49f8 method=com.esotericsoftware.kryo.io.Output.writeByte(B)V @ 8
Event: 200.280 Thread 0x0000000016541800 Uncommon trap: reason=unstable_if action=reinterpret pc=0x00000000048efc48 method=groovy.lang.MetaClassImpl.getMetaProperty(Ljava/lang/String;Z)Lgroovy/lang/MetaProperty; @ 6

Classes redefined (0 events):
No events

Internal exceptions (10 events):
Event: 174.012 Thread 0x0000000016541800 Exception <a 'java/lang/ClassNotFoundException': org/gradle/api/internal/artifacts/DefaultDependencySetCustomizer> (0x00000000f6d76440) thrown at [C:\jenkins\workspace\8-2-build-windows-amd64-cygwin\jdk8u251\737\hotspot\src\share\vm\classfile\systemDictio
Event: 174.019 Thread 0x0000000016541800 Exception <a 'java/lang/ClassNotFoundException': org/gradle/internal/component/external/model/DefaultModuleComponentIdentifierBeanInfo> (0x00000000f6e395a8) thrown at [C:\jenkins\workspace\8-2-build-windows-amd64-cygwin\jdk8u251\737\hotspot\src\share\vm\c
Event: 174.020 Thread 0x0000000016541800 Exception <a 'java/lang/ClassNotFoundException': org/gradle/internal/component/external/model/DefaultModuleComponentIdentifierCustomizer> (0x00000000f6e806e8) thrown at [C:\jenkins\workspace\8-2-build-windows-amd64-cygwin\jdk8u251\737\hotspot\src\share\vm
Event: 198.949 Thread 0x0000000016541800 Exception <a 'java/net/SocketTimeoutException': Read timed out> (0x00000000f5652220) thrown at [C:\jenkins\workspace\8-2-build-windows-amd64-cygwin\jdk8u251\737\hotspot\src\share\vm\prims\jni.cpp, line 736]
Event: 200.299 Thread 0x0000000016541800 Exception <a 'java/lang/ClassNotFoundException': org/gradle/api/internal/plugins/DefaultPluginContainerBeanInfo> (0x00000000f70e9fb0) thrown at [C:\jenkins\workspace\8-2-build-windows-amd64-cygwin\jdk8u251\737\hotspot\src\share\vm\classfile\systemDictiona
Event: 200.300 Thread 0x0000000016541800 Exception <a 'java/lang/ClassNotFoundException': org/gradle/api/internal/plugins/DefaultPluginCollectionBeanInfo> (0x00000000f710ed60) thrown at [C:\jenkins\workspace\8-2-build-windows-amd64-cygwin\jdk8u251\737\hotspot\src\share\vm\classfile\systemDiction
Event: 200.302 Thread 0x0000000016541800 Exception <a 'java/lang/ClassNotFoundException': org/gradle/api/internal/DefaultDomainObjectSetBeanInfo> (0x00000000f712fdc8) thrown at [C:\jenkins\workspace\8-2-build-windows-amd64-cygwin\jdk8u251\737\hotspot\src\share\vm\classfile\systemDictionary.cpp, 
Event: 200.303 Thread 0x0000000016541800 Exception <a 'java/lang/ClassNotFoundException': org/gradle/api/internal/DefaultDomainObjectSetCustomizer> (0x00000000f7151e30) thrown at [C:\jenkins\workspace\8-2-build-windows-amd64-cygwin\jdk8u251\737\hotspot\src\share\vm\classfile\systemDictionary.cpp
Event: 200.305 Thread 0x0000000016541800 Exception <a 'java/lang/ClassNotFoundException': org/gradle/api/internal/plugins/DefaultPluginCollectionCustomizer> (0x00000000f7188798) thrown at [C:\jenkins\workspace\8-2-build-windows-amd64-cygwin\jdk8u251\737\hotspot\src\share\vm\classfile\systemDicti
Event: 200.323 Thread 0x0000000016541800 Exception <a 'java/lang/ClassNotFoundException': org/gradle/api/internal/plugins/DefaultPluginContainerCustomizer> (0x00000000f71e1a70) thrown at [C:\jenkins\workspace\8-2-build-windows-amd64-cygwin\jdk8u251\737\hotspot\src\share\vm\classfile\systemDictio

Events (10 events):
Event: 200.433 loading class com/android/ide/gradle/model/impl/GradlePluginModelImpl$Companion
Event: 200.433 loading class com/android/ide/gradle/model/impl/GradlePluginModelImpl$Companion done
Event: 200.437 loading class org/gradle/kotlin/dsl/tooling/builders/KotlinDslScriptsModelBuilderKt
Event: 200.437 loading class org/gradle/kotlin/dsl/tooling/builders/KotlinDslScriptsModelBuilderKt done
Event: 200.450 loading class org/gradle/kotlin/dsl/tooling/builders/KotlinDslScriptsModelBuilderKt$collectKotlinDslScripts$1
Event: 200.450 loading class org/gradle/kotlin/dsl/tooling/builders/KotlinDslScriptsModelBuilderKt$collectKotlinDslScripts$1 done
Event: 200.503 loading class kotlin/coroutines/jvm/internal/RestrictedSuspendLambda
Event: 200.503 loading class kotlin/coroutines/jvm/internal/RestrictedSuspendLambda done
Event: 200.544 loading class kotlin/coroutines/jvm/internal/SuspendFunction
Event: 200.544 loading class kotlin/coroutines/jvm/internal/SuspendFunction done


Dynamic libraries:
0x00007ff6ddd70000 - 0x00007ff6ddda7000 	C:\Program Files\Java\jdk1.8.0_251\bin\java.exe
0x00007ffc5ec30000 - 0x00007ffc5ee25000 	C:\Windows\SYSTEM32\ntdll.dll
0x00007ffc5dcc0000 - 0x00007ffc5dd7e000 	C:\Windows\System32\KERNEL32.DLL
0x00007ffc5c650000 - 0x00007ffc5c918000 	C:\Windows\System32\KERNELBASE.dll
0x00007ffc5e820000 - 0x00007ffc5e8ce000 	C:\Windows\System32\ADVAPI32.dll
0x00007ffc5cec0000 - 0x00007ffc5cf5e000 	C:\Windows\System32\msvcrt.dll
0x00007ffc5de30000 - 0x00007ffc5decc000 	C:\Windows\System32\sechost.dll
0x00007ffc5e620000 - 0x00007ffc5e745000 	C:\Windows\System32\RPCRT4.dll
0x00007ffc5d450000 - 0x00007ffc5d5f1000 	C:\Windows\System32\USER32.dll
0x00007ffc5cc10000 - 0x00007ffc5cc32000 	C:\Windows\System32\win32u.dll
0x00007ffc5db30000 - 0x00007ffc5db5b000 	C:\Windows\System32\GDI32.dll
0x00007ffc5c4f0000 - 0x00007ffc5c5fd000 	C:\Windows\System32\gdi32full.dll
0x00007ffc5c340000 - 0x00007ffc5c3dd000 	C:\Windows\System32\msvcp_win.dll
0x00007ffc5c920000 - 0x00007ffc5ca20000 	C:\Windows\System32\ucrtbase.dll
0x00007ffc46cf0000 - 0x00007ffc46f8a000 	C:\Windows\WinSxS\amd64_microsoft.windows.common-controls_6595b64144ccf1df_6.0.19041.1110_none_60b5254171f9507e\COMCTL32.dll
0x00007ffc5dd90000 - 0x00007ffc5ddc0000 	C:\Windows\System32\IMM32.DLL
0x00000000524e0000 - 0x00000000525b2000 	C:\Program Files\Java\jdk1.8.0_251\jre\bin\msvcr100.dll
0x0000000051c30000 - 0x00000000524db000 	C:\Program Files\Java\jdk1.8.0_251\jre\bin\server\jvm.dll
0x00007ffc5db60000 - 0x00007ffc5db68000 	C:\Windows\System32\PSAPI.DLL
0x00007ffc50ea0000 - 0x00007ffc50ea9000 	C:\Windows\SYSTEM32\WSOCK32.dll
0x00007ffc5ddc0000 - 0x00007ffc5de2b000 	C:\Windows\System32\WS2_32.dll
0x00007ffc54180000 - 0x00007ffc541a7000 	C:\Windows\SYSTEM32\WINMM.dll
0x00007ffc51c80000 - 0x00007ffc51c8a000 	C:\Windows\SYSTEM32\VERSION.dll
0x00007ffc51570000 - 0x00007ffc5157f000 	C:\Program Files\Java\jdk1.8.0_251\jre\bin\verify.dll
0x00007ffc51470000 - 0x00007ffc51499000 	C:\Program Files\Java\jdk1.8.0_251\jre\bin\java.dll
0x00007ffc51400000 - 0x00007ffc51416000 	C:\Program Files\Java\jdk1.8.0_251\jre\bin\zip.dll
0x00007ffc5ded0000 - 0x00007ffc5e614000 	C:\Windows\System32\SHELL32.dll
0x00007ffc5a430000 - 0x00007ffc5abc5000 	C:\Windows\SYSTEM32\windows.storage.dll
0x00007ffc5cf60000 - 0x00007ffc5d2b5000 	C:\Windows\System32\combase.dll
0x00007ffc5bd20000 - 0x00007ffc5bd4e000 	C:\Windows\SYSTEM32\Wldp.dll
0x00007ffc5ce10000 - 0x00007ffc5cebd000 	C:\Windows\System32\SHCORE.dll
0x00007ffc5cd90000 - 0x00007ffc5cde5000 	C:\Windows\System32\shlwapi.dll
0x00007ffc5c280000 - 0x00007ffc5c29f000 	C:\Windows\SYSTEM32\profapi.dll
0x00007ffc4e5b0000 - 0x00007ffc4e5ca000 	C:\Program Files\Java\jdk1.8.0_251\jre\bin\net.dll
0x00007ffc5ba20000 - 0x00007ffc5ba8a000 	C:\Windows\system32\mswsock.dll
0x00007ffc4e350000 - 0x00007ffc4e362000 	C:\Program Files\Java\jdk1.8.0_251\jre\bin\nio.dll
0x00007ffc514a0000 - 0x00007ffc514c7000 	C:\Users\Admin\.gradle\native\e1d6ef7f7dcc3fd88c89a11ec53ec762bb8ba0a96d01ffa2cd45eb1d1d8dd5c5\windows-amd64\native-platform.dll
0x00007ffc2a500000 - 0x00007ffc2a644000 	C:\Users\Admin\.gradle\native\5664cfc778a61ccfe75a443a1ab52a65af34e5dc3c78e0209fed803814484fcb\windows-amd64\native-platform-file-events.dll
0x00007ffc51560000 - 0x00007ffc5156d000 	C:\Program Files\Java\jdk1.8.0_251\jre\bin\management.dll
0x00007ffc5bc10000 - 0x00007ffc5bc28000 	C:\Windows\SYSTEM32\CRYPTSP.dll
0x00007ffc5b3a0000 - 0x00007ffc5b3d4000 	C:\Windows\system32\rsaenh.dll
0x00007ffc5cc40000 - 0x00007ffc5cc67000 	C:\Windows\System32\bcrypt.dll
0x00007ffc5c200000 - 0x00007ffc5c22e000 	C:\Windows\SYSTEM32\USERENV.dll
0x00007ffc5cb80000 - 0x00007ffc5cc02000 	C:\Windows\System32\bcryptprimitives.dll
0x00007ffc5bc30000 - 0x00007ffc5bc3c000 	C:\Windows\SYSTEM32\CRYPTBASE.dll
0x00007ffc5b710000 - 0x00007ffc5b74b000 	C:\Windows\SYSTEM32\IPHLPAPI.DLL
0x00007ffc5db70000 - 0x00007ffc5db78000 	C:\Windows\System32\NSI.dll
0x00007ffc52110000 - 0x00007ffc52127000 	C:\Windows\SYSTEM32\dhcpcsvc6.DLL
0x00007ffc54160000 - 0x00007ffc5417d000 	C:\Windows\SYSTEM32\dhcpcsvc.DLL
0x00007ffc5b750000 - 0x00007ffc5b81b000 	C:\Windows\SYSTEM32\DNSAPI.dll
0x00007ffc51580000 - 0x00007ffc515a4000 	C:\Program Files\Java\jdk1.8.0_251\jre\bin\sunec.dll
0x00007ffc51550000 - 0x00007ffc5155c000 	C:\Program Files\Java\jdk1.8.0_251\jre\bin\sunmscapi.dll
0x00007ffc5ca20000 - 0x00007ffc5cb76000 	C:\Windows\System32\CRYPT32.dll
0x00007ffc5bd90000 - 0x00007ffc5bdb7000 	C:\Windows\SYSTEM32\ncrypt.dll
0x00007ffc5bd50000 - 0x00007ffc5bd8b000 	C:\Windows\SYSTEM32\NTASN1.dll
0x00007ffc4dc90000 - 0x00007ffc4dc9a000 	C:\Windows\System32\rasadhlp.dll
0x00007ffc4de20000 - 0x00007ffc4de9f000 	C:\Windows\System32\fwpuclnt.dll

VM Arguments:
jvm_args: -XX:MaxMetaspaceSize=256m -XX:+HeapDumpOnOutOfMemoryError -Xms256m -Xmx512m -Dfile.encoding=windows-1252 -Duser.country=US -Duser.language=en -Duser.variant 
java_command: org.gradle.launcher.daemon.bootstrap.GradleDaemon 7.3.2
java_class_path (initial): C:\Users\Admin\.gradle\wrapper\dists\gradle-7.3.2-bin\4k4cn06q0rruwh9dpndf9gmi8\gradle-7.3.2\lib\gradle-launcher-7.3.2.jar
Launcher Type: SUN_STANDARD

Environment Variables:
PATH=C:\Program Files (x86)\Common Files\Oracle\Java\javapath;C:\Windows\system32;C:\Windows;C:\Windows\System32\Wbem;C:\Windows\System32\WindowsPowerShell\v1.0\;C:\Windows\System32\OpenSSH\;C:\Program Files\Git\cmd;C:\Users\Admin\AppData\Local\Microsoft\WindowsApps;
USERNAME=Admin
OS=Windows_NT
PROCESSOR_IDENTIFIER=Intel64 Family 6 Model 58 Stepping 9, GenuineIntel



---------------  S Y S T E M  ---------------

OS: Windows 10.0 , 64 bit Build 19041 (10.0.19041.1466)

CPU:total 4 (initial active 4) (2 cores per cpu, 2 threads per core) family 6 model 58 stepping 9, cmov, cx8, fxsr, mmx, sse, sse2, sse3, ssse3, sse4.1, sse4.2, popcnt, avx, clmul, erms, ht, tsc, tscinvbit, tscinv

Memory: 4k page, physical 8260968k(843660k free), swap 8260968k(5284k free)

vm_info: Java HotSpot(TM) 64-Bit Server VM (25.251-b08) for windows-amd64 JRE (1.8.0_251-b08), built on Mar 12 2020 06:31:49 by "" with MS VC++ 10.0 (VS2010)

time: Wed Jan 19 16:38:58 2022
timezone: SE Asia Standard Time
elapsed time: 200 seconds (0d 0h 3m 20s)

