#
# There is insufficient memory for the Java Runtime Environment to continue.
# Native memory allocation (malloc) failed to allocate 65552 bytes for Chunk::new
# Possible reasons:
#   The system is out of physical RAM or swap space
#   The process is running with CompressedOops enabled, and the Java Heap may be blocking the growth of the native heap
# Possible solutions:
#   Reduce memory load on the system
#   Increase physical memory or swap space
#   Check if swap backing store is full
#   Decrease Java heap size (-Xmx/-Xms)
#   Decrease number of Java threads
#   Decrease Java thread stack sizes (-Xss)
#   Set larger code cache with -XX:ReservedCodeCacheSize=
#   JVM is running with Unscaled Compressed Oops mode in which the Java heap is
#     placed in the first 4GB address space. The Java Heap base address is the
#     maximum limit for the native heap growth. Please use -XX:HeapBaseMinAddress
#     to set the Java Heap base and to place the Java Heap above 4GB virtual address.
# This output file may be truncated or incomplete.
#
#  Out of Memory Error (allocation.cpp:389), pid=2800, tid=0x0000000000001d10
#
# JRE version: Java(TM) SE Runtime Environment (8.0_251-b08) (build 1.8.0_251-b08)
# Java VM: Java HotSpot(TM) 64-Bit Server VM (25.251-b08 mixed mode windows-amd64 compressed oops)
# Failed to write core dump. Minidumps are not enabled by default on client versions of Windows
#

---------------  T H R E A D  ---------------

Current thread (0x000000001456e800):  JavaThread "C2 CompilerThread0" daemon [_thread_in_native, id=7440, stack(0x0000000015bc0000,0x0000000015cc0000)]

Stack: [0x0000000015bc0000,0x0000000015cc0000]
[error occurred during error reporting (printing stack bounds), id 0xc0000005]

Native frames: (J=compiled Java code, j=interpreted, Vv=VM code, C=native code)


Current CompileTask:
C2:  37407 4004       4       org.gradle.internal.instantiation.generator.AbstractClassGenerator::inspectType (560 bytes)


---------------  P R O C E S S  ---------------

Java Threads: ( => current thread )
  0x0000000017b2f800 JavaThread "Execution worker for ':' Thread 3" [_thread_blocked, id=7352, stack(0x00000000207a0000,0x00000000208a0000)]
  0x0000000017b2f000 JavaThread "Execution worker for ':' Thread 2" [_thread_blocked, id=8508, stack(0x00000000203f0000,0x00000000204f0000)]
  0x0000000017b27800 JavaThread "Execution worker for ':'" [_thread_blocked, id=6180, stack(0x00000000202f0000,0x00000000203f0000)]
  0x0000000017b26800 JavaThread "Memory manager" [_thread_blocked, id=7400, stack(0x00000000015b0000,0x00000000016b0000)]
  0x0000000017b29000 JavaThread "Unconstrained build operations Thread 19" [_thread_blocked, id=7416, stack(0x000000001fbf0000,0x000000001fcf0000)]
  0x0000000017b2d800 JavaThread "Unconstrained build operations Thread 18" [_thread_blocked, id=788, stack(0x000000001faf0000,0x000000001fbf0000)]
  0x0000000017b26000 JavaThread "Unconstrained build operations Thread 17" [_thread_blocked, id=7120, stack(0x000000001f9f0000,0x000000001faf0000)]
  0x0000000017b2c800 JavaThread "Unconstrained build operations Thread 16" [_thread_blocked, id=6012, stack(0x000000001f8f0000,0x000000001f9f0000)]
  0x0000000017b25000 JavaThread "Unconstrained build operations Thread 15" [_thread_blocked, id=9172, stack(0x000000001f7f0000,0x000000001f8f0000)]
  0x0000000017b2b000 JavaThread "Unconstrained build operations Thread 14" [_thread_blocked, id=6616, stack(0x000000001f6f0000,0x000000001f7f0000)]
  0x0000000017b2c000 JavaThread "Unconstrained build operations Thread 13" [_thread_blocked, id=9148, stack(0x000000001f5f0000,0x000000001f6f0000)]
  0x0000000017b28000 JavaThread "Unconstrained build operations Thread 12" [_thread_blocked, id=2064, stack(0x000000001f4f0000,0x000000001f5f0000)]
  0x00000000182a2800 JavaThread "Unconstrained build operations Thread 11" [_thread_blocked, id=8012, stack(0x000000001f3f0000,0x000000001f4f0000)]
  0x00000000182a8000 JavaThread "Unconstrained build operations Thread 10" [_thread_blocked, id=4340, stack(0x000000001f2f0000,0x000000001f3f0000)]
  0x00000000182a5000 JavaThread "Unconstrained build operations Thread 9" [_thread_blocked, id=5632, stack(0x000000001f1f0000,0x000000001f2f0000)]
  0x00000000182a3800 JavaThread "Unconstrained build operations Thread 8" [_thread_blocked, id=7636, stack(0x000000001eff0000,0x000000001f0f0000)]
  0x00000000182a4000 JavaThread "Unconstrained build operations Thread 7" [_thread_blocked, id=3248, stack(0x000000001eef0000,0x000000001eff0000)]
  0x00000000182a6800 JavaThread "Unconstrained build operations Thread 6" [_thread_blocked, id=6692, stack(0x000000001edf0000,0x000000001eef0000)]
  0x00000000182a5800 JavaThread "Unconstrained build operations Thread 5" [_thread_blocked, id=6932, stack(0x000000001ecf0000,0x000000001edf0000)]
  0x00000000182a7000 JavaThread "Unconstrained build operations Thread 4" [_thread_blocked, id=9000, stack(0x000000001ebf0000,0x000000001ecf0000)]
  0x000000001829b000 JavaThread "Unconstrained build operations Thread 3" [_thread_blocked, id=2488, stack(0x000000001eaf0000,0x000000001ebf0000)]
  0x00000000182a2000 JavaThread "Unconstrained build operations Thread 2" [_thread_blocked, id=6128, stack(0x000000001e9f0000,0x000000001eaf0000)]
  0x00000000182a1000 JavaThread "Unconstrained build operations" [_thread_blocked, id=7944, stack(0x000000001e8f0000,0x000000001e9f0000)]
  0x00000000182a0800 JavaThread "Cache worker for Build Output Cleanup Cache (D:\codegym\C0921G1-LeMinhTai-module-4\ss7_spring_data_repository\bai_tap\.gradle\buildOutputCleanup)" [_thread_blocked, id=5540, stack(0x000000001e5f0000,0x000000001e6f0000)]
  0x000000001829f800 JavaThread "Cache worker for dependencies-accessors (D:\codegym\C0921G1-LeMinhTai-module-4\ss7_spring_data_repository\bai_tap\.gradle\7.3.2\dependencies-accessors)" [_thread_blocked, id=5012, stack(0x000000001e0f0000,0x000000001e1f0000)]
  0x000000001829f000 JavaThread "jar transforms Thread 4" [_thread_blocked, id=4312, stack(0x000000001dff0000,0x000000001e0f0000)]
  0x0000000018299000 JavaThread "jar transforms Thread 3" [_thread_blocked, id=6500, stack(0x000000001def0000,0x000000001dff0000)]
  0x000000001829e000 JavaThread "Cache worker for file content cache (C:\Users\Admin\.gradle\caches\7.3.2\fileContent)" [_thread_blocked, id=6156, stack(0x000000001dbf0000,0x000000001dcf0000)]
  0x000000001829d800 JavaThread "jar transforms Thread 2" [_thread_blocked, id=880, stack(0x000000001d6f0000,0x000000001d7f0000)]
  0x0000000018299800 JavaThread "jar transforms" [_thread_blocked, id=8884, stack(0x000000001d5f0000,0x000000001d6f0000)]
  0x000000001847d000 JavaThread "Cache worker for execution history cache (C:\Users\Admin\.gradle\caches\7.3.2\executionHistory)" [_thread_blocked, id=752, stack(0x000000001d2f0000,0x000000001d3f0000)]
  0x000000001847d800 JavaThread "Cache worker for cache directory md-rule (C:\Users\Admin\.gradle\caches\7.3.2\md-rule)" [_thread_blocked, id=2200, stack(0x000000001d1f0000,0x000000001d2f0000)]
  0x000000001847b800 JavaThread "Cache worker for cache directory md-supplier (C:\Users\Admin\.gradle\caches\7.3.2\md-supplier)" [_thread_blocked, id=5856, stack(0x000000001cef0000,0x000000001cff0000)]
  0x0000000018479000 JavaThread "Cache worker for checksums cache (D:\codegym\C0921G1-LeMinhTai-module-4\ss7_spring_data_repository\bai_tap\.gradle\7.3.2\checksums)" [_thread_blocked, id=1100, stack(0x000000001cdf0000,0x000000001cef0000)]
  0x000000001847a800 JavaThread "File watcher consumer" daemon [_thread_blocked, id=1484, stack(0x000000001ccf0000,0x000000001cdf0000)]
  0x0000000018480000 JavaThread "File watcher server" daemon [_thread_in_native, id=2448, stack(0x000000001b640000,0x000000001b740000)]
  0x000000001847f000 JavaThread "Cache worker for file hash cache (D:\codegym\C0921G1-LeMinhTai-module-4\ss7_spring_data_repository\bai_tap\.gradle\7.3.2\fileHashes)" [_thread_blocked, id=9132, stack(0x000000001b2b0000,0x000000001b3b0000)]
  0x000000001847c000 JavaThread "Cache worker for file hash cache (C:\Users\Admin\.gradle\caches\7.3.2\fileHashes)" [_thread_blocked, id=8704, stack(0x000000001b820000,0x000000001b920000)]
  0x000000001847a000 JavaThread "File lock request listener" [_thread_in_native, id=4628, stack(0x000000001b540000,0x000000001b640000)]
  0x000000001847e800 JavaThread "Cache worker for journal cache (C:\Users\Admin\.gradle\caches\journal-1)" [_thread_blocked, id=7456, stack(0x000000001b440000,0x000000001b540000)]
  0x0000000018228800 JavaThread "Daemon client event forwarder" [_thread_blocked, id=8904, stack(0x0000000019de0000,0x0000000019ee0000)]
  0x00000000182d9800 JavaThread "Stdin handler" [_thread_blocked, id=6104, stack(0x0000000019ce0000,0x0000000019de0000)]
  0x0000000018507000 JavaThread "Asynchronous log dispatcher for DefaultDaemonConnection: socket connection from /127.0.0.1:63495 to /127.0.0.1:63496" [_thread_blocked, id=8876, stack(0x0000000019be0000,0x0000000019ce0000)]
  0x00000000182db800 JavaThread "Daemon worker" [_thread_in_vm, id=8288, stack(0x0000000019ae0000,0x0000000019be0000)]
  0x0000000018221800 JavaThread "Cancel handler" [_thread_blocked, id=4672, stack(0x00000000199e0000,0x0000000019ae0000)]
  0x0000000018209800 JavaThread "Handler for socket connection from /127.0.0.1:63495 to /127.0.0.1:63496" [_thread_in_native, id=6700, stack(0x00000000198e0000,0x00000000199e0000)]
  0x0000000018209000 JavaThread "Daemon" [_thread_blocked, id=8160, stack(0x00000000197e0000,0x00000000198e0000)]
  0x00000000181f2000 JavaThread "Daemon periodic checks" [_thread_blocked, id=6360, stack(0x00000000194e0000,0x00000000195e0000)]
  0x0000000018188000 JavaThread "Incoming local TCP Connector on port 63495" [_thread_in_native, id=7664, stack(0x00000000192a0000,0x00000000193a0000)]
  0x0000000018039800 JavaThread "Daemon health stats" [_thread_blocked, id=6232, stack(0x0000000018e60000,0x0000000018f60000)]
  0x00000000145ce000 JavaThread "Service Thread" daemon [_thread_blocked, id=4276, stack(0x00000000162c0000,0x00000000163c0000)]
  0x0000000015dc8800 JavaThread "C1 CompilerThread2" daemon [_thread_blocked, id=4952, stack(0x00000000161c0000,0x00000000162c0000)]
  0x00000000145c6000 JavaThread "C2 CompilerThread1" daemon [_thread_in_native, id=4796, stack(0x0000000015cc0000,0x0000000015dc0000)]
=>0x000000001456e800 JavaThread "C2 CompilerThread0" daemon [_thread_in_native, id=7440, stack(0x0000000015bc0000,0x0000000015cc0000)]
  0x000000001456b800 JavaThread "Attach Listener" daemon [_thread_blocked, id=5716, stack(0x0000000015ac0000,0x0000000015bc0000)]
  0x000000001456a800 JavaThread "Signal Dispatcher" daemon [_thread_blocked, id=8272, stack(0x00000000159c0000,0x0000000015ac0000)]
  0x000000000314a800 JavaThread "Finalizer" daemon [_thread_blocked, id=7304, stack(0x00000000157c0000,0x00000000158c0000)]
  0x000000001455a000 JavaThread "Reference Handler" daemon [_thread_blocked, id=4436, stack(0x00000000156c0000,0x00000000157c0000)]
  0x000000000188d800 JavaThread "main" [_thread_blocked, id=8356, stack(0x0000000002f50000,0x0000000003050000)]

Other Threads:
  0x0000000014538000 VMThread [stack: 0x00000000155c0000,0x00000000156c0000] [id=7656]
  0x0000000015dc9000 WatcherThread [stack: 0x00000000163c0000,0x00000000164c0000] [id=8976]

VM state:not at safepoint (normal execution)

VM Mutex/Monitor currently owned by a thread:  ([mutex/lock_event])
[0x000000000188d0e0] AdapterHandlerLibrary_lock - owner thread: 0x00000000182db800

heap address: 0x00000000e0000000, size: 512 MB, Compressed Oops mode: 32-bit
Narrow klass base: 0x0000000000000000, Narrow klass shift: 3
Compressed class space size: 1073741824 Address: 0x0000000100000000

Heap:
 PSYoungGen      total 140288K, used 14345K [0x00000000f5580000, 0x00000000feb80000, 0x0000000100000000)
  eden space 127488K, 2% used [0x00000000f5580000,0x00000000f5855470,0x00000000fd200000)
  from space 12800K, 89% used [0x00000000fd280000,0x00000000fddad298,0x00000000fdf00000)
  to   space 6144K, 0% used [0x00000000fe580000,0x00000000fe580000,0x00000000feb80000)
 ParOldGen       total 175104K, used 15201K [0x00000000e0000000, 0x00000000eab00000, 0x00000000f5580000)
  object space 175104K, 8% used [0x00000000e0000000,0x00000000e0ed86a8,0x00000000eab00000)
 Metaspace       used 45271K, capacity 48014K, committed 48128K, reserved 1091584K
  class space    used 6632K, capacity 7140K, committed 7168K, reserved 1048576K

Card table byte_map: [0x0000000012510000,0x0000000012620000] byte_map_base: 0x0000000011e10000

Marking Bits: (ParMarkBitMap*) 0x00000000524daf90
 Begin Bits: [0x0000000012ad0000, 0x00000000132d0000)
 End Bits:   [0x00000000132d0000, 0x0000000013ad0000)

Polling page: 0x00000000011d0000

CodeCache: size=245760Kb used=13080Kb max_used=13173Kb free=232679Kb
 bounds [0x0000000003150000, 0x0000000003e40000, 0x0000000012150000]
 total_blobs=4380 nmethods=3635 adapters=657
 compilation: enabled

Compilation events (10 events):
Event: 37.301 Thread 0x0000000015dc8800 4027       3       java.lang.Long::getChars (221 bytes)
Event: 37.302 Thread 0x0000000015dc8800 nmethod 4027 0x000000000349e010 code [0x000000000349e1e0, 0x000000000349e850]
Event: 37.303 Thread 0x0000000015dc8800 4028       3       sun.misc.ProxyGenerator::collectCompatibleTypes (93 bytes)
Event: 37.303 Thread 0x0000000015dc8800 nmethod 4028 0x000000000339e750 code [0x000000000339e900, 0x000000000339eec8]
Event: 37.315 Thread 0x0000000015dc8800 4030       3       org.gradle.internal.event.BroadcastDispatch$SingletonDispatch::dispatch (9 bytes)
Event: 37.316 Thread 0x0000000015dc8800 nmethod 4030 0x00000000032f0250 code [0x00000000032f03c0, 0x00000000032f0728]
Event: 37.316 Thread 0x0000000015dc8800 4031       3       org.gradle.internal.event.BroadcastDispatch$SingletonDispatch::dispatch (10 bytes)
Event: 37.317 Thread 0x0000000015dc8800 nmethod 4031 0x0000000003310090 code [0x0000000003310200, 0x0000000003310408]
Event: 37.317 Thread 0x0000000015dc8800 4032   !   3       org.gradle.internal.event.AbstractBroadcastDispatch::dispatch (74 bytes)
Event: 37.319 Thread 0x0000000015dc8800 nmethod 4032 0x00000000034064d0 code [0x0000000003406760, 0x0000000003407838]

GC Heap History (10 events):
Event: 19.557 GC heap before
{Heap before GC invocations=7 (full 1):
 PSYoungGen      total 76288K, used 70669K [0x00000000f5580000, 0x00000000fc800000, 0x0000000100000000)
  eden space 65536K, 100% used [0x00000000f5580000,0x00000000f9580000,0x00000000f9580000)
  from space 10752K, 47% used [0x00000000f9580000,0x00000000f9a83708,0x00000000fa000000)
  to   space 12800K, 0% used [0x00000000fbb80000,0x00000000fbb80000,0x00000000fc800000)
 ParOldGen       total 175104K, used 9951K [0x00000000e0000000, 0x00000000eab00000, 0x00000000f5580000)
  object space 175104K, 5% used [0x00000000e0000000,0x00000000e09b7ef8,0x00000000eab00000)
 Metaspace       used 32798K, capacity 34174K, committed 34432K, reserved 1079296K
  class space    used 4650K, capacity 4939K, committed 4992K, reserved 1048576K
Event: 19.593 GC heap after
Heap after GC invocations=7 (full 1):
 PSYoungGen      total 103936K, used 10028K [0x00000000f5580000, 0x00000000fca80000, 0x0000000100000000)
  eden space 91136K, 0% used [0x00000000f5580000,0x00000000f5580000,0x00000000fae80000)
  from space 12800K, 78% used [0x00000000fbb80000,0x00000000fc54b078,0x00000000fc800000)
  to   space 13312K, 0% used [0x00000000fae80000,0x00000000fae80000,0x00000000fbb80000)
 ParOldGen       total 175104K, used 9959K [0x00000000e0000000, 0x00000000eab00000, 0x00000000f5580000)
  object space 175104K, 5% used [0x00000000e0000000,0x00000000e09b9ef8,0x00000000eab00000)
 Metaspace       used 32798K, capacity 34174K, committed 34432K, reserved 1079296K
  class space    used 4650K, capacity 4939K, committed 4992K, reserved 1048576K
}
Event: 21.534 GC heap before
{Heap before GC invocations=8 (full 1):
 PSYoungGen      total 103936K, used 35456K [0x00000000f5580000, 0x00000000fca80000, 0x0000000100000000)
  eden space 91136K, 27% used [0x00000000f5580000,0x00000000f6e55158,0x00000000fae80000)
  from space 12800K, 78% used [0x00000000fbb80000,0x00000000fc54b078,0x00000000fc800000)
  to   space 13312K, 0% used [0x00000000fae80000,0x00000000fae80000,0x00000000fbb80000)
 ParOldGen       total 175104K, used 9959K [0x00000000e0000000, 0x00000000eab00000, 0x00000000f5580000)
  object space 175104K, 5% used [0x00000000e0000000,0x00000000e09b9ef8,0x00000000eab00000)
 Metaspace       used 34019K, capacity 35368K, committed 35456K, reserved 1079296K
  class space    used 4869K, capacity 5176K, committed 5248K, reserved 1048576K
Event: 21.556 GC heap after
Heap after GC invocations=8 (full 1):
 PSYoungGen      total 104448K, used 7823K [0x00000000f5580000, 0x00000000ff200000, 0x0000000100000000)
  eden space 91136K, 0% used [0x00000000f5580000,0x00000000f5580000,0x00000000fae80000)
  from space 13312K, 58% used [0x00000000fae80000,0x00000000fb623ef0,0x00000000fbb80000)
  to   space 12800K, 0% used [0x00000000fe580000,0x00000000fe580000,0x00000000ff200000)
 ParOldGen       total 175104K, used 9967K [0x00000000e0000000, 0x00000000eab00000, 0x00000000f5580000)
  object space 175104K, 5% used [0x00000000e0000000,0x00000000e09bbef8,0x00000000eab00000)
 Metaspace       used 34019K, capacity 35368K, committed 35456K, reserved 1079296K
  class space    used 4869K, capacity 5176K, committed 5248K, reserved 1048576K
}
Event: 21.556 GC heap before
{Heap before GC invocations=9 (full 2):
 PSYoungGen      total 104448K, used 7823K [0x00000000f5580000, 0x00000000ff200000, 0x0000000100000000)
  eden space 91136K, 0% used [0x00000000f5580000,0x00000000f5580000,0x00000000fae80000)
  from space 13312K, 58% used [0x00000000fae80000,0x00000000fb623ef0,0x00000000fbb80000)
  to   space 12800K, 0% used [0x00000000fe580000,0x00000000fe580000,0x00000000ff200000)
 ParOldGen       total 175104K, used 9967K [0x00000000e0000000, 0x00000000eab00000, 0x00000000f5580000)
  object space 175104K, 5% used [0x00000000e0000000,0x00000000e09bbef8,0x00000000eab00000)
 Metaspace       used 34019K, capacity 35368K, committed 35456K, reserved 1079296K
  class space    used 4869K, capacity 5176K, committed 5248K, reserved 1048576K
Event: 21.663 GC heap after
Heap after GC invocations=9 (full 2):
 PSYoungGen      total 104448K, used 0K [0x00000000f5580000, 0x00000000ff200000, 0x0000000100000000)
  eden space 91136K, 0% used [0x00000000f5580000,0x00000000f5580000,0x00000000fae80000)
  from space 13312K, 0% used [0x00000000fae80000,0x00000000fae80000,0x00000000fbb80000)
  to   space 12800K, 0% used [0x00000000fe580000,0x00000000fe580000,0x00000000ff200000)
 ParOldGen       total 175104K, used 15193K [0x00000000e0000000, 0x00000000eab00000, 0x00000000f5580000)
  object space 175104K, 8% used [0x00000000e0000000,0x00000000e0ed66a8,0x00000000eab00000)
 Metaspace       used 34019K, capacity 35368K, committed 35456K, reserved 1079296K
  class space    used 4869K, capacity 5176K, committed 5248K, reserved 1048576K
}
Event: 27.833 GC heap before
{Heap before GC invocations=10 (full 2):
 PSYoungGen      total 104448K, used 91136K [0x00000000f5580000, 0x00000000ff200000, 0x0000000100000000)
  eden space 91136K, 100% used [0x00000000f5580000,0x00000000fae80000,0x00000000fae80000)
  from space 13312K, 0% used [0x00000000fae80000,0x00000000fae80000,0x00000000fbb80000)
  to   space 12800K, 0% used [0x00000000fe580000,0x00000000fe580000,0x00000000ff200000)
 ParOldGen       total 175104K, used 15193K [0x00000000e0000000, 0x00000000eab00000, 0x00000000f5580000)
  object space 175104K, 8% used [0x00000000e0000000,0x00000000e0ed66a8,0x00000000eab00000)
 Metaspace       used 38545K, capacity 40218K, committed 40448K, reserved 1083392K
  class space    used 5507K, capacity 5867K, committed 5888K, reserved 1048576K
Event: 27.844 GC heap after
Heap after GC invocations=10 (full 2):
 PSYoungGen      total 133632K, used 5737K [0x00000000f5580000, 0x00000000feb80000, 0x0000000100000000)
  eden space 127488K, 0% used [0x00000000f5580000,0x00000000f5580000,0x00000000fd200000)
  from space 6144K, 93% used [0x00000000fe580000,0x00000000feb1a730,0x00000000feb80000)
  to   space 12800K, 0% used [0x00000000fd280000,0x00000000fd280000,0x00000000fdf00000)
 ParOldGen       total 175104K, used 15193K [0x00000000e0000000, 0x00000000eab00000, 0x00000000f5580000)
  object space 175104K, 8% used [0x00000000e0000000,0x00000000e0ed66a8,0x00000000eab00000)
 Metaspace       used 38545K, capacity 40218K, committed 40448K, reserved 1083392K
  class space    used 5507K, capacity 5867K, committed 5888K, reserved 1048576K
}
Event: 37.260 GC heap before
{Heap before GC invocations=11 (full 2):
 PSYoungGen      total 133632K, used 133225K [0x00000000f5580000, 0x00000000feb80000, 0x0000000100000000)
  eden space 127488K, 100% used [0x00000000f5580000,0x00000000fd200000,0x00000000fd200000)
  from space 6144K, 93% used [0x00000000fe580000,0x00000000feb1a730,0x00000000feb80000)
  to   space 12800K, 0% used [0x00000000fd280000,0x00000000fd280000,0x00000000fdf00000)
 ParOldGen       total 175104K, used 15193K [0x00000000e0000000, 0x00000000eab00000, 0x00000000f5580000)
  object space 175104K, 8% used [0x00000000e0000000,0x00000000e0ed66a8,0x00000000eab00000)
 Metaspace       used 45098K, capacity 47746K, committed 47872K, reserved 1089536K
  class space    used 6591K, capacity 7098K, committed 7168K, reserved 1048576K
Event: 37.293 GC heap after
Heap after GC invocations=11 (full 2):
 PSYoungGen      total 140288K, used 11444K [0x00000000f5580000, 0x00000000feb80000, 0x0000000100000000)
  eden space 127488K, 0% used [0x00000000f5580000,0x00000000f5580000,0x00000000fd200000)
  from space 12800K, 89% used [0x00000000fd280000,0x00000000fddad298,0x00000000fdf00000)
  to   space 6144K, 0% used [0x00000000fe580000,0x00000000fe580000,0x00000000feb80000)
 ParOldGen       total 175104K, used 15201K [0x00000000e0000000, 0x00000000eab00000, 0x00000000f5580000)
  object space 175104K, 8% used [0x00000000e0000000,0x00000000e0ed86a8,0x00000000eab00000)
 Metaspace       used 45098K, capacity 47746K, committed 47872K, reserved 1089536K
  class space    used 6591K, capacity 7098K, committed 7168K, reserved 1048576K
}

Deoptimization events (10 events):
Event: 34.847 Thread 0x00000000182db800 Uncommon trap: reason=unstable_if action=reinterpret pc=0x0000000003464020 method=java.util.HashMap.getNode(ILjava/lang/Object;)Ljava/util/HashMap$Node; @ 84
Event: 35.628 Thread 0x00000000182db800 Uncommon trap: reason=unstable_if action=reinterpret pc=0x0000000003bfdfe8 method=org.objectweb.asm.Type.getArgumentsAndReturnSizes(Ljava/lang/String;)I @ 117
Event: 36.175 Thread 0x00000000182db800 Uncommon trap: reason=bimorphic action=maybe_recompile pc=0x000000000391ecc4 method=java.util.AbstractCollection.addAll(Ljava/util/Collection;)Z @ 29
Event: 36.199 Thread 0x00000000182db800 Uncommon trap: reason=bimorphic action=maybe_recompile pc=0x000000000391ecc4 method=java.util.AbstractCollection.addAll(Ljava/util/Collection;)Z @ 29
Event: 36.253 Thread 0x00000000182db800 Uncommon trap: reason=unstable_if action=reinterpret pc=0x0000000003b20094 method=java.util.HashMap.putVal(ILjava/lang/Object;Ljava/lang/Object;ZZ)Ljava/lang/Object; @ 109
Event: 36.253 Thread 0x00000000182db800 Uncommon trap: reason=unstable_if action=reinterpret pc=0x0000000003afada0 method=java.util.HashMap.putVal(ILjava/lang/Object;Ljava/lang/Object;ZZ)Ljava/lang/Object; @ 109
Event: 37.238 Thread 0x00000000182db800 Uncommon trap: reason=bimorphic action=maybe_recompile pc=0x0000000003d494b8 method=com.google.common.collect.AbstractIndexedListIterator.next()Ljava/lang/Object; @ 27
Event: 37.242 Thread 0x00000000182db800 Uncommon trap: reason=bimorphic action=maybe_recompile pc=0x0000000003d494b8 method=com.google.common.collect.AbstractIndexedListIterator.next()Ljava/lang/Object; @ 27
Event: 37.243 Thread 0x00000000182db800 Uncommon trap: reason=bimorphic action=maybe_recompile pc=0x0000000003d494b8 method=com.google.common.collect.AbstractIndexedListIterator.next()Ljava/lang/Object; @ 27
Event: 37.243 Thread 0x00000000182db800 Uncommon trap: reason=bimorphic action=maybe_recompile pc=0x0000000003d494b8 method=com.google.common.collect.AbstractIndexedListIterator.next()Ljava/lang/Object; @ 27

Classes redefined (0 events):
No events

Internal exceptions (10 events):
Event: 35.947 Thread 0x00000000182db800 Exception <a 'java/lang/ClassNotFoundException': org/gradle/api/tasks/testing/AbstractTestTaskBeanInfo> (0x00000000fbcace30) thrown at [C:\jenkins\workspace\8-2-build-windows-amd64-cygwin\jdk8u251\737\hotspot\src\share\vm\classfile\systemDictionary.cpp, l
Event: 35.949 Thread 0x00000000182db800 Exception <a 'java/lang/ClassNotFoundException': org/gradle/api/internal/ConventionTaskBeanInfo> (0x00000000fbce28a8) thrown at [C:\jenkins\workspace\8-2-build-windows-amd64-cygwin\jdk8u251\737\hotspot\src\share\vm\classfile\systemDictionary.cpp, line 210
Event: 35.951 Thread 0x00000000182db800 Exception <a 'java/lang/ClassNotFoundException': org/gradle/api/DefaultTaskBeanInfo> (0x00000000fbd0f6b8) thrown at [C:\jenkins\workspace\8-2-build-windows-amd64-cygwin\jdk8u251\737\hotspot\src\share\vm\classfile\systemDictionary.cpp, line 210]
Event: 35.953 Thread 0x00000000182db800 Exception <a 'java/lang/ClassNotFoundException': org/gradle/api/internal/AbstractTaskBeanInfo> (0x00000000fbd446a0) thrown at [C:\jenkins\workspace\8-2-build-windows-amd64-cygwin\jdk8u251\737\hotspot\src\share\vm\classfile\systemDictionary.cpp, line 210]
Event: 35.955 Thread 0x00000000182db800 Exception <a 'java/lang/ClassNotFoundException': org/gradle/api/internal/AbstractTaskCustomizer> (0x00000000fbd7a488) thrown at [C:\jenkins\workspace\8-2-build-windows-amd64-cygwin\jdk8u251\737\hotspot\src\share\vm\classfile\systemDictionary.cpp, line 210
Event: 36.009 Thread 0x00000000182db800 Exception <a 'java/lang/ClassNotFoundException': org/gradle/api/DefaultTaskCustomizer> (0x00000000fbe1f830) thrown at [C:\jenkins\workspace\8-2-build-windows-amd64-cygwin\jdk8u251\737\hotspot\src\share\vm\classfile\systemDictionary.cpp, line 210]
Event: 36.018 Thread 0x00000000182db800 Exception <a 'java/lang/ClassNotFoundException': org/gradle/api/internal/ConventionTaskCustomizer> (0x00000000fbeca358) thrown at [C:\jenkins\workspace\8-2-build-windows-amd64-cygwin\jdk8u251\737\hotspot\src\share\vm\classfile\systemDictionary.cpp, line 2
Event: 36.023 Thread 0x00000000182db800 Exception <a 'java/lang/ClassNotFoundException': org/gradle/api/tasks/testing/AbstractTestTaskCustomizer> (0x00000000fbf2adb8) thrown at [C:\jenkins\workspace\8-2-build-windows-amd64-cygwin\jdk8u251\737\hotspot\src\share\vm\classfile\systemDictionary.cpp,
Event: 36.029 Thread 0x00000000182db800 Exception <a 'java/lang/ClassNotFoundException': org/gradle/api/tasks/testing/TestCustomizer> (0x00000000fbf9b988) thrown at [C:\jenkins\workspace\8-2-build-windows-amd64-cygwin\jdk8u251\737\hotspot\src\share\vm\classfile\systemDictionary.cpp, line 210]
Event: 36.039 Thread 0x00000000182db800 Exception <a 'java/lang/ClassNotFoundException': org/gradle/api/tasks/testing/Test_DecoratedCustomizer> (0x00000000fc0c6f58) thrown at [C:\jenkins\workspace\8-2-build-windows-amd64-cygwin\jdk8u251\737\hotspot\src\share\vm\classfile\systemDictionary.cpp, l

Events (10 events):
Event: 37.324 loading class org/gradle/execution/plan/DefaultPlanExecutor$ExecutorWorker
Event: 37.324 loading class org/gradle/execution/plan/DefaultPlanExecutor$ExecutorWorker done
Event: 37.325 loading class com/google/common/cache/RemovalCause
Event: 37.325 loading class com/google/common/cache/RemovalCause done
Event: 37.325 loading class org/gradle/api/internal/tasks/properties/DefaultTaskProperties
Event: 37.325 loading class com/google/common/cache/RemovalCause$1
Event: 37.325 loading class org/gradle/api/internal/tasks/properties/DefaultTaskProperties done
Event: 37.325 loading class com/google/common/cache/RemovalCause$1 done
Event: 37.326 loading class com/google/common/cache/RemovalCause$2
Event: 37.326 loading class com/google/common/cache/RemovalCause$2 done


Dynamic libraries:
0x00007ff6e5d80000 - 0x00007ff6e5db7000 	C:\Program Files\Java\jdk1.8.0_251\bin\java.exe
0x00007ffc5ec30000 - 0x00007ffc5ee25000 	C:\Windows\SYSTEM32\ntdll.dll
0x00007ffc5dcc0000 - 0x00007ffc5dd7e000 	C:\Windows\System32\KERNEL32.DLL
0x00007ffc5c650000 - 0x00007ffc5c918000 	C:\Windows\System32\KERNELBASE.dll
0x00007ffc5e820000 - 0x00007ffc5e8ce000 	C:\Windows\System32\ADVAPI32.dll
0x00007ffc5cec0000 - 0x00007ffc5cf5e000 	C:\Windows\System32\msvcrt.dll
0x00007ffc5de30000 - 0x00007ffc5decc000 	C:\Windows\System32\sechost.dll
0x00007ffc5e620000 - 0x00007ffc5e745000 	C:\Windows\System32\RPCRT4.dll
0x00007ffc5d450000 - 0x00007ffc5d5f1000 	C:\Windows\System32\USER32.dll
0x00007ffc5cc10000 - 0x00007ffc5cc32000 	C:\Windows\System32\win32u.dll
0x00007ffc5db30000 - 0x00007ffc5db5b000 	C:\Windows\System32\GDI32.dll
0x00007ffc5c4f0000 - 0x00007ffc5c5fd000 	C:\Windows\System32\gdi32full.dll
0x00007ffc5c340000 - 0x00007ffc5c3dd000 	C:\Windows\System32\msvcp_win.dll
0x00007ffc5c920000 - 0x00007ffc5ca20000 	C:\Windows\System32\ucrtbase.dll
0x00007ffc49980000 - 0x00007ffc49c1a000 	C:\Windows\WinSxS\amd64_microsoft.windows.common-controls_6595b64144ccf1df_6.0.19041.1110_none_60b5254171f9507e\COMCTL32.dll
0x00007ffc5dd90000 - 0x00007ffc5ddc0000 	C:\Windows\System32\IMM32.DLL
0x0000000052560000 - 0x0000000052632000 	C:\Program Files\Java\jdk1.8.0_251\jre\bin\msvcr100.dll
0x0000000051cb0000 - 0x000000005255b000 	C:\Program Files\Java\jdk1.8.0_251\jre\bin\server\jvm.dll
0x00007ffc5db60000 - 0x00007ffc5db68000 	C:\Windows\System32\PSAPI.DLL
0x00007ffc56160000 - 0x00007ffc56169000 	C:\Windows\SYSTEM32\WSOCK32.dll
0x00007ffc54180000 - 0x00007ffc541a7000 	C:\Windows\SYSTEM32\WINMM.dll
0x00007ffc5ddc0000 - 0x00007ffc5de2b000 	C:\Windows\System32\WS2_32.dll
0x00007ffc51c80000 - 0x00007ffc51c8a000 	C:\Windows\SYSTEM32\VERSION.dll
0x00007ffc59310000 - 0x00007ffc5931f000 	C:\Program Files\Java\jdk1.8.0_251\jre\bin\verify.dll
0x00007ffc51480000 - 0x00007ffc514a9000 	C:\Program Files\Java\jdk1.8.0_251\jre\bin\java.dll
0x00007ffc55860000 - 0x00007ffc55876000 	C:\Program Files\Java\jdk1.8.0_251\jre\bin\zip.dll
0x00007ffc5ded0000 - 0x00007ffc5e614000 	C:\Windows\System32\SHELL32.dll
0x00007ffc5a430000 - 0x00007ffc5abc5000 	C:\Windows\SYSTEM32\windows.storage.dll
0x00007ffc5cf60000 - 0x00007ffc5d2b5000 	C:\Windows\System32\combase.dll
0x00007ffc5bd20000 - 0x00007ffc5bd4e000 	C:\Windows\SYSTEM32\Wldp.dll
0x00007ffc5ce10000 - 0x00007ffc5cebd000 	C:\Windows\System32\SHCORE.dll
0x00007ffc5cd90000 - 0x00007ffc5cde5000 	C:\Windows\System32\shlwapi.dll
0x00007ffc5c280000 - 0x00007ffc5c29f000 	C:\Windows\SYSTEM32\profapi.dll
0x00007ffc54bc0000 - 0x00007ffc54bda000 	C:\Program Files\Java\jdk1.8.0_251\jre\bin\net.dll
0x00007ffc5ba20000 - 0x00007ffc5ba8a000 	C:\Windows\system32\mswsock.dll
0x00007ffc51460000 - 0x00007ffc51472000 	C:\Program Files\Java\jdk1.8.0_251\jre\bin\nio.dll
0x00007ffc514b0000 - 0x00007ffc514d7000 	C:\Users\Admin\.gradle\native\e1d6ef7f7dcc3fd88c89a11ec53ec762bb8ba0a96d01ffa2cd45eb1d1d8dd5c5\windows-amd64\native-platform.dll
0x00007ffc50b00000 - 0x00007ffc50c44000 	C:\Users\Admin\.gradle\native\5664cfc778a61ccfe75a443a1ab52a65af34e5dc3c78e0209fed803814484fcb\windows-amd64\native-platform-file-events.dll
0x00007ffc57a00000 - 0x00007ffc57a0d000 	C:\Program Files\Java\jdk1.8.0_251\jre\bin\management.dll
0x00007ffc5bc10000 - 0x00007ffc5bc28000 	C:\Windows\SYSTEM32\CRYPTSP.dll
0x00007ffc5b3a0000 - 0x00007ffc5b3d4000 	C:\Windows\system32\rsaenh.dll
0x00007ffc5cc40000 - 0x00007ffc5cc67000 	C:\Windows\System32\bcrypt.dll
0x00007ffc5c200000 - 0x00007ffc5c22e000 	C:\Windows\SYSTEM32\USERENV.dll
0x00007ffc5cb80000 - 0x00007ffc5cc02000 	C:\Windows\System32\bcryptprimitives.dll
0x00007ffc5bc30000 - 0x00007ffc5bc3c000 	C:\Windows\SYSTEM32\CRYPTBASE.dll
0x00007ffc5b710000 - 0x00007ffc5b74b000 	C:\Windows\SYSTEM32\IPHLPAPI.DLL
0x00007ffc5db70000 - 0x00007ffc5db78000 	C:\Windows\System32\NSI.dll
0x00007ffc52110000 - 0x00007ffc52127000 	C:\Windows\SYSTEM32\dhcpcsvc6.DLL
0x00007ffc54160000 - 0x00007ffc5417d000 	C:\Windows\SYSTEM32\dhcpcsvc.DLL
0x00007ffc5b750000 - 0x00007ffc5b81b000 	C:\Windows\SYSTEM32\DNSAPI.dll

VM Arguments:
jvm_args: -XX:MaxMetaspaceSize=256m -XX:+HeapDumpOnOutOfMemoryError -Xms256m -Xmx512m -Dfile.encoding=windows-1252 -Duser.country=US -Duser.language=en -Duser.variant 
java_command: org.gradle.launcher.daemon.bootstrap.GradleDaemon 7.3.2
java_class_path (initial): C:\Users\Admin\.gradle\wrapper\dists\gradle-7.3.2-all\4h7zmfyirw3l9vsxqbzv7bhr8\gradle-7.3.2\lib\gradle-launcher-7.3.2.jar
Launcher Type: SUN_STANDARD

Environment Variables:
PATH=C:\Program Files (x86)\Common Files\Oracle\Java\javapath;C:\Windows\system32;C:\Windows;C:\Windows\System32\Wbem;C:\Windows\System32\WindowsPowerShell\v1.0\;C:\Windows\System32\OpenSSH\;C:\Program Files\Git\cmd;C:\Users\Admin\AppData\Local\Microsoft\WindowsApps;
USERNAME=Admin
OS=Windows_NT
PROCESSOR_IDENTIFIER=Intel64 Family 6 Model 58 Stepping 9, GenuineIntel



---------------  S Y S T E M  ---------------

OS: Windows 10.0 , 64 bit Build 19041 (10.0.19041.1466)

CPU:total 4 (initial active 4) (2 cores per cpu, 2 threads per core) family 6 model 58 stepping 9, cmov, cx8, fxsr, mmx, sse, sse2, sse3, ssse3, sse4.1, sse4.2, popcnt, avx, clmul, erms, ht, tsc, tscinvbit, tscinv

Memory: 4k page, physical 8260968k(1074360k free), swap 8260968k(28528k free)

vm_info: Java HotSpot(TM) 64-Bit Server VM (25.251-b08) for windows-amd64 JRE (1.8.0_251-b08), built on Mar 12 2020 06:31:49 by "" with MS VC++ 10.0 (VS2010)

time: Wed Jan 19 18:56:40 2022
timezone: SE Asia Standard Time
elapsed time: 37 seconds (0d 0h 0m 37s)

